-- $/Design Business Object Definition/ReferenceDate
DELETE h FROM [dbo].[Hierarchy] h WHERE h.UniformKey = '29a6412b-eff0-48b8-ad6d-05ab4877d3ac' 
DELETE h FROM [dbo].[Hierarchy] h WHERE h.UniformKey = '8f75fb15-4de0-44ee-965c-bc871780941f' 
DELETE FROM [dbo].[DocumentMain]
 WHERE [DocumentKey] = '29a6412b-eff0-48b8-ad6d-05ab4877d3ac' 
(0 rows affected)
(1 row affected)
(1 row affected)

-- $/Design Business Object Definition/CMNotificationsDue
DELETE h FROM [dbo].[Hierarchy] h WHERE h.UniformKey = 'd49ea601-d579-4f0b-8c34-0a18afcef4b1' 
DELETE h FROM [dbo].[Hierarchy] h WHERE h.UniformKey = 'c0fbc195-3cc7-4e11-ac0b-8f6aacfe25ec' 
DELETE FROM [dbo].[DocumentMain]
 WHERE [DocumentKey] = 'd49ea601-d579-4f0b-8c34-0a18afcef4b1' 
(0 rows affected)
(1 row affected)
(1 row affected)

-- $/Design Business Object Definition/CsTaxCategory
DELETE h FROM [dbo].[Hierarchy] h WHERE h.UniformKey = 'f8893e7c-5305-471b-8662-0dc1302f58a4' 
DELETE h FROM [dbo].[Hierarchy] h WHERE h.UniformKey = 'c0fae570-99f4-423b-a0f9-680e1472fa22' 
DELETE FROM [dbo].[DocumentMain]
 WHERE [DocumentKey] = 'f8893e7c-5305-471b-8662-0dc1302f58a4' 
(0 rows affected)
(1 row affected)
(1 row affected)

-- $/Design Business Object Definition/ExpiredMemberUpdateDetailLog
DELETE h FROM [dbo].[Hierarchy] h WHERE h.UniformKey = '5e6daf92-9895-458c-a3b8-12e250539fea' 
DELETE h FROM [dbo].[Hierarchy] h WHERE h.UniformKey = '8858f33b-8c67-455d-a793-9f98140c1b9d' 
DELETE FROM [dbo].[DocumentMain]
 WHERE [DocumentKey] = '5e6daf92-9895-458c-a3b8-12e250539fea' 
(0 rows affected)
(1 row affected)
(1 row affected)

-- $/Design Business Object Definition/NetContactBasic
DELETE h FROM [dbo].[Hierarchy] h WHERE h.UniformKey = '3205e3c7-22ad-45ae-b6ff-1588aa5c8eef' 
DELETE h FROM [dbo].[Hierarchy] h WHERE h.UniformKey = '79645566-18cb-4e3f-8fc2-39e835b3d4d8' 
DELETE FROM [dbo].[DocumentMain]
 WHERE [DocumentKey] = '3205e3c7-22ad-45ae-b6ff-1588aa5c8eef' 
(0 rows affected)
(1 row affected)
(1 row affected)

-- $/Design Business Object Definition/PriceSheet
DELETE h FROM [dbo].[Hierarchy] h WHERE h.UniformKey = '8893c02e-d1c2-43b3-b5f0-1b970f15efb4' 
DELETE h FROM [dbo].[Hierarchy] h WHERE h.UniformKey = '24591392-ea1d-442c-88c2-b2356effe13d' 
DELETE FROM [dbo].[DocumentMain]
 WHERE [DocumentKey] = '8893c02e-d1c2-43b3-b5f0-1b970f15efb4' 
(0 rows affected)
(1 row affected)
(1 row affected)

-- $/Design Business Object Definition/GLDailyTransactionData
DELETE h FROM [dbo].[Hierarchy] h WHERE h.UniformKey = 'ec9fa596-82d8-4cd0-8367-1c0b0843083a' 
DELETE h FROM [dbo].[Hierarchy] h WHERE h.UniformKey = '84d435ca-743f-497e-8aa3-35548b57661c' 
DELETE FROM [dbo].[DocumentMain]
 WHERE [DocumentKey] = 'ec9fa596-82d8-4cd0-8367-1c0b0843083a' 
(0 rows affected)
(1 row affected)
(1 row affected)

-- $/Design Business Object Definition/EngagementScoreResult
DELETE h FROM [dbo].[Hierarchy] h WHERE h.UniformKey = 'ab512b15-da7c-44c7-adf5-24bd33fe5fbb' 
DELETE h FROM [dbo].[Hierarchy] h WHERE h.UniformKey = 'd694fb54-7fcd-4d3f-b718-598458ebb7b9' 
DELETE FROM [dbo].[DocumentMain]
 WHERE [DocumentKey] = 'ab512b15-da7c-44c7-adf5-24bd33fe5fbb' 
(0 rows affected)
(1 row affected)
(1 row affected)

-- $/Design Business Object Definition/SystemParamInt
DELETE h FROM [dbo].[Hierarchy] h WHERE h.UniformKey = '122e1131-1ea9-489d-931c-261249dded51' 
DELETE h FROM [dbo].[Hierarchy] h WHERE h.UniformKey = '323647be-2604-4d94-99ff-d2a52d0b6645' 
DELETE FROM [dbo].[DocumentMain]
 WHERE [DocumentKey] = '122e1131-1ea9-489d-931c-261249dded51' 
(0 rows affected)
(1 row affected)
(1 row affected)

-- $/Design Business Object Definition/GiftSummary
DELETE h FROM [dbo].[Hierarchy] h WHERE h.UniformKey = '981b93c4-9d73-4da0-9ed5-27d4a44bde36' 
DELETE h FROM [dbo].[Hierarchy] h WHERE h.UniformKey = 'd33549f9-fe0d-44ec-8a43-68b33f4127a7' 
DELETE FROM [dbo].[DocumentMain]
 WHERE [DocumentKey] = '981b93c4-9d73-4da0-9ed5-27d4a44bde36' 
(0 rows affected)
(1 row affected)
(1 row affected)

-- $/Design Business Object Definition/VolunteerAvailability
DELETE h FROM [dbo].[Hierarchy] h WHERE h.UniformKey = '562642c7-ed70-4837-a8d8-2b68d5c3d251' 
DELETE h FROM [dbo].[Hierarchy] h WHERE h.UniformKey = '6bd271ef-3fbb-4507-973c-cbc78cdff18c' 
DELETE FROM [dbo].[DocumentMain]
 WHERE [DocumentKey] = '562642c7-ed70-4837-a8d8-2b68d5c3d251' 
(0 rows affected)
(1 row affected)
(1 row affected)

-- $/Design Business Object Definition/GLExportFormatTypeRef
DELETE h FROM [dbo].[Hierarchy] h WHERE h.UniformKey = '9a22762c-3ceb-4b73-bf68-2c611c528c75' 
DELETE h FROM [dbo].[Hierarchy] h WHERE h.UniformKey = 'b1b7c6b9-f87d-4d22-8f99-c59eef7c8fff' 
DELETE FROM [dbo].[DocumentMain]
 WHERE [DocumentKey] = '9a22762c-3ceb-4b73-bf68-2c611c528c75' 
(0 rows affected)
(1 row affected)
(1 row affected)

-- $/Design Business Object Definition/EngagementScoreCurrentData
DELETE h FROM [dbo].[Hierarchy] h WHERE h.UniformKey = 'df037907-60fe-41dd-84eb-303f11820f79' 
DELETE h FROM [dbo].[Hierarchy] h WHERE h.UniformKey = '9d8e0454-ef12-4c49-b4a0-12e7e20763a6' 
DELETE FROM [dbo].[DocumentMain]
 WHERE [DocumentKey] = 'df037907-60fe-41dd-84eb-303f11820f79' 
(0 rows affected)
(1 row affected)
(1 row affected)

-- $/Design Business Object Definition/CsFreightQuantity
DELETE h FROM [dbo].[Hierarchy] h WHERE h.UniformKey = '4e4a905b-263b-4e3e-9c77-3489a704022c' 
DELETE h FROM [dbo].[Hierarchy] h WHERE h.UniformKey = '32522c57-720a-451a-8d81-58b426512350' 
DELETE FROM [dbo].[DocumentMain]
 WHERE [DocumentKey] = '4e4a905b-263b-4e3e-9c77-3489a704022c' 
(0 rows affected)
(1 row affected)
(1 row affected)

-- $/Design Business Object Definition/GLDetailDueToDueFromTransactionData
DELETE h FROM [dbo].[Hierarchy] h WHERE h.UniformKey = '8dd16926-4a5c-4869-8064-34bffaaf0255' 
DELETE h FROM [dbo].[Hierarchy] h WHERE h.UniformKey = 'b21941ad-7be5-438a-a102-74b2984e8e2a' 
DELETE FROM [dbo].[DocumentMain]
 WHERE [DocumentKey] = '8dd16926-4a5c-4869-8064-34bffaaf0255' 
(0 rows affected)
(1 row affected)
(1 row affected)

-- $/Design Business Object Definition/ProductPriceSheet
DELETE h FROM [dbo].[Hierarchy] h WHERE h.UniformKey = 'b3a33943-632a-43f9-a244-3b2b71ba1736' 
DELETE h FROM [dbo].[Hierarchy] h WHERE h.UniformKey = '6078a065-1261-48bf-9a5a-baed68001fc3' 
DELETE FROM [dbo].[DocumentMain]
 WHERE [DocumentKey] = 'b3a33943-632a-43f9-a244-3b2b71ba1736' 
(0 rows affected)
(1 row affected)
(1 row affected)

-- $/Design Business Object Definition/AdvancedEmailTwelveMonthsTotals
DELETE h FROM [dbo].[Hierarchy] h WHERE h.UniformKey = 'dd87e59b-4893-45ac-9c65-439a75381b2b' 
DELETE h FROM [dbo].[Hierarchy] h WHERE h.UniformKey = 'e8b826f6-7921-4ad7-bcc4-a739258b8da5' 
DELETE FROM [dbo].[DocumentMain]
 WHERE [DocumentKey] = 'dd87e59b-4893-45ac-9c65-439a75381b2b' 
(0 rows affected)
(1 row affected)
(1 row affected)

-- $/Design Business Object Definition/CsProductLocation
DELETE h FROM [dbo].[Hierarchy] h WHERE h.UniformKey = '837bc30c-4e41-4356-8798-4cb9092d17e6' 
DELETE h FROM [dbo].[Hierarchy] h WHERE h.UniformKey = 'e844bbea-2a58-43e5-9a11-1e9189e2b9c4' 
DELETE FROM [dbo].[DocumentMain]
 WHERE [DocumentKey] = '837bc30c-4e41-4356-8798-4cb9092d17e6' 
(0 rows affected)
(1 row affected)
(1 row affected)

-- $/Design Business Object Definition/MemorialTributeTypeRef
DELETE h FROM [dbo].[Hierarchy] h WHERE h.UniformKey = 'db16d3b4-7046-4f27-889b-4dc0fcbce272' 
DELETE h FROM [dbo].[Hierarchy] h WHERE h.UniformKey = '7f102b31-6ad4-4167-bb12-9c55feb63e22' 
DELETE FROM [dbo].[DocumentMain]
 WHERE [DocumentKey] = 'db16d3b4-7046-4f27-889b-4dc0fcbce272' 
(0 rows affected)
(1 row affected)
(1 row affected)

-- $/Design Business Object Definition/DayOfTheWeekRef
DELETE h FROM [dbo].[Hierarchy] h WHERE h.UniformKey = '9c6ca2ea-b95c-4ee5-9f20-530634c97d55' 
DELETE h FROM [dbo].[Hierarchy] h WHERE h.UniformKey = '44e54be3-c8f2-4291-a5b0-8e6c6d911d01' 
DELETE FROM [dbo].[DocumentMain]
 WHERE [DocumentKey] = '9c6ca2ea-b95c-4ee5-9f20-530634c97d55' 
(0 rows affected)
(1 row affected)
(1 row affected)

-- $/Design Business Object Definition/PercentileRanking
DELETE h FROM [dbo].[Hierarchy] h WHERE h.UniformKey = 'c135cc8a-774b-4d7c-901b-58187e832194' 
DELETE h FROM [dbo].[Hierarchy] h WHERE h.UniformKey = '3adb975f-3fc6-4a06-8718-90c7f6e0f721' 
DELETE FROM [dbo].[DocumentMain]
 WHERE [DocumentKey] = 'c135cc8a-774b-4d7c-901b-58187e832194' 
(0 rows affected)
(1 row affected)
(1 row affected)

-- $/Design Business Object Definition/GLDueToDueFromTransactionData
DELETE h FROM [dbo].[Hierarchy] h WHERE h.UniformKey = '2164c15c-a133-4b4f-9dde-617b42a6eca6' 
DELETE h FROM [dbo].[Hierarchy] h WHERE h.UniformKey = '67389b62-d8e3-4979-a791-0360fa7baa87' 
DELETE FROM [dbo].[DocumentMain]
 WHERE [DocumentKey] = '2164c15c-a133-4b4f-9dde-617b42a6eca6' 
(0 rows affected)
(1 row affected)
(1 row affected)

-- $/Design Business Object Definition/GLBatchTransactionData
DELETE h FROM [dbo].[Hierarchy] h WHERE h.UniformKey = 'c2ecd7e2-bd79-4634-bfc9-617d2ac23689' 
DELETE h FROM [dbo].[Hierarchy] h WHERE h.UniformKey = '9bfa1768-9dae-4eb9-a08b-2681a526b3ce' 
DELETE FROM [dbo].[DocumentMain]
 WHERE [DocumentKey] = 'c2ecd7e2-bd79-4634-bfc9-617d2ac23689' 
(0 rows affected)
(1 row affected)
(1 row affected)

-- $/Design Business Object Definition/CsFreightDollar
DELETE h FROM [dbo].[Hierarchy] h WHERE h.UniformKey = '66ccec2e-3196-42f9-a1ba-69822888b17c' 
DELETE h FROM [dbo].[Hierarchy] h WHERE h.UniformKey = 'f205d633-b685-4212-bc52-61ed27838ef0' 
DELETE FROM [dbo].[DocumentMain]
 WHERE [DocumentKey] = '66ccec2e-3196-42f9-a1ba-69822888b17c' 
(0 rows affected)
(1 row affected)
(1 row affected)

-- $/Design Business Object Definition/BillingLogByParty
DELETE h FROM [dbo].[Hierarchy] h WHERE h.UniformKey = '7b005ab4-3cf1-4977-8440-7015d0ade867' 
DELETE h FROM [dbo].[Hierarchy] h WHERE h.UniformKey = 'f5f42c72-3117-4445-a167-ada032ef5ef8' 
DELETE FROM [dbo].[DocumentMain]
 WHERE [DocumentKey] = '7b005ab4-3cf1-4977-8440-7015d0ade867' 
(0 rows affected)
(1 row affected)
(1 row affected)

-- $/Design Business Object Definition/AdvancedEmailNinetyDaysEvents
DELETE h FROM [dbo].[Hierarchy] h WHERE h.UniformKey = 'b7c39452-fc71-4aca-9062-70545eb75df8' 
DELETE h FROM [dbo].[Hierarchy] h WHERE h.UniformKey = 'c84c5276-82e2-4c47-8eec-ef8361841914' 
DELETE FROM [dbo].[DocumentMain]
 WHERE [DocumentKey] = 'b7c39452-fc71-4aca-9062-70545eb75df8' 
(0 rows affected)
(1 row affected)
(1 row affected)

-- $/Design Business Object Definition/ProfileDocuments
DELETE h FROM [dbo].[Hierarchy] h WHERE h.UniformKey = '77dfdf6c-3028-4a3f-9dbd-749c6bb0fa71' 
DELETE h FROM [dbo].[Hierarchy] h WHERE h.UniformKey = '72a498bd-0bc7-4472-8f86-2b522d07e6b3' 
DELETE FROM [dbo].[DocumentMain]
 WHERE [DocumentKey] = '77dfdf6c-3028-4a3f-9dbd-749c6bb0fa71' 
(0 rows affected)
(1 row affected)
(1 row affected)

-- $/Design Business Object Definition/GLDetailTransactionData
DELETE h FROM [dbo].[Hierarchy] h WHERE h.UniformKey = '022afcc6-c603-4e4d-bdd7-808e77d5d072' 
DELETE h FROM [dbo].[Hierarchy] h WHERE h.UniformKey = '2563c4ea-f5a8-4c42-aa1e-83dfd2c43992' 
DELETE FROM [dbo].[DocumentMain]
 WHERE [DocumentKey] = '022afcc6-c603-4e4d-bdd7-808e77d5d072' 
(0 rows affected)
(1 row affected)
(1 row affected)

-- $/Design Business Object Definition/EngagementScoreYearlyData
DELETE h FROM [dbo].[Hierarchy] h WHERE h.UniformKey = 'b43ad65a-ea81-4c7b-aa80-82190c2893dd' 
DELETE h FROM [dbo].[Hierarchy] h WHERE h.UniformKey = 'fc559c74-148c-4e13-a3ec-6a2aff47cbc8' 
DELETE FROM [dbo].[DocumentMain]
 WHERE [DocumentKey] = 'b43ad65a-ea81-4c7b-aa80-82190c2893dd' 
(0 rows affected)
(1 row affected)
(1 row affected)

-- $/Design Business Object Definition/VolunteerSkills
DELETE h FROM [dbo].[Hierarchy] h WHERE h.UniformKey = '3728b88f-d02c-4c7e-bdd1-86b0f8dcef82' 
DELETE h FROM [dbo].[Hierarchy] h WHERE h.UniformKey = 'ef444251-8252-4e27-8ce3-f0ce890ddbdb' 
DELETE FROM [dbo].[DocumentMain]
 WHERE [DocumentKey] = '3728b88f-d02c-4c7e-bdd1-86b0f8dcef82' 
(0 rows affected)
(1 row affected)
(1 row affected)

-- $/Design Business Object Definition/EngagementCategory
DELETE h FROM [dbo].[Hierarchy] h WHERE h.UniformKey = '1d6af085-fb34-4a67-b314-8973ac247677' 
DELETE h FROM [dbo].[Hierarchy] h WHERE h.UniformKey = 'e5b45e7f-02fd-4aa8-a1a4-415b2f969fce' 
DELETE FROM [dbo].[DocumentMain]
 WHERE [DocumentKey] = '1d6af085-fb34-4a67-b314-8973ac247677' 
(0 rows affected)
(1 row affected)
(1 row affected)

-- $/Design Business Object Definition/CsContactBasic
DELETE h FROM [dbo].[Hierarchy] h WHERE h.UniformKey = '1d850851-444c-4994-9f8c-988346d65a2c' 
DELETE h FROM [dbo].[Hierarchy] h WHERE h.UniformKey = '0856c906-2ad5-4efa-8452-1403afc9f2c9' 
DELETE FROM [dbo].[DocumentMain]
 WHERE [DocumentKey] = '1d850851-444c-4994-9f8c-988346d65a2c' 
(0 rows affected)
(1 row affected)
(1 row affected)

-- $/Design Business Object Definition/CsAddressFormats
DELETE h FROM [dbo].[Hierarchy] h WHERE h.UniformKey = 'e875befb-3df6-4879-9ca0-9f7ea7152d41' 
DELETE h FROM [dbo].[Hierarchy] h WHERE h.UniformKey = 'be53ec8d-83dc-450c-ae7f-f24ad5c0a273' 
DELETE FROM [dbo].[DocumentMain]
 WHERE [DocumentKey] = 'e875befb-3df6-4879-9ca0-9f7ea7152d41' 
(0 rows affected)
(1 row affected)
(1 row affected)

-- $/Design Business Object Definition/CsTransNotify
DELETE h FROM [dbo].[Hierarchy] h WHERE h.UniformKey = '09e66b6a-c940-44fa-b5ea-a8ebc53e1747' 
DELETE h FROM [dbo].[Hierarchy] h WHERE h.UniformKey = 'afc2aeae-c3fc-47f2-bad1-b35cb00d1420' 
DELETE FROM [dbo].[DocumentMain]
 WHERE [DocumentKey] = '09e66b6a-c940-44fa-b5ea-a8ebc53e1747' 
(0 rows affected)
(1 row affected)
(1 row affected)

-- $/Design Business Object Definition/GLMonthlyTransactionData
DELETE h FROM [dbo].[Hierarchy] h WHERE h.UniformKey = '7b6980bb-0bd2-4e38-99dd-a92d943baf99' 
DELETE h FROM [dbo].[Hierarchy] h WHERE h.UniformKey = '4e6046ec-ee05-43cd-b69b-ef70aaffee6c' 
DELETE FROM [dbo].[DocumentMain]
 WHERE [DocumentKey] = '7b6980bb-0bd2-4e38-99dd-a92d943baf99' 
(0 rows affected)
(1 row affected)
(1 row affected)

-- $/Design Business Object Definition/EngagementScoreMonthlyData
DELETE h FROM [dbo].[Hierarchy] h WHERE h.UniformKey = 'c2270c71-01f3-4dbe-b59a-aaabd9dfc07d' 
DELETE h FROM [dbo].[Hierarchy] h WHERE h.UniformKey = '8ce88f43-cf0c-4215-bc52-b718ce4ed00f' 
DELETE FROM [dbo].[DocumentMain]
 WHERE [DocumentKey] = 'c2270c71-01f3-4dbe-b59a-aaabd9dfc07d' 
(0 rows affected)
(1 row affected)
(1 row affected)

-- $/Design Business Object Definition/VolunteerHistory
DELETE h FROM [dbo].[Hierarchy] h WHERE h.UniformKey = '0fb5a6c6-ac28-4f97-91e4-c5dfe8bd77c2' 
DELETE h FROM [dbo].[Hierarchy] h WHERE h.UniformKey = 'd694ec27-92f9-43c4-8fde-3825461fa238' 
DELETE FROM [dbo].[DocumentMain]
 WHERE [DocumentKey] = '0fb5a6c6-ac28-4f97-91e4-c5dfe8bd77c2' 
(0 rows affected)
(1 row affected)
(1 row affected)

-- $/Design Business Object Definition/GroupPriceSheet
DELETE h FROM [dbo].[Hierarchy] h WHERE h.UniformKey = '7ffbb207-9082-4b8b-85dc-c8d5264fdf1f' 
DELETE h FROM [dbo].[Hierarchy] h WHERE h.UniformKey = '31031339-42e6-43ef-bb32-75c72aea7d39' 
DELETE FROM [dbo].[DocumentMain]
 WHERE [DocumentKey] = '7ffbb207-9082-4b8b-85dc-c8d5264fdf1f' 
(0 rows affected)
(1 row affected)
(1 row affected)

-- $/Design Business Object Definition/FirstNotifyContactPerGift
DELETE h FROM [dbo].[Hierarchy] h WHERE h.UniformKey = '18295d0e-5f55-4047-988e-cca56d9513b2' 
DELETE h FROM [dbo].[Hierarchy] h WHERE h.UniformKey = '80ed27e9-0b3d-47b3-94d8-4fd37744d871' 
DELETE FROM [dbo].[DocumentMain]
 WHERE [DocumentKey] = '18295d0e-5f55-4047-988e-cca56d9513b2' 
(0 rows affected)
(1 row affected)
(1 row affected)

-- $/Design Business Object Definition/AutoPayMemberInstructionDetail
DELETE h FROM [dbo].[Hierarchy] h WHERE h.UniformKey = 'abb1b88f-5002-4306-aaba-cd5990b3f5cc' 
DELETE h FROM [dbo].[Hierarchy] h WHERE h.UniformKey = '8a1c2a1d-a831-4086-b88a-ffeacd0b05e3' 
DELETE FROM [dbo].[DocumentMain]
 WHERE [DocumentKey] = 'abb1b88f-5002-4306-aaba-cd5990b3f5cc' 
(0 rows affected)
(1 row affected)
(1 row affected)

-- $/Design Business Object Definition/AdvancedEmailTwelveMonthsDeliveredByDate
DELETE h FROM [dbo].[Hierarchy] h WHERE h.UniformKey = '8b82619d-1cbb-4627-aa60-d317fc5680d4' 
DELETE h FROM [dbo].[Hierarchy] h WHERE h.UniformKey = '7a84469d-e3ea-4319-bd45-4c4e568f143d' 
DELETE FROM [dbo].[DocumentMain]
 WHERE [DocumentKey] = '8b82619d-1cbb-4627-aa60-d317fc5680d4' 
(0 rows affected)
(1 row affected)
(1 row affected)

-- $/Design Business Object Definition/Promotion
DELETE h FROM [dbo].[Hierarchy] h WHERE h.UniformKey = '7c2569f1-36a5-489b-9343-d5108a9bb4e5' 
DELETE h FROM [dbo].[Hierarchy] h WHERE h.UniformKey = '898be3b2-7879-4933-8a59-75e9e7a7c8fd' 
DELETE FROM [dbo].[DocumentMain]
 WHERE [DocumentKey] = '7c2569f1-36a5-489b-9343-d5108a9bb4e5' 
(0 rows affected)
(1 row affected)
(1 row affected)

-- $/Design Business Object Definition/CommunicationLogSummary
DELETE h FROM [dbo].[Hierarchy] h WHERE h.UniformKey = 'a2db229e-388e-4df3-8283-e6178ae4393b' 
DELETE h FROM [dbo].[Hierarchy] h WHERE h.UniformKey = 'f2eb553d-ee6a-46a0-8c67-10f24b75e7f5' 
DELETE FROM [dbo].[DocumentMain]
 WHERE [DocumentKey] = 'a2db229e-388e-4df3-8283-e6178ae4393b' 
(0 rows affected)
(1 row affected)
(1 row affected)

-- $/Design Business Object Definition/GLTransactionData
DELETE h FROM [dbo].[Hierarchy] h WHERE h.UniformKey = '025b9ac0-bad8-476f-bf27-e824d00bc96e' 
DELETE h FROM [dbo].[Hierarchy] h WHERE h.UniformKey = 'd3821a45-2199-44cb-b64e-e82d634a2f71' 
DELETE FROM [dbo].[DocumentMain]
 WHERE [DocumentKey] = '025b9ac0-bad8-476f-bf27-e824d00bc96e' 
(0 rows affected)
(1 row affected)
(1 row affected)

-- $/Design Business Object Definition/EngagementScoreFormula
DELETE h FROM [dbo].[Hierarchy] h WHERE h.UniformKey = '6f6eec2f-8076-4263-bc24-e8cec5bc439b' 
DELETE h FROM [dbo].[Hierarchy] h WHERE h.UniformKey = 'd1ca3819-1ee0-4c73-a57e-34f0a9f7b78c' 
DELETE FROM [dbo].[DocumentMain]
 WHERE [DocumentKey] = '6f6eec2f-8076-4263-bc24-e8cec5bc439b' 
(0 rows affected)
(1 row affected)
(1 row affected)

-- $/Design Business Object Definition/DataVaultAttemptSummary
DELETE h FROM [dbo].[Hierarchy] h WHERE h.UniformKey = 'f0159506-7489-4315-8c0b-f000cb7d8b1d' 
DELETE h FROM [dbo].[Hierarchy] h WHERE h.UniformKey = 'e203b884-4ede-4edb-8155-a64f5e1b9957' 
DELETE FROM [dbo].[DocumentMain]
 WHERE [DocumentKey] = 'f0159506-7489-4315-8c0b-f000cb7d8b1d' 
(0 rows affected)
(1 row affected)
(1 row affected)

-- $/Design Business Object Definition/AutoPayAccount
DELETE h FROM [dbo].[Hierarchy] h WHERE h.UniformKey = 'f673e7b5-3b09-4810-9c40-f4ab2857eeee' 
DELETE h FROM [dbo].[Hierarchy] h WHERE h.UniformKey = '925a0c99-5264-4ee3-b77b-ea7361ed4a4e' 
DELETE FROM [dbo].[DocumentMain]
 WHERE [DocumentKey] = 'f673e7b5-3b09-4810-9c40-f4ab2857eeee' 
(0 rows affected)
(1 row affected)
(1 row affected)

-- $/Design Business Object Definition/VolunteerInformation
DELETE h FROM [dbo].[Hierarchy] h WHERE h.UniformKey = '2b119d53-1533-43ac-ae0d-f8f8759a589a' 
DELETE h FROM [dbo].[Hierarchy] h WHERE h.UniformKey = 'fc8115f3-ccf1-4381-843f-9861d2486748' 
DELETE FROM [dbo].[DocumentMain]
 WHERE [DocumentKey] = '2b119d53-1533-43ac-ae0d-f8f8759a589a' 
(0 rows affected)
(1 row affected)
(1 row affected)

-- $/Common/Business Objects/AdvancedEmailTwelveMonthsTotals
DELETE h FROM [dbo].[Hierarchy] h WHERE h.UniformKey = 'f74bd295-504f-4cc7-a1dc-0693e50a3fc7' 
DELETE h FROM [dbo].[Hierarchy] h WHERE h.UniformKey = '300dd155-4335-44dc-906d-145e8428421f' 
DELETE FROM [dbo].[DocumentMain]
 WHERE [DocumentKey] = 'f74bd295-504f-4cc7-a1dc-0693e50a3fc7' 
(0 rows affected)
(2 rows affected)
(1 row affected)

-- $/Common/Business Objects/CsTaxCategory
DELETE h FROM [dbo].[Hierarchy] h WHERE h.UniformKey = 'fbe7b212-236d-434f-a7dc-0a40f31e5b00' 
DELETE h FROM [dbo].[Hierarchy] h WHERE h.UniformKey = 'b1932cbd-bc6a-4481-a1b3-219b459afb5b' 
DELETE FROM [dbo].[DocumentMain]
 WHERE [DocumentKey] = 'fbe7b212-236d-434f-a7dc-0a40f31e5b00' 
(0 rows affected)
(2 rows affected)
(1 row affected)

-- $/Common/Business Objects/CsFreightDollar
DELETE h FROM [dbo].[Hierarchy] h WHERE h.UniformKey = '6c376618-c195-4e49-984f-0a8c2d709180' 
DELETE h FROM [dbo].[Hierarchy] h WHERE h.UniformKey = 'eb007bc7-8624-4c63-a9e4-0c28d960ae03' 
DELETE FROM [dbo].[DocumentMain]
 WHERE [DocumentKey] = '6c376618-c195-4e49-984f-0a8c2d709180' 
(0 rows affected)
(2 rows affected)
(1 row affected)

-- $/Common/Business Objects/ExpiredMemberUpdateDetailLog
DELETE h FROM [dbo].[Hierarchy] h WHERE h.UniformKey = 'a09fff32-688d-4f7d-8f0e-12d88821c6b0' 
DELETE h FROM [dbo].[Hierarchy] h WHERE h.UniformKey = '449ab6a6-9970-4dcb-beeb-e9fd426edecc' 
DELETE FROM [dbo].[DocumentMain]
 WHERE [DocumentKey] = 'a09fff32-688d-4f7d-8f0e-12d88821c6b0' 
(0 rows affected)
(2 rows affected)
(1 row affected)

-- $/Common/Business Objects/EngagementScoreResult
DELETE h FROM [dbo].[Hierarchy] h WHERE h.UniformKey = '67e71ec0-e9c5-4b80-891e-14bfe47b233a' 
DELETE h FROM [dbo].[Hierarchy] h WHERE h.UniformKey = '372dbf6d-8568-4bd0-8fc3-e5ddca213d1f' 
DELETE FROM [dbo].[DocumentMain]
 WHERE [DocumentKey] = '67e71ec0-e9c5-4b80-891e-14bfe47b233a' 
(0 rows affected)
(2 rows affected)
(1 row affected)

-- $/Common/Business Objects/VolunteerHistory
DELETE h FROM [dbo].[Hierarchy] h WHERE h.UniformKey = 'ac2f0e42-d209-492a-b164-16d1aa210016' 
DELETE h FROM [dbo].[Hierarchy] h WHERE h.UniformKey = 'acb211ea-111a-4abe-a89e-156e17039858' 
DELETE FROM [dbo].[DocumentMain]
 WHERE [DocumentKey] = 'ac2f0e42-d209-492a-b164-16d1aa210016' 
(0 rows affected)
(2 rows affected)
(1 row affected)

-- $/Common/Business Objects/CsContactBasic
DELETE h FROM [dbo].[Hierarchy] h WHERE h.UniformKey = '3be50e31-1c7c-4f54-95d0-1ac71feb2a82' 
DELETE h FROM [dbo].[Hierarchy] h WHERE h.UniformKey = '86098fc3-ad2c-498b-a3ce-8d5b4971b7f8' 
DELETE FROM [dbo].[DocumentMain]
 WHERE [DocumentKey] = '3be50e31-1c7c-4f54-95d0-1ac71feb2a82' 
(0 rows affected)
(2 rows affected)
(1 row affected)

-- $/Common/Business Objects/GiftSummary
DELETE h FROM [dbo].[Hierarchy] h WHERE h.UniformKey = '0ec15820-a24f-4f74-a2fd-1c44cf49b72e' 
DELETE h FROM [dbo].[Hierarchy] h WHERE h.UniformKey = 'e8174994-108a-47b8-a38c-f1a6c53bb46d' 
DELETE FROM [dbo].[DocumentMain]
 WHERE [DocumentKey] = '0ec15820-a24f-4f74-a2fd-1c44cf49b72e' 
(0 rows affected)
(2 rows affected)
(1 row affected)

-- $/Common/Business Objects/ReferenceDate
DELETE h FROM [dbo].[Hierarchy] h WHERE h.UniformKey = '7f8c754b-6567-44dd-a581-1f5c58891b87' 
DELETE h FROM [dbo].[Hierarchy] h WHERE h.UniformKey = 'fd889b92-996b-42c6-b0ab-4aa260af00e0' 
DELETE FROM [dbo].[DocumentMain]
 WHERE [DocumentKey] = '7f8c754b-6567-44dd-a581-1f5c58891b87' 
(0 rows affected)
(2 rows affected)
(1 row affected)

-- $/Common/Business Objects/GLDetailTransactionData
DELETE h FROM [dbo].[Hierarchy] h WHERE h.UniformKey = 'cdd9ea47-4164-4172-8d63-23c328c3916e' 
DELETE h FROM [dbo].[Hierarchy] h WHERE h.UniformKey = '1bdfde9c-67cb-45fa-bf2a-f4688a6c372f' 
DELETE FROM [dbo].[DocumentMain]
 WHERE [DocumentKey] = 'cdd9ea47-4164-4172-8d63-23c328c3916e' 
(0 rows affected)
(2 rows affected)
(1 row affected)

-- $/Common/Business Objects/CsFreightQuantity
DELETE h FROM [dbo].[Hierarchy] h WHERE h.UniformKey = '7968bdb1-c41e-4372-8d0e-24f12b0feef5' 
DELETE h FROM [dbo].[Hierarchy] h WHERE h.UniformKey = '5b77e824-07b4-4e66-82c6-c47933e73e77' 
DELETE FROM [dbo].[DocumentMain]
 WHERE [DocumentKey] = '7968bdb1-c41e-4372-8d0e-24f12b0feef5' 
(0 rows affected)
(2 rows affected)
(1 row affected)

-- $/Common/Business Objects/EngagementScoreMonthlyData
DELETE h FROM [dbo].[Hierarchy] h WHERE h.UniformKey = '550c7ebd-339d-4c0e-b6d2-2adf91befd1d' 
DELETE h FROM [dbo].[Hierarchy] h WHERE h.UniformKey = '916352fe-aff5-4216-9e32-3569b07a434f' 
DELETE FROM [dbo].[DocumentMain]
 WHERE [DocumentKey] = '550c7ebd-339d-4c0e-b6d2-2adf91befd1d' 
(0 rows affected)
(2 rows affected)
(1 row affected)

-- $/Common/Business Objects/Promotion
DELETE h FROM [dbo].[Hierarchy] h WHERE h.UniformKey = '58632d4b-ae57-4a36-b3f3-361107f7e201' 
DELETE h FROM [dbo].[Hierarchy] h WHERE h.UniformKey = '3bd3c98b-83f1-47d3-978d-24a5c3270912' 
DELETE FROM [dbo].[DocumentMain]
 WHERE [DocumentKey] = '58632d4b-ae57-4a36-b3f3-361107f7e201' 
(0 rows affected)
(2 rows affected)
(1 row affected)

-- $/Common/Business Objects/EngagementScoreFormula
DELETE h FROM [dbo].[Hierarchy] h WHERE h.UniformKey = '5467aaac-c837-4636-9264-39ecb5366999' 
DELETE h FROM [dbo].[Hierarchy] h WHERE h.UniformKey = 'b4531605-7f50-4f29-b016-dc49d984eceb' 
DELETE FROM [dbo].[DocumentMain]
 WHERE [DocumentKey] = '5467aaac-c837-4636-9264-39ecb5366999' 
(0 rows affected)
(2 rows affected)
(1 row affected)

-- $/Common/Business Objects/CMNotificationsDue
DELETE h FROM [dbo].[Hierarchy] h WHERE h.UniformKey = '064875a3-cfa3-4675-a550-3dddf29187fe' 
DELETE h FROM [dbo].[Hierarchy] h WHERE h.UniformKey = '261f00aa-3107-4ae5-9708-eaa6d7dbf2ec' 
DELETE FROM [dbo].[DocumentMain]
 WHERE [DocumentKey] = '064875a3-cfa3-4675-a550-3dddf29187fe' 
(0 rows affected)
(2 rows affected)
(1 row affected)

-- $/Common/Business Objects/ProfileDocuments
DELETE h FROM [dbo].[Hierarchy] h WHERE h.UniformKey = 'cf8c363a-ecf5-40c7-8029-4633e93895f5' 
DELETE h FROM [dbo].[Hierarchy] h WHERE h.UniformKey = '9eb3f709-b17d-453c-bf2b-aa944d2f8bc7' 
DELETE FROM [dbo].[DocumentMain]
 WHERE [DocumentKey] = 'cf8c363a-ecf5-40c7-8029-4633e93895f5' 
(0 rows affected)
(2 rows affected)
(1 row affected)

-- $/Common/Business Objects/PercentileRanking
DELETE h FROM [dbo].[Hierarchy] h WHERE h.UniformKey = '41ef38bd-fd66-4a93-bbaa-4b16aed905d4' 
DELETE h FROM [dbo].[Hierarchy] h WHERE h.UniformKey = '48a64c81-1a70-4ff0-82e1-f161071ee20e' 
DELETE FROM [dbo].[DocumentMain]
 WHERE [DocumentKey] = '41ef38bd-fd66-4a93-bbaa-4b16aed905d4' 
(0 rows affected)
(2 rows affected)
(1 row affected)

-- $/Common/Business Objects/CsAddressFormats
DELETE h FROM [dbo].[Hierarchy] h WHERE h.UniformKey = '2a1ac3db-1f84-453d-92ff-51ef3ecdd98f' 
DELETE h FROM [dbo].[Hierarchy] h WHERE h.UniformKey = '927d619a-d55a-4fde-b863-9e32d7038967' 
DELETE FROM [dbo].[DocumentMain]
 WHERE [DocumentKey] = '2a1ac3db-1f84-453d-92ff-51ef3ecdd98f' 
(0 rows affected)
(2 rows affected)
(1 row affected)

-- $/Common/Business Objects/FirstNotifyContactPerGift
DELETE h FROM [dbo].[Hierarchy] h WHERE h.UniformKey = '8c899cb9-b042-4cc0-bfc2-5acba0e8ebff' 
DELETE h FROM [dbo].[Hierarchy] h WHERE h.UniformKey = 'fb77cd4f-72f7-4daf-8d9a-58af6a7d7871' 
DELETE FROM [dbo].[DocumentMain]
 WHERE [DocumentKey] = '8c899cb9-b042-4cc0-bfc2-5acba0e8ebff' 
(0 rows affected)
(2 rows affected)
(1 row affected)

-- $/Common/Business Objects/VolunteerSkills
DELETE h FROM [dbo].[Hierarchy] h WHERE h.UniformKey = '85203fb0-5af5-4a21-a558-5d72a093cd7c' 
DELETE h FROM [dbo].[Hierarchy] h WHERE h.UniformKey = 'adda940d-0fa6-4151-abc5-8a9b8f5ca8c4' 
DELETE FROM [dbo].[DocumentMain]
 WHERE [DocumentKey] = '85203fb0-5af5-4a21-a558-5d72a093cd7c' 
(0 rows affected)
(2 rows affected)
(1 row affected)

-- $/Common/Business Objects/EngagementScoreYearlyData
DELETE h FROM [dbo].[Hierarchy] h WHERE h.UniformKey = 'a5cfaaad-fe51-43bc-977f-5f5739e0e23f' 
DELETE h FROM [dbo].[Hierarchy] h WHERE h.UniformKey = '31ed9aba-0130-4906-aafc-44539956db33' 
DELETE FROM [dbo].[DocumentMain]
 WHERE [DocumentKey] = 'a5cfaaad-fe51-43bc-977f-5f5739e0e23f' 
(0 rows affected)
(2 rows affected)
(1 row affected)

-- $/Common/Business Objects/GLTransactionData
DELETE h FROM [dbo].[Hierarchy] h WHERE h.UniformKey = 'a838a5f6-3504-403a-b467-5f669c5c0b81' 
DELETE h FROM [dbo].[Hierarchy] h WHERE h.UniformKey = '666040a8-5290-40ae-8c72-63eade1c3ea8' 
DELETE FROM [dbo].[DocumentMain]
 WHERE [DocumentKey] = 'a838a5f6-3504-403a-b467-5f669c5c0b81' 
(0 rows affected)
(2 rows affected)
(1 row affected)

-- $/Common/Business Objects/CsTransNotify
DELETE h FROM [dbo].[Hierarchy] h WHERE h.UniformKey = '0864c82e-0cdd-4f5d-930d-6f22685892d3' 
DELETE h FROM [dbo].[Hierarchy] h WHERE h.UniformKey = '6b1c1c6c-2b13-43e1-a567-c3bfe4924d2b' 
DELETE FROM [dbo].[DocumentMain]
 WHERE [DocumentKey] = '0864c82e-0cdd-4f5d-930d-6f22685892d3' 
(0 rows affected)
(2 rows affected)
(1 row affected)

-- $/Common/Business Objects/VolunteerInformation
DELETE h FROM [dbo].[Hierarchy] h WHERE h.UniformKey = 'b1f6b6c4-c7f7-48d7-8fd6-75d388448d56' 
DELETE h FROM [dbo].[Hierarchy] h WHERE h.UniformKey = '976c825a-d581-49fa-9110-60984035b3be' 
DELETE FROM [dbo].[DocumentMain]
 WHERE [DocumentKey] = 'b1f6b6c4-c7f7-48d7-8fd6-75d388448d56' 
(0 rows affected)
(2 rows affected)
(1 row affected)

-- $/Common/Business Objects/GLDetailDueToDueFromTransactionData
DELETE h FROM [dbo].[Hierarchy] h WHERE h.UniformKey = '65d5fa7b-be4f-4a6f-9518-7d3e1e7463d9' 
DELETE h FROM [dbo].[Hierarchy] h WHERE h.UniformKey = 'f60521b8-14b3-4818-a5d7-519e9d5d9ee8' 
DELETE FROM [dbo].[DocumentMain]
 WHERE [DocumentKey] = '65d5fa7b-be4f-4a6f-9518-7d3e1e7463d9' 
(0 rows affected)
(2 rows affected)
(1 row affected)

-- $/Common/Business Objects/DataVaultAttemptSummary
DELETE h FROM [dbo].[Hierarchy] h WHERE h.UniformKey = '01c948f7-9037-4247-ae80-7d672b4bdabc' 
DELETE h FROM [dbo].[Hierarchy] h WHERE h.UniformKey = 'c1921472-ddc2-418c-a44b-d8447b4bd384' 
DELETE FROM [dbo].[DocumentMain]
 WHERE [DocumentKey] = '01c948f7-9037-4247-ae80-7d672b4bdabc' 
(0 rows affected)
(2 rows affected)
(1 row affected)

-- $/Common/Business Objects/GLDailyTransactionData
DELETE h FROM [dbo].[Hierarchy] h WHERE h.UniformKey = '29be2481-af12-4470-ab21-869b67141bee' 
DELETE h FROM [dbo].[Hierarchy] h WHERE h.UniformKey = '2fb2135d-4767-459f-a5eb-67378e130cb7' 
DELETE FROM [dbo].[DocumentMain]
 WHERE [DocumentKey] = '29be2481-af12-4470-ab21-869b67141bee' 
(0 rows affected)
(2 rows affected)
(1 row affected)

-- $/Common/Business Objects/AdvancedEmailTwelveMonthsDeliveredByDate
DELETE h FROM [dbo].[Hierarchy] h WHERE h.UniformKey = 'f2cf85f3-68f9-42d5-bdbd-8a52530808f1' 
DELETE h FROM [dbo].[Hierarchy] h WHERE h.UniformKey = '37ce9e17-d0ca-405a-b0b3-bfa1f9f29f95' 
DELETE FROM [dbo].[DocumentMain]
 WHERE [DocumentKey] = 'f2cf85f3-68f9-42d5-bdbd-8a52530808f1' 
(0 rows affected)
(2 rows affected)
(1 row affected)

-- $/Common/Business Objects/SystemParamInt
DELETE h FROM [dbo].[Hierarchy] h WHERE h.UniformKey = '6d99087c-07a4-4b87-95f8-911a6ec481c2' 
DELETE h FROM [dbo].[Hierarchy] h WHERE h.UniformKey = 'f4ab163b-7a15-4ec7-838a-81fe79a74ac7' 
DELETE FROM [dbo].[DocumentMain]
 WHERE [DocumentKey] = '6d99087c-07a4-4b87-95f8-911a6ec481c2' 
(0 rows affected)
(2 rows affected)
(1 row affected)

-- $/Common/Business Objects/AdvancedEmailNinetyDaysEvents
DELETE h FROM [dbo].[Hierarchy] h WHERE h.UniformKey = 'dd4db32a-1dd2-4c53-9707-914623a798fe' 
DELETE h FROM [dbo].[Hierarchy] h WHERE h.UniformKey = '1ae4a1d6-7ca2-495f-819f-6e3d60599429' 
DELETE FROM [dbo].[DocumentMain]
 WHERE [DocumentKey] = 'dd4db32a-1dd2-4c53-9707-914623a798fe' 
(0 rows affected)
(2 rows affected)
(1 row affected)

-- $/Common/Business Objects/GLDueToDueFromTransactionData
DELETE h FROM [dbo].[Hierarchy] h WHERE h.UniformKey = '7bd4e1d0-f199-4704-ae32-9446ff376121' 
DELETE h FROM [dbo].[Hierarchy] h WHERE h.UniformKey = '6a7f8894-957d-425e-8db7-d2e985b84ee4' 
DELETE FROM [dbo].[DocumentMain]
 WHERE [DocumentKey] = '7bd4e1d0-f199-4704-ae32-9446ff376121' 
(0 rows affected)
(2 rows affected)
(1 row affected)

-- $/Common/Business Objects/NetContactBasic
DELETE h FROM [dbo].[Hierarchy] h WHERE h.UniformKey = 'fefbc3a9-d9d6-4499-9870-9e19770466ff' 
DELETE h FROM [dbo].[Hierarchy] h WHERE h.UniformKey = '1ac2efa8-e311-40dc-8107-7b095443f52a' 
DELETE FROM [dbo].[DocumentMain]
 WHERE [DocumentKey] = 'fefbc3a9-d9d6-4499-9870-9e19770466ff' 
(0 rows affected)
(2 rows affected)
(1 row affected)

-- $/Common/Business Objects/EngagementCategory
DELETE h FROM [dbo].[Hierarchy] h WHERE h.UniformKey = 'fb5461b9-80ae-4b5e-8cba-9ebdbc3154c8' 
DELETE h FROM [dbo].[Hierarchy] h WHERE h.UniformKey = 'c4bea9bf-5864-43fd-babb-103e2d14a4cd' 
DELETE FROM [dbo].[DocumentMain]
 WHERE [DocumentKey] = 'fb5461b9-80ae-4b5e-8cba-9ebdbc3154c8' 
(0 rows affected)
(2 rows affected)
(1 row affected)

-- $/Common/Business Objects/CommunicationLogSummary
DELETE h FROM [dbo].[Hierarchy] h WHERE h.UniformKey = '689a3757-ea90-43e1-a922-a375b4e43822' 
DELETE h FROM [dbo].[Hierarchy] h WHERE h.UniformKey = '16ee572b-1461-40f2-8a27-73c619dc43a5' 
DELETE FROM [dbo].[DocumentMain]
 WHERE [DocumentKey] = '689a3757-ea90-43e1-a922-a375b4e43822' 
(0 rows affected)
(2 rows affected)
(1 row affected)

-- $/Common/Business Objects/AutoPayMemberInstructionDetail
DELETE h FROM [dbo].[Hierarchy] h WHERE h.UniformKey = '606cb588-d822-458d-93be-a7960084aaa4' 
DELETE h FROM [dbo].[Hierarchy] h WHERE h.UniformKey = 'c313910a-68f8-44ad-8695-f49875e5177d' 
DELETE FROM [dbo].[DocumentMain]
 WHERE [DocumentKey] = '606cb588-d822-458d-93be-a7960084aaa4' 
(0 rows affected)
(2 rows affected)
(1 row affected)

-- $/Common/Business Objects/MemorialTributeTypeRef
DELETE h FROM [dbo].[Hierarchy] h WHERE h.UniformKey = 'fe894b32-a1e5-442e-8714-a8cf303f6f6a' 
DELETE h FROM [dbo].[Hierarchy] h WHERE h.UniformKey = '188f639b-6548-4ca3-89ed-70ca635fe91e' 
DELETE FROM [dbo].[DocumentMain]
 WHERE [DocumentKey] = 'fe894b32-a1e5-442e-8714-a8cf303f6f6a' 
(0 rows affected)
(2 rows affected)
(1 row affected)

-- $/Common/Business Objects/PriceSheet
DELETE h FROM [dbo].[Hierarchy] h WHERE h.UniformKey = '476062a7-5a36-4080-a3b3-c5274637bcac' 
DELETE h FROM [dbo].[Hierarchy] h WHERE h.UniformKey = 'f069c377-a55e-4ca2-ad57-9b0ee15a0607' 
DELETE FROM [dbo].[DocumentMain]
 WHERE [DocumentKey] = '476062a7-5a36-4080-a3b3-c5274637bcac' 
(0 rows affected)
(2 rows affected)
(1 row affected)

-- $/Common/Business Objects/VolunteerAvailability
DELETE h FROM [dbo].[Hierarchy] h WHERE h.UniformKey = 'ef7ff4af-517c-4982-bbcb-c61b3244b54e' 
DELETE h FROM [dbo].[Hierarchy] h WHERE h.UniformKey = 'af33810d-6b51-4e5a-a264-2086b6059785' 
DELETE FROM [dbo].[DocumentMain]
 WHERE [DocumentKey] = 'ef7ff4af-517c-4982-bbcb-c61b3244b54e' 
(0 rows affected)
(2 rows affected)
(1 row affected)

-- $/Common/Business Objects/GroupPriceSheet
DELETE h FROM [dbo].[Hierarchy] h WHERE h.UniformKey = '64a3cd19-358c-45be-a7f8-c899eae3da1b' 
DELETE h FROM [dbo].[Hierarchy] h WHERE h.UniformKey = '73b13138-9db1-4fda-8af7-3846a158359b' 
DELETE FROM [dbo].[DocumentMain]
 WHERE [DocumentKey] = '64a3cd19-358c-45be-a7f8-c899eae3da1b' 
(0 rows affected)
(2 rows affected)
(1 row affected)

-- $/Common/Business Objects/BillingLogByParty
DELETE h FROM [dbo].[Hierarchy] h WHERE h.UniformKey = 'a327379f-bef4-4d12-88e7-cabf1c0da97f' 
DELETE h FROM [dbo].[Hierarchy] h WHERE h.UniformKey = '999fd0dc-5b34-4ea5-be27-0c0a1a80dab6' 
DELETE FROM [dbo].[DocumentMain]
 WHERE [DocumentKey] = 'a327379f-bef4-4d12-88e7-cabf1c0da97f' 
(0 rows affected)
(2 rows affected)
(1 row affected)

-- $/Common/Business Objects/AutoPayAccount
DELETE h FROM [dbo].[Hierarchy] h WHERE h.UniformKey = 'a51108ba-3125-4d7d-97c9-d0b8baf04547' 
DELETE h FROM [dbo].[Hierarchy] h WHERE h.UniformKey = '0c3497dc-5473-46b8-98a8-73fa31836211' 
DELETE FROM [dbo].[DocumentMain]
 WHERE [DocumentKey] = 'a51108ba-3125-4d7d-97c9-d0b8baf04547' 
(0 rows affected)
(2 rows affected)
(1 row affected)

-- $/Common/Business Objects/GLMonthlyTransactionData
DELETE h FROM [dbo].[Hierarchy] h WHERE h.UniformKey = '2325accb-c2e3-4d0b-9957-d21714552873' 
DELETE h FROM [dbo].[Hierarchy] h WHERE h.UniformKey = '0baee597-2362-4eaf-a0b2-e236c997d328' 
DELETE FROM [dbo].[DocumentMain]
 WHERE [DocumentKey] = '2325accb-c2e3-4d0b-9957-d21714552873' 
(0 rows affected)
(2 rows affected)
(1 row affected)

-- $/Common/Business Objects/GLExportFormatTypeRef
DELETE h FROM [dbo].[Hierarchy] h WHERE h.UniformKey = '4513c247-d59b-4f79-9fe1-dc6d21c8ee53' 
DELETE h FROM [dbo].[Hierarchy] h WHERE h.UniformKey = '12d3e4c6-1885-4202-b01b-964ae3c4b498' 
DELETE FROM [dbo].[DocumentMain]
 WHERE [DocumentKey] = '4513c247-d59b-4f79-9fe1-dc6d21c8ee53' 
(0 rows affected)
(2 rows affected)
(1 row affected)

-- $/Common/Business Objects/DayOfTheWeekRef
DELETE h FROM [dbo].[Hierarchy] h WHERE h.UniformKey = 'b76c01be-4fc6-436a-8d46-dd56677286a3' 
DELETE h FROM [dbo].[Hierarchy] h WHERE h.UniformKey = '69778327-6cc8-4827-8cb8-70b9f82ec15a' 
DELETE FROM [dbo].[DocumentMain]
 WHERE [DocumentKey] = 'b76c01be-4fc6-436a-8d46-dd56677286a3' 
(0 rows affected)
(2 rows affected)
(1 row affected)

-- $/Common/Business Objects/CsProductLocation
DELETE h FROM [dbo].[Hierarchy] h WHERE h.UniformKey = '45c024d7-61b4-4597-b486-e136c27b65d9' 
DELETE h FROM [dbo].[Hierarchy] h WHERE h.UniformKey = '0cff66be-f213-494b-b953-08e4f50cc3aa' 
DELETE FROM [dbo].[DocumentMain]
 WHERE [DocumentKey] = '45c024d7-61b4-4597-b486-e136c27b65d9' 
(0 rows affected)
(2 rows affected)
(1 row affected)

-- $/Common/Business Objects/ProductPriceSheet
DELETE h FROM [dbo].[Hierarchy] h WHERE h.UniformKey = 'd9ed2301-4838-471a-afb3-fc93e2d0066f' 
DELETE h FROM [dbo].[Hierarchy] h WHERE h.UniformKey = 'fc06491a-90eb-4c25-bd8f-e2910a83cb2f' 
DELETE FROM [dbo].[DocumentMain]
 WHERE [DocumentKey] = 'd9ed2301-4838-471a-afb3-fc93e2d0066f' 
(0 rows affected)
(2 rows affected)
(1 row affected)

-- $/Common/Business Objects/EngagementScoreCurrentData
DELETE h FROM [dbo].[Hierarchy] h WHERE h.UniformKey = '5ae565d5-6dfe-4844-bfaf-fd2a9a0caf30' 
DELETE h FROM [dbo].[Hierarchy] h WHERE h.UniformKey = 'de3d6dcd-2100-440e-8e20-00d477d94b56' 
DELETE FROM [dbo].[DocumentMain]
 WHERE [DocumentKey] = '5ae565d5-6dfe-4844-bfaf-fd2a9a0caf30' 
(0 rows affected)
(2 rows affected)
(1 row affected)

-- $/Common/Business Objects/GLBatchTransactionData
DELETE h FROM [dbo].[Hierarchy] h WHERE h.UniformKey = 'c9b69d6f-9ec5-4ee9-bbaf-fd497f769b46' 
DELETE h FROM [dbo].[Hierarchy] h WHERE h.UniformKey = 'da9f011f-e4c6-4f83-ae76-3002fa313c25' 
DELETE FROM [dbo].[DocumentMain]
 WHERE [DocumentKey] = 'c9b69d6f-9ec5-4ee9-bbaf-fd497f769b46' 
(0 rows affected)
(2 rows affected)
(1 row affected)

-- $/Design Business Object Schema/ProductPriceSheet
DELETE h FROM [dbo].[Hierarchy] h WHERE h.UniformKey = 'ef294928-f2c2-479a-b711-041e2dd6d66a' 
DELETE h FROM [dbo].[Hierarchy] h WHERE h.UniformKey = '0e25c4c6-f69a-42a7-a3ec-fc518d2087e1' 
DELETE FROM [dbo].[DocumentMain]
 WHERE [DocumentKey] = 'ef294928-f2c2-479a-b711-041e2dd6d66a' 
(0 rows affected)
(1 row affected)
(1 row affected)

-- $/Design Business Object Schema/GLDueToDueFromTransactionData
DELETE h FROM [dbo].[Hierarchy] h WHERE h.UniformKey = 'b8317d88-e9cf-4f7a-b36e-104aa819829e' 
DELETE h FROM [dbo].[Hierarchy] h WHERE h.UniformKey = '17bba7db-2739-437b-bf24-bb6e4be7abd2' 
DELETE FROM [dbo].[DocumentMain]
 WHERE [DocumentKey] = 'b8317d88-e9cf-4f7a-b36e-104aa819829e' 
(0 rows affected)
(1 row affected)
(1 row affected)

-- $/Design Business Object Schema/CsFreightQuantity
DELETE h FROM [dbo].[Hierarchy] h WHERE h.UniformKey = '311aaa75-9684-44f2-b45e-11d55cf57954' 
DELETE h FROM [dbo].[Hierarchy] h WHERE h.UniformKey = 'dc5e9003-4447-458b-a025-a769d7ef1dd3' 
DELETE FROM [dbo].[DocumentMain]
 WHERE [DocumentKey] = '311aaa75-9684-44f2-b45e-11d55cf57954' 
(0 rows affected)
(1 row affected)
(1 row affected)

-- $/Design Business Object Schema/AutoPayAccount
DELETE h FROM [dbo].[Hierarchy] h WHERE h.UniformKey = '588261bd-bb05-445f-a899-2cd3bac5ccae' 
DELETE h FROM [dbo].[Hierarchy] h WHERE h.UniformKey = 'f4210005-e767-4524-b66f-b67e05d67ae9' 
DELETE FROM [dbo].[DocumentMain]
 WHERE [DocumentKey] = '588261bd-bb05-445f-a899-2cd3bac5ccae' 
(0 rows affected)
(1 row affected)
(1 row affected)

-- $/Design Business Object Schema/CsTaxCategory
DELETE h FROM [dbo].[Hierarchy] h WHERE h.UniformKey = '61e3fa7a-4c1f-4353-b311-2d69ecdf29e3' 
DELETE h FROM [dbo].[Hierarchy] h WHERE h.UniformKey = '09201ae0-7223-4bf8-8071-dcb97c4969dd' 
DELETE FROM [dbo].[DocumentMain]
 WHERE [DocumentKey] = '61e3fa7a-4c1f-4353-b311-2d69ecdf29e3' 
(0 rows affected)
(1 row affected)
(1 row affected)

-- $/Design Business Object Schema/EngagementCategory
DELETE h FROM [dbo].[Hierarchy] h WHERE h.UniformKey = '9a91ddc4-91ab-48e6-8e12-315f9d9450f8' 
DELETE h FROM [dbo].[Hierarchy] h WHERE h.UniformKey = 'b1cb4ccb-4904-4db9-bc97-02a48178b099' 
DELETE FROM [dbo].[DocumentMain]
 WHERE [DocumentKey] = '9a91ddc4-91ab-48e6-8e12-315f9d9450f8' 
(0 rows affected)
(1 row affected)
(1 row affected)

-- $/Design Business Object Schema/VolunteerSkills
DELETE h FROM [dbo].[Hierarchy] h WHERE h.UniformKey = '0853cccb-4f54-4ad8-a7e6-33bd86ec7e21' 
DELETE h FROM [dbo].[Hierarchy] h WHERE h.UniformKey = '763e103f-6c06-447d-9edb-78e590222dbd' 
DELETE FROM [dbo].[DocumentMain]
 WHERE [DocumentKey] = '0853cccb-4f54-4ad8-a7e6-33bd86ec7e21' 
(0 rows affected)
(1 row affected)
(1 row affected)

-- $/Design Business Object Schema/DataVaultAttemptSummary
DELETE h FROM [dbo].[Hierarchy] h WHERE h.UniformKey = '3a15138c-573c-4455-873f-33fc84fc9b74' 
DELETE h FROM [dbo].[Hierarchy] h WHERE h.UniformKey = 'daf70f9f-a060-47d8-b99e-e42a9b35ef9c' 
DELETE FROM [dbo].[DocumentMain]
 WHERE [DocumentKey] = '3a15138c-573c-4455-873f-33fc84fc9b74' 
(0 rows affected)
(1 row affected)
(1 row affected)

-- $/Design Business Object Schema/AutoPayMemberInstructionDetail
DELETE h FROM [dbo].[Hierarchy] h WHERE h.UniformKey = '64bf9196-b5c0-4c11-97ab-3ba7ab0ea569' 
DELETE h FROM [dbo].[Hierarchy] h WHERE h.UniformKey = '6de9e4e0-d383-456c-b486-a7df647ea69b' 
DELETE FROM [dbo].[DocumentMain]
 WHERE [DocumentKey] = '64bf9196-b5c0-4c11-97ab-3ba7ab0ea569' 
(0 rows affected)
(1 row affected)
(1 row affected)

-- $/Design Business Object Schema/NetContactBasic
DELETE h FROM [dbo].[Hierarchy] h WHERE h.UniformKey = '4923f407-2408-4add-8648-3dbe306b2cfb' 
DELETE h FROM [dbo].[Hierarchy] h WHERE h.UniformKey = 'a7fca350-7520-40c7-b940-a7994956083c' 
DELETE FROM [dbo].[DocumentMain]
 WHERE [DocumentKey] = '4923f407-2408-4add-8648-3dbe306b2cfb' 
(0 rows affected)
(1 row affected)
(1 row affected)

-- $/Design Business Object Schema/VolunteerAvailability
DELETE h FROM [dbo].[Hierarchy] h WHERE h.UniformKey = '385a5075-05b3-45a3-9529-3e350861ab01' 
DELETE h FROM [dbo].[Hierarchy] h WHERE h.UniformKey = 'a6b44e99-a340-4136-ab77-de52dbdb1839' 
DELETE FROM [dbo].[DocumentMain]
 WHERE [DocumentKey] = '385a5075-05b3-45a3-9529-3e350861ab01' 
(0 rows affected)
(1 row affected)
(1 row affected)

-- $/Design Business Object Schema/EngagementScoreMonthlyData
DELETE h FROM [dbo].[Hierarchy] h WHERE h.UniformKey = '6acd7d5b-aac2-4482-a9dd-425e5e45ead3' 
DELETE h FROM [dbo].[Hierarchy] h WHERE h.UniformKey = '1c775b12-9579-4a74-8777-3da4b1b3f4ba' 
DELETE FROM [dbo].[DocumentMain]
 WHERE [DocumentKey] = '6acd7d5b-aac2-4482-a9dd-425e5e45ead3' 
(0 rows affected)
(1 row affected)
(1 row affected)

-- $/Design Business Object Schema/GLTransactionData
DELETE h FROM [dbo].[Hierarchy] h WHERE h.UniformKey = '1f1b974e-63f8-4e69-8b9e-46c43db8fdf6' 
DELETE h FROM [dbo].[Hierarchy] h WHERE h.UniformKey = '7f9f18ed-cc88-4896-bbeb-d7f27e134e20' 
DELETE FROM [dbo].[DocumentMain]
 WHERE [DocumentKey] = '1f1b974e-63f8-4e69-8b9e-46c43db8fdf6' 
(0 rows affected)
(1 row affected)
(1 row affected)

-- $/Design Business Object Schema/BillingLogByParty
DELETE h FROM [dbo].[Hierarchy] h WHERE h.UniformKey = '8ac5a088-a0cc-4aab-a7ab-54ee2951213d' 
DELETE h FROM [dbo].[Hierarchy] h WHERE h.UniformKey = '849b4392-7475-46c2-b164-c258ff99c2b0' 
DELETE FROM [dbo].[DocumentMain]
 WHERE [DocumentKey] = '8ac5a088-a0cc-4aab-a7ab-54ee2951213d' 
(0 rows affected)
(1 row affected)
(1 row affected)

-- $/Design Business Object Schema/AdvancedEmailTwelveMonthsTotals
DELETE h FROM [dbo].[Hierarchy] h WHERE h.UniformKey = '8f695632-6694-48e6-a6a3-5a1d007a3c3f' 
DELETE h FROM [dbo].[Hierarchy] h WHERE h.UniformKey = 'f72aa34e-7a8f-4985-9b92-3de2ca4fd150' 
DELETE FROM [dbo].[DocumentMain]
 WHERE [DocumentKey] = '8f695632-6694-48e6-a6a3-5a1d007a3c3f' 
(0 rows affected)
(1 row affected)
(1 row affected)

-- $/Design Business Object Schema/PriceSheet
DELETE h FROM [dbo].[Hierarchy] h WHERE h.UniformKey = 'e07236e8-5ce3-4900-9e69-5a4564da2ec3' 
DELETE h FROM [dbo].[Hierarchy] h WHERE h.UniformKey = '0759308c-9a9d-443d-9105-faee97d62715' 
DELETE FROM [dbo].[DocumentMain]
 WHERE [DocumentKey] = 'e07236e8-5ce3-4900-9e69-5a4564da2ec3' 
(0 rows affected)
(1 row affected)
(1 row affected)

-- $/Design Business Object Schema/GroupPriceSheet
DELETE h FROM [dbo].[Hierarchy] h WHERE h.UniformKey = 'acf99282-6153-40f0-abba-7446bbea9123' 
DELETE h FROM [dbo].[Hierarchy] h WHERE h.UniformKey = '49f50f70-b544-4aaf-9306-c63ccae8f5e8' 
DELETE FROM [dbo].[DocumentMain]
 WHERE [DocumentKey] = 'acf99282-6153-40f0-abba-7446bbea9123' 
(0 rows affected)
(1 row affected)
(1 row affected)

-- $/Design Business Object Schema/EngagementScoreFormula
DELETE h FROM [dbo].[Hierarchy] h WHERE h.UniformKey = '3865f4a4-27e1-4abd-9fa0-74d0292d759a' 
DELETE h FROM [dbo].[Hierarchy] h WHERE h.UniformKey = '9bf9d15f-14f2-4dcf-944a-c348b8906e01' 
DELETE FROM [dbo].[DocumentMain]
 WHERE [DocumentKey] = '3865f4a4-27e1-4abd-9fa0-74d0292d759a' 
(0 rows affected)
(1 row affected)
(1 row affected)

-- $/Design Business Object Schema/AdvancedEmailTwelveMonthsDeliveredByDate
DELETE h FROM [dbo].[Hierarchy] h WHERE h.UniformKey = 'a8612f7e-84f3-4bd7-8845-80be016ffea3' 
DELETE h FROM [dbo].[Hierarchy] h WHERE h.UniformKey = '2b41f90c-55c0-4075-9110-414cdfa3a03d' 
DELETE FROM [dbo].[DocumentMain]
 WHERE [DocumentKey] = 'a8612f7e-84f3-4bd7-8845-80be016ffea3' 
(0 rows affected)
(1 row affected)
(1 row affected)

-- $/Design Business Object Schema/MemorialTributeTypeRef
DELETE h FROM [dbo].[Hierarchy] h WHERE h.UniformKey = '261f72f6-987c-4f95-a669-815043b67a5a' 
DELETE h FROM [dbo].[Hierarchy] h WHERE h.UniformKey = '3d4dcbb8-c122-4d68-a05a-e0180d14e9d7' 
DELETE FROM [dbo].[DocumentMain]
 WHERE [DocumentKey] = '261f72f6-987c-4f95-a669-815043b67a5a' 
(0 rows affected)
(1 row affected)
(1 row affected)

-- $/Design Business Object Schema/PercentileRanking
DELETE h FROM [dbo].[Hierarchy] h WHERE h.UniformKey = '41075fe6-292f-4c01-a558-8871a5002b38' 
DELETE h FROM [dbo].[Hierarchy] h WHERE h.UniformKey = '778552f0-93c9-4c14-bf4e-92ae5a87eff5' 
DELETE FROM [dbo].[DocumentMain]
 WHERE [DocumentKey] = '41075fe6-292f-4c01-a558-8871a5002b38' 
(0 rows affected)
(1 row affected)
(1 row affected)

-- $/Design Business Object Schema/CsTransNotify
DELETE h FROM [dbo].[Hierarchy] h WHERE h.UniformKey = 'cc9d0b21-053e-4651-b839-8f72a0445640' 
DELETE h FROM [dbo].[Hierarchy] h WHERE h.UniformKey = '356810fc-d2e6-4a45-8ef2-1cd014280658' 
DELETE FROM [dbo].[DocumentMain]
 WHERE [DocumentKey] = 'cc9d0b21-053e-4651-b839-8f72a0445640' 
(0 rows affected)
(1 row affected)
(1 row affected)

-- $/Design Business Object Schema/AdvancedEmailNinetyDaysEvents
DELETE h FROM [dbo].[Hierarchy] h WHERE h.UniformKey = '424a3c49-9569-4eb5-b06f-9122169e237e' 
DELETE h FROM [dbo].[Hierarchy] h WHERE h.UniformKey = 'eaa264bf-334e-423e-8f27-3f5482371a84' 
DELETE FROM [dbo].[DocumentMain]
 WHERE [DocumentKey] = '424a3c49-9569-4eb5-b06f-9122169e237e' 
(0 rows affected)
(1 row affected)
(1 row affected)

-- $/Design Business Object Schema/VolunteerInformation
DELETE h FROM [dbo].[Hierarchy] h WHERE h.UniformKey = '2520d351-5981-4214-8d0b-92bc53a9760e' 
DELETE h FROM [dbo].[Hierarchy] h WHERE h.UniformKey = 'b6f14021-cf7b-4139-8021-bfb269f45900' 
DELETE FROM [dbo].[DocumentMain]
 WHERE [DocumentKey] = '2520d351-5981-4214-8d0b-92bc53a9760e' 
(0 rows affected)
(1 row affected)
(1 row affected)

-- $/Design Business Object Schema/GLDetailTransactionData
DELETE h FROM [dbo].[Hierarchy] h WHERE h.UniformKey = '08c01d92-df46-4a6f-8861-9335a828e493' 
DELETE h FROM [dbo].[Hierarchy] h WHERE h.UniformKey = 'dea20fc0-09d7-4df9-9539-e7837cfea0d1' 
DELETE FROM [dbo].[DocumentMain]
 WHERE [DocumentKey] = '08c01d92-df46-4a6f-8861-9335a828e493' 
(0 rows affected)
(1 row affected)
(1 row affected)

-- $/Design Business Object Schema/EngagementScoreResult
DELETE h FROM [dbo].[Hierarchy] h WHERE h.UniformKey = '42226afe-579a-4534-8e88-9efea243945a' 
DELETE h FROM [dbo].[Hierarchy] h WHERE h.UniformKey = '3cab83bd-263a-471f-9582-19da5790e3cc' 
DELETE FROM [dbo].[DocumentMain]
 WHERE [DocumentKey] = '42226afe-579a-4534-8e88-9efea243945a' 
(0 rows affected)
(1 row affected)
(1 row affected)

-- $/Design Business Object Schema/GLMonthlyTransactionData
DELETE h FROM [dbo].[Hierarchy] h WHERE h.UniformKey = 'd33ed10c-001b-4fe6-96a4-a9309a9d0a33' 
DELETE h FROM [dbo].[Hierarchy] h WHERE h.UniformKey = 'a73290db-3e11-4a87-8c56-7bd98b0f32e3' 
DELETE FROM [dbo].[DocumentMain]
 WHERE [DocumentKey] = 'd33ed10c-001b-4fe6-96a4-a9309a9d0a33' 
(0 rows affected)
(1 row affected)
(1 row affected)

-- $/Design Business Object Schema/FirstNotifyContactPerGift
DELETE h FROM [dbo].[Hierarchy] h WHERE h.UniformKey = '313cd975-3372-4f27-9469-ad135f8c0721' 
DELETE h FROM [dbo].[Hierarchy] h WHERE h.UniformKey = 'c048b37a-6103-480a-9556-70a43c92b6bb' 
DELETE FROM [dbo].[DocumentMain]
 WHERE [DocumentKey] = '313cd975-3372-4f27-9469-ad135f8c0721' 
(0 rows affected)
(1 row affected)
(1 row affected)

-- $/Design Business Object Schema/GLDetailDueToDueFromTransactionData
DELETE h FROM [dbo].[Hierarchy] h WHERE h.UniformKey = 'cf89ba72-e48c-46de-bfa0-b19a68185829' 
DELETE h FROM [dbo].[Hierarchy] h WHERE h.UniformKey = '344e8009-ab70-467d-a27f-f85630026ccf' 
DELETE FROM [dbo].[DocumentMain]
 WHERE [DocumentKey] = 'cf89ba72-e48c-46de-bfa0-b19a68185829' 
(0 rows affected)
(1 row affected)
(1 row affected)

-- $/Design Business Object Schema/GLExportFormatTypeRef
DELETE h FROM [dbo].[Hierarchy] h WHERE h.UniformKey = '872f9ad3-e7f2-4722-bda3-b1c0391db6be' 
DELETE h FROM [dbo].[Hierarchy] h WHERE h.UniformKey = 'f3f5b2bf-e667-4eab-9367-93684bc12543' 
DELETE FROM [dbo].[DocumentMain]
 WHERE [DocumentKey] = '872f9ad3-e7f2-4722-bda3-b1c0391db6be' 
(0 rows affected)
(1 row affected)
(1 row affected)

-- $/Design Business Object Schema/ReferenceDate
DELETE h FROM [dbo].[Hierarchy] h WHERE h.UniformKey = '48d41763-6da7-40e1-b779-bca5b0a3d7f5' 
DELETE h FROM [dbo].[Hierarchy] h WHERE h.UniformKey = 'b75f0fc1-6f3d-469e-b616-4113c1a0b20a' 
DELETE FROM [dbo].[DocumentMain]
 WHERE [DocumentKey] = '48d41763-6da7-40e1-b779-bca5b0a3d7f5' 
(0 rows affected)
(1 row affected)
(1 row affected)

-- $/Design Business Object Schema/CsAddressFormats
DELETE h FROM [dbo].[Hierarchy] h WHERE h.UniformKey = '56890937-688c-4157-bee0-bce2cb526263' 
DELETE h FROM [dbo].[Hierarchy] h WHERE h.UniformKey = '9434b7b2-6d4a-4e2d-8bdd-49c889e60ffe' 
DELETE FROM [dbo].[DocumentMain]
 WHERE [DocumentKey] = '56890937-688c-4157-bee0-bce2cb526263' 
(0 rows affected)
(1 row affected)
(1 row affected)

-- $/Design Business Object Schema/VolunteerHistory
DELETE h FROM [dbo].[Hierarchy] h WHERE h.UniformKey = '3864dcc0-1119-409c-8a8c-c0e0104f8a73' 
DELETE h FROM [dbo].[Hierarchy] h WHERE h.UniformKey = '0af98baf-5162-4908-bc34-057095a49e26' 
DELETE FROM [dbo].[DocumentMain]
 WHERE [DocumentKey] = '3864dcc0-1119-409c-8a8c-c0e0104f8a73' 
(0 rows affected)
(1 row affected)
(1 row affected)

-- $/Design Business Object Schema/CsContactBasic
DELETE h FROM [dbo].[Hierarchy] h WHERE h.UniformKey = 'c7d94124-401a-4b23-a95c-c5faf264079d' 
DELETE h FROM [dbo].[Hierarchy] h WHERE h.UniformKey = '36d0159b-2223-499e-8ccf-e95d26fde08d' 
DELETE FROM [dbo].[DocumentMain]
 WHERE [DocumentKey] = 'c7d94124-401a-4b23-a95c-c5faf264079d' 
(0 rows affected)
(1 row affected)
(1 row affected)

-- $/Design Business Object Schema/GiftSummary
DELETE h FROM [dbo].[Hierarchy] h WHERE h.UniformKey = '779491e3-2b0d-4c49-a267-cdd8038a2116' 
DELETE h FROM [dbo].[Hierarchy] h WHERE h.UniformKey = 'f5e1c802-f541-4061-8c38-66e8fe065689' 
DELETE FROM [dbo].[DocumentMain]
 WHERE [DocumentKey] = '779491e3-2b0d-4c49-a267-cdd8038a2116' 
(0 rows affected)
(1 row affected)
(1 row affected)

-- $/Design Business Object Schema/GLDailyTransactionData
DELETE h FROM [dbo].[Hierarchy] h WHERE h.UniformKey = '6057f4b4-ee3b-404b-9013-d464c5f9ffec' 
DELETE h FROM [dbo].[Hierarchy] h WHERE h.UniformKey = '0be29cc9-473e-4307-8cdf-f7c117d9050f' 
DELETE FROM [dbo].[DocumentMain]
 WHERE [DocumentKey] = '6057f4b4-ee3b-404b-9013-d464c5f9ffec' 
(0 rows affected)
(1 row affected)
(1 row affected)

-- $/Design Business Object Schema/DayOfTheWeekRef
DELETE h FROM [dbo].[Hierarchy] h WHERE h.UniformKey = '21a5fa12-37d8-4fc8-97e1-db9b73798145' 
DELETE h FROM [dbo].[Hierarchy] h WHERE h.UniformKey = '99b3f4ab-6aed-4ef8-9c2a-ed961339ec9f' 
DELETE FROM [dbo].[DocumentMain]
 WHERE [DocumentKey] = '21a5fa12-37d8-4fc8-97e1-db9b73798145' 
(0 rows affected)
(1 row affected)
(1 row affected)

-- $/Design Business Object Schema/ProfileDocuments
DELETE h FROM [dbo].[Hierarchy] h WHERE h.UniformKey = 'c8300e79-3456-4c16-88a5-dd64f8dff6cc' 
DELETE h FROM [dbo].[Hierarchy] h WHERE h.UniformKey = 'bd360d1f-e872-430f-aad9-d8fd131efdce' 
DELETE FROM [dbo].[DocumentMain]
 WHERE [DocumentKey] = 'c8300e79-3456-4c16-88a5-dd64f8dff6cc' 
(0 rows affected)
(1 row affected)
(1 row affected)

-- $/Design Business Object Schema/CommunicationLogSummary
DELETE h FROM [dbo].[Hierarchy] h WHERE h.UniformKey = '48f55682-979b-438b-8339-e17f5e151189' 
DELETE h FROM [dbo].[Hierarchy] h WHERE h.UniformKey = '3fd10479-0885-4295-9e97-2bcfcd5f1525' 
DELETE FROM [dbo].[DocumentMain]
 WHERE [DocumentKey] = '48f55682-979b-438b-8339-e17f5e151189' 
(0 rows affected)
(1 row affected)
(1 row affected)

-- $/Design Business Object Schema/Promotion
DELETE h FROM [dbo].[Hierarchy] h WHERE h.UniformKey = '159ef987-65fc-44c0-b3d9-e62bc02f95db' 
DELETE h FROM [dbo].[Hierarchy] h WHERE h.UniformKey = 'e2ba98d0-e8b5-4130-a517-e674103494be' 
DELETE FROM [dbo].[DocumentMain]
 WHERE [DocumentKey] = '159ef987-65fc-44c0-b3d9-e62bc02f95db' 
(0 rows affected)
(1 row affected)
(1 row affected)

-- $/Design Business Object Schema/GLBatchTransactionData
DELETE h FROM [dbo].[Hierarchy] h WHERE h.UniformKey = '36f71ab9-3ff5-4dd2-979a-e9eda7e7f777' 
DELETE h FROM [dbo].[Hierarchy] h WHERE h.UniformKey = '2e5ddecc-6a99-4f33-b7c6-46ca554457c2' 
DELETE FROM [dbo].[DocumentMain]
 WHERE [DocumentKey] = '36f71ab9-3ff5-4dd2-979a-e9eda7e7f777' 
(0 rows affected)
(1 row affected)
(1 row affected)

-- $/Design Business Object Schema/CMNotificationsDue
DELETE h FROM [dbo].[Hierarchy] h WHERE h.UniformKey = 'cbdedcc7-a0a7-485a-b37a-eb849b02bca7' 
DELETE h FROM [dbo].[Hierarchy] h WHERE h.UniformKey = '39ea5086-c87e-4d90-8e27-95cde69df296' 
DELETE FROM [dbo].[DocumentMain]
 WHERE [DocumentKey] = 'cbdedcc7-a0a7-485a-b37a-eb849b02bca7' 
(0 rows affected)
(1 row affected)
(1 row affected)

-- $/Design Business Object Schema/CsProductLocation
DELETE h FROM [dbo].[Hierarchy] h WHERE h.UniformKey = 'eb09d026-8a19-4409-ae32-eb93e49fcede' 
DELETE h FROM [dbo].[Hierarchy] h WHERE h.UniformKey = '83fc08ef-f726-48c0-adbb-0fdb128a9804' 
DELETE FROM [dbo].[DocumentMain]
 WHERE [DocumentKey] = 'eb09d026-8a19-4409-ae32-eb93e49fcede' 
(0 rows affected)
(1 row affected)
(1 row affected)

-- $/Design Business Object Schema/EngagementScoreCurrentData
DELETE h FROM [dbo].[Hierarchy] h WHERE h.UniformKey = 'c9389da1-36b4-4529-9668-ee61c60e4f57' 
DELETE h FROM [dbo].[Hierarchy] h WHERE h.UniformKey = '642c4de2-73e5-49bb-be80-942c939787e2' 
DELETE FROM [dbo].[DocumentMain]
 WHERE [DocumentKey] = 'c9389da1-36b4-4529-9668-ee61c60e4f57' 
(0 rows affected)
(1 row affected)
(1 row affected)

-- $/Design Business Object Schema/ExpiredMemberUpdateDetailLog
DELETE h FROM [dbo].[Hierarchy] h WHERE h.UniformKey = '9f790a27-a47c-45c5-9287-f306b3be8dbd' 
DELETE h FROM [dbo].[Hierarchy] h WHERE h.UniformKey = '5db8de2a-4933-4055-b1f7-47d4eece1313' 
DELETE FROM [dbo].[DocumentMain]
 WHERE [DocumentKey] = '9f790a27-a47c-45c5-9287-f306b3be8dbd' 
(0 rows affected)
(1 row affected)
(1 row affected)

-- $/Design Business Object Schema/SystemParamInt
DELETE h FROM [dbo].[Hierarchy] h WHERE h.UniformKey = '133f3d95-a8e8-4661-805e-f458e15ec464' 
DELETE h FROM [dbo].[Hierarchy] h WHERE h.UniformKey = '53378af2-2525-449f-acbc-e47b10f3b87c' 
DELETE FROM [dbo].[DocumentMain]
 WHERE [DocumentKey] = '133f3d95-a8e8-4661-805e-f458e15ec464' 
(0 rows affected)
(1 row affected)
(1 row affected)

-- $/Design Business Object Schema/CsFreightDollar
DELETE h FROM [dbo].[Hierarchy] h WHERE h.UniformKey = '6f1474bd-5ec0-4505-abcd-f70bfb11f7cc' 
DELETE h FROM [dbo].[Hierarchy] h WHERE h.UniformKey = 'a5d7ce39-390b-45b5-a24b-51749b11adb8' 
DELETE FROM [dbo].[DocumentMain]
 WHERE [DocumentKey] = '6f1474bd-5ec0-4505-abcd-f70bfb11f7cc' 
(0 rows affected)
(1 row affected)
(1 row affected)

-- $/Design Business Object Schema/EngagementScoreYearlyData
DELETE h FROM [dbo].[Hierarchy] h WHERE h.UniformKey = 'b6d8efbf-b563-4f90-8d54-f76c6d1e5457' 
DELETE h FROM [dbo].[Hierarchy] h WHERE h.UniformKey = 'e3d35e8c-572d-43b5-9762-eb5be51c15ea' 
DELETE FROM [dbo].[DocumentMain]
 WHERE [DocumentKey] = 'b6d8efbf-b563-4f90-8d54-f76c6d1e5457' 
(0 rows affected)
(1 row affected)
(1 row affected)

