ALTER TABLE [AccessArea] DROP CONSTRAINT [FK_AccessArea_UserMain_UpdatedBy]
ALTER TABLE [AccessArea] DROP CONSTRAINT [FK_AccessArea_UserMain_CreatedBy]
ALTER TABLE [AccessArea] DROP CONSTRAINT [FK_AccessArea_AccessMain]
ALTER TABLE [AccessItem] DROP CONSTRAINT [FK_AccessItem_UserMain]
ALTER TABLE [AccessItem] DROP CONSTRAINT [FK_AccessItem_AccessMain]
ALTER TABLE [AccessItem] DROP CONSTRAINT [FK_AccessItem_GroupMain]
ALTER TABLE [AccessItem] DROP CONSTRAINT [FK_AccessItem_RoleMain]
ALTER TABLE [AccessMain] DROP CONSTRAINT [FK_AccessMain_UserMain_CreatedBy]
ALTER TABLE [AccessMain] DROP CONSTRAINT [FK_AccessMain_UserMain_UpdatedBy]
ALTER TABLE [ActionPlan] DROP CONSTRAINT [FK_ActionPlan_OpportunityType]
ALTER TABLE [ActionPlan] DROP CONSTRAINT [FK_ActionPlan_UserMain_CreatedBy]
ALTER TABLE [ActionPlan] DROP CONSTRAINT [FK_ActionPlan_UserMain_UpdatedBy]
ALTER TABLE [AddressCategoryPreferences] DROP CONSTRAINT [FK_AddressCategoryPreferences_AddressCategoryRef]
ALTER TABLE [AddressCategoryPreferences] DROP CONSTRAINT [FK_AddressCategoryPreferences_ContactMain]
ALTER TABLE [AddressFormatRef] DROP CONSTRAINT [FK_AddressFormatRef_UserMain_CreatedBy]
ALTER TABLE [AddressFormatRef] DROP CONSTRAINT [FK_AddressFormatRef_UserMain_UpdatedBy]
ALTER TABLE [AddressMain] DROP CONSTRAINT [FK_AddressMain_UserMain_CreatedBy]
ALTER TABLE [AddressMain] DROP CONSTRAINT [FK_AddressMain_UserMain_UpdatedBy]
ALTER TABLE [AddressMain] DROP CONSTRAINT [FK_AddressMain_AddressCategoryRef]
ALTER TABLE [AddressMain] DROP CONSTRAINT [FK_AddressMain_AddressStatusRef]
ALTER TABLE [AddressMain] DROP CONSTRAINT [FK_AddressMain_ContactMain]
ALTER TABLE [AddressMain] DROP CONSTRAINT [FK_AddressMain_BadAddressRef]
ALTER TABLE [AddressMain] DROP CONSTRAINT [FK_AddressMain_SystemEntity]
ALTER TABLE [AddressPurposeContactType] DROP CONSTRAINT [FK_AddressPurposeContactType_ContactTypeRef]
ALTER TABLE [AddressPurposeContactType] DROP CONSTRAINT [FK_AddressPurposeContactType_AddressPurposeRef]
ALTER TABLE [AddressPurposeRef] DROP CONSTRAINT [FK_AddressPurposeRef_UserMain_CreatedBy]
ALTER TABLE [AddressPurposeRef] DROP CONSTRAINT [FK_AddressPurposeRef_UserMain_UpdatedBy]
ALTER TABLE [AddressPurposeRef] DROP CONSTRAINT [FK_AddressPurposeRef_UniformRegistry]
ALTER TABLE [AddressToUse] DROP CONSTRAINT [FK_AddressToUse_ContactMain]
ALTER TABLE [AddressToUse] DROP CONSTRAINT [FK_AddressToUse_FullAddress]
ALTER TABLE [AddressToUse] DROP CONSTRAINT [FK_AddressToUse_FullAddress_SeasonalRevertFullAddress]
ALTER TABLE [AddressToUse] DROP CONSTRAINT [FK_AddressToUse_CommunicationReasonRef]
ALTER TABLE [AddressTypeRef] DROP CONSTRAINT [FK_AddressTypeRef_CommunicationMechanismRef]
ALTER TABLE [Admin_Section_Ref] DROP CONSTRAINT [FK_Admin_Section_Ref_Component_Ref]
ALTER TABLE [Admin_Security] DROP CONSTRAINT [FK_ADMIN_SECURITY_ADMIN_SECTIO]
ALTER TABLE [AppealMain] DROP CONSTRAINT [FK_AppealMain_AccessMain]
ALTER TABLE [AppealMain] DROP CONSTRAINT [FK_AppealMain_AppealStatusRef]
ALTER TABLE [AppealMain] DROP CONSTRAINT [FK_AppealMain_CampaignMain]
ALTER TABLE [AppealMain] DROP CONSTRAINT [FK_AppealMain_UniformRegistry]
ALTER TABLE [AppealMain] DROP CONSTRAINT [FK_AppealMain_UserMain_UpdatedBy]
ALTER TABLE [AppealMain] DROP CONSTRAINT [FK_AppealMain_UserMain_CreatedBy]
ALTER TABLE [AppealParticipation] DROP CONSTRAINT [FK_AppealParticipation_UserMain_CreatedBy]
ALTER TABLE [AppealParticipation] DROP CONSTRAINT [FK_AppealParticipation_UserMain_UpdatedBy]
ALTER TABLE [AppealParticipation] DROP CONSTRAINT [FK_AppealParticipation_AppealMain]
ALTER TABLE [AppealParticipation] DROP CONSTRAINT [FK_AppealParticipation_ResponseTypeRef]
ALTER TABLE [AppealParticipation] DROP CONSTRAINT [FK_AppealParticipation_SourceCode]
ALTER TABLE [AppealParticipation] DROP CONSTRAINT [FK_AppealParticipation_SolicitationMain]
ALTER TABLE [AppealProduct] DROP CONSTRAINT [FK_AppealProduct_AppealMain]
ALTER TABLE [AtomPanel] DROP CONSTRAINT [FK_AtomPanel_AtomPanelFactoryStateRef]
ALTER TABLE [AtomPanel] DROP CONSTRAINT [FK_AtomPanel_AtomPanelPurposeRef]
ALTER TABLE [AtomPanel] DROP CONSTRAINT [FK_AtomPanel_ComponentRegistry]
ALTER TABLE [AtomPanel] DROP CONSTRAINT [FK_AtomPanel_AtomPanelStatusRef]
ALTER TABLE [AtomPanel] DROP CONSTRAINT [FK_AtomPanel_AtomPanelTypeRef]
ALTER TABLE [AtomPanel] DROP CONSTRAINT [FK_AtomPanel_UserMain_UpdatedBy]
ALTER TABLE [AtomPanelTemplate] DROP CONSTRAINT [FK_AtomPanelTemplate_Website]
ALTER TABLE [AtomPanelTemplate] DROP CONSTRAINT [FK_AtomPanelTemplate_AtomPanelTemplateTypeRef]
ALTER TABLE [AtomPanelWebsite] DROP CONSTRAINT [FK_AtomPanelWebsite_Website]
ALTER TABLE [AtomPanelWebsite] DROP CONSTRAINT [FK_AtomPanelWebsite_AtomPanel]
ALTER TABLE [AutoPayAccount] DROP CONSTRAINT [FK_AutoPayAccount_UserMain]
ALTER TABLE [AutoPayAccount] DROP CONSTRAINT [FK_AutoPayAccount_UserMain2]
ALTER TABLE [AutoPayInstruction] DROP CONSTRAINT [FK_AutoPayInstrution_IntervalTypeRef]
ALTER TABLE [AutoPayInstruction] DROP CONSTRAINT [FK_AutoPayInstrution_Product]
ALTER TABLE [AutoPayInstruction] DROP CONSTRAINT [FK_AutoPayInstruction_AutoPayAccount]
ALTER TABLE [AutoPayInstruction] DROP CONSTRAINT [FK_AutoPayInstruction_UserMain2]
ALTER TABLE [AutoPayInstruction] DROP CONSTRAINT [FK_AutoPayInstruction_UserMain]
ALTER TABLE [AutoPayInstruction] DROP CONSTRAINT [FK_AutoPayInstruction_PaymentTerms]
ALTER TABLE [BatchSetup] DROP CONSTRAINT [FK_BatchSetup_SystemEntity]
ALTER TABLE [BatchSetup] DROP CONSTRAINT [FK_BatchSetup_UserMain_CreatedBy]
ALTER TABLE [BatchSetup] DROP CONSTRAINT [FK_BatchSetup_UserMain_UpdatedBy]
ALTER TABLE [BillingLogItem] DROP CONSTRAINT [FK_BillingLogItem_BillingLog]
ALTER TABLE [CalculatedEngagementScore] DROP CONSTRAINT [FK_CalculatedEngagementScore_ContactMain]
ALTER TABLE [CalculatedEngagementScore] DROP CONSTRAINT [FK_CalculatedEngagementScore_ScoreComponent]
ALTER TABLE [CalculatedEngagementScore] DROP CONSTRAINT [FK_CalculatedEngagementScore_EngagementScore]
ALTER TABLE [CampaignMain] DROP CONSTRAINT [FK_CampaignMain_UserMain_UpdatedBy]
ALTER TABLE [CampaignMain] DROP CONSTRAINT [FK_CampaignMain_CampaignTypeRef]
ALTER TABLE [CampaignMain] DROP CONSTRAINT [FK_CampaignMain_UserMain_CreatedBy]
ALTER TABLE [CampaignMain] DROP CONSTRAINT [FK_CampaignMain_SystemEntity]
ALTER TABLE [CampaignMain] DROP CONSTRAINT [FK_CampaignMain_UniformRegistry]
ALTER TABLE [CampaignMain] DROP CONSTRAINT [FK_CampaignMain_CampaignStatusRef]
ALTER TABLE [CampaignMain] DROP CONSTRAINT [FK_CampaignMain_AccessMain]
ALTER TABLE [CampaignParticipation] DROP CONSTRAINT [FK_CampaignParticipation_UserMain_UpdatedBy]
ALTER TABLE [CampaignParticipation] DROP CONSTRAINT [FK_CampaignParticipation_SourceCode]
ALTER TABLE [CampaignParticipation] DROP CONSTRAINT [FK_CampaignParticipation_CampaignMain]
ALTER TABLE [CampaignParticipation] DROP CONSTRAINT [FK_CampaignParticipation_ResponseTypeRef]
ALTER TABLE [CampaignParticipation] DROP CONSTRAINT [FK_CampaignParticipation_UserMain_CreatedBy]
ALTER TABLE [CartBilling] DROP CONSTRAINT [FK_CartBilling_CartItem]
ALTER TABLE [CartEvent] DROP CONSTRAINT [FK_CartEvent_CartItem]
ALTER TABLE [CartEventFunction] DROP CONSTRAINT [FK_CartEventFunction_CartEvent]
ALTER TABLE [CartOrder] DROP CONSTRAINT [FK_CartOrder_CartItem]
ALTER TABLE [CartOrder] DROP CONSTRAINT [FK_CartOrder_OrderProduct]
ALTER TABLE [CertificationModule] DROP CONSTRAINT [FK_CertificationModule_UserMain_CreatedBy]
ALTER TABLE [CertificationModule] DROP CONSTRAINT [FK_CertificationModule_CertificationModuleStatusRef]
ALTER TABLE [CertificationModule] DROP CONSTRAINT [FK_CertificationModule_UserMain_UpdatedBy]
ALTER TABLE [CertificationModuleGrade] DROP CONSTRAINT [FK_CertificationModuleGrade_UserMain_CreatedBy]
ALTER TABLE [CertificationModuleGrade] DROP CONSTRAINT [FK_CertificationModuleGrade_UserMain_UpdatedBy]
ALTER TABLE [CertificationModuleGrade] DROP CONSTRAINT [FK_CertificationModuleGrade_CertificationModule]
ALTER TABLE [CertificationModuleGrade] DROP CONSTRAINT [FK_CertificationModuleGrade_GradeRef]
ALTER TABLE [CertificationModuleProduct] DROP CONSTRAINT [FK_CertificationModuleProduct_UserMain_CreatedBy]
ALTER TABLE [CertificationModuleProduct] DROP CONSTRAINT [FK_CertificationModuleProduct_UserMain_UpdatedBy]
ALTER TABLE [CertificationModuleProduct] DROP CONSTRAINT [FK_CertificationModuleProduct_CertificationModule]
ALTER TABLE [CertificationModuleRegistration] DROP CONSTRAINT [FK_CertificationModuleRegistration_OfferedCustomerExperience]
ALTER TABLE [CertificationModuleRegistration] DROP CONSTRAINT [FK_CertificationModuleRegistration_CertificationModule]
ALTER TABLE [CertificationModuleRegistration] DROP CONSTRAINT [FK_CertificationModuleRegistration_RegistrationStatusRef]
ALTER TABLE [CertificationModuleRegistration] DROP CONSTRAINT [FK_CertificationModuleRegistration_CertificationProgramRegistration]
ALTER TABLE [CertificationProgram] DROP CONSTRAINT [FK_CertificationProgram_CertificationProgram]
ALTER TABLE [CertificationProgram] DROP CONSTRAINT [FK_CertificationProgram_ProgramStatusRef]
ALTER TABLE [CertificationProgram] DROP CONSTRAINT [FK_CertificationProgram_CertificationProgramGroup]
ALTER TABLE [CertificationProgram] DROP CONSTRAINT [FK_CertificationProgram_ExperienceUnit]
ALTER TABLE [CertificationProgram] DROP CONSTRAINT [FK_CertificationProgram_UserMain_CreatedBy]
ALTER TABLE [CertificationProgram] DROP CONSTRAINT [FK_CertificationProgram_UserMain_UpdatedBy]
ALTER TABLE [CertificationProgramCertificationModule] DROP CONSTRAINT [FK_CertificationProgramCertificationModule_CertificationModule]
ALTER TABLE [CertificationProgramCertificationModule] DROP CONSTRAINT [FK_CertificationProgramCertificationModule_CertificationProgram]
ALTER TABLE [CertificationProgramProduct] DROP CONSTRAINT [FK_CertificationProgramProduct_UserMain_UpdatedBy]
ALTER TABLE [CertificationProgramProduct] DROP CONSTRAINT [FK_CertificationProgramProduct_UserMain_CreatedBy]
ALTER TABLE [CertificationProgramProduct] DROP CONSTRAINT [FK_CertificationProgramProduct_CertificationProgram]
ALTER TABLE [CertificationProgramRegistration] DROP CONSTRAINT [FK_CertificationProgramRegistration_ContactMain]
ALTER TABLE [CertificationProgramRegistration] DROP CONSTRAINT [FK_CertificationProgramRegistration_CertificationProgram]
ALTER TABLE [CertificationProgramRegistration] DROP CONSTRAINT [FK_CertificationProgramRegistration_RegistrationStatusRef]
ALTER TABLE [CertificationProgramRegistration] DROP CONSTRAINT [FK_CertificationProgramRegistration_UserMain_UpdatedBy]
ALTER TABLE [CertificationProgramRegistration] DROP CONSTRAINT [FK_CertificationProgramRegistration_UserMain_CreatedBy]
ALTER TABLE [CertificationProgramRegistrationCertificationModule] DROP CONSTRAINT [FK_CertificationProgramRegistrationCertificationModule_CertificationModule]
ALTER TABLE [CertificationProgramRegistrationCertificationModule] DROP CONSTRAINT [FK_CertificationProgramRegistrationCertificationModule_CertificationProgramRegistration]
ALTER TABLE [ChangeLog] DROP CONSTRAINT [FK_ChangeLog_OrganizationMain]
ALTER TABLE [ChangeLog] DROP CONSTRAINT [FK_ChangeLog_UserMain_CreatedBy]
ALTER TABLE [ChangeProperty] DROP CONSTRAINT [FK_ChangeProperty_ChangeLog]
ALTER TABLE [CommunicationLog] DROP CONSTRAINT [FK_CommunicationLog_CommunicationReasonRef]
ALTER TABLE [CommunicationLog] DROP CONSTRAINT [FK_CommunicationLog_CommunicationLogStatusRef]
ALTER TABLE [CommunicationLog] DROP CONSTRAINT [FK_CommunicationLog_SourceCode]
ALTER TABLE [CommunicationLog] DROP CONSTRAINT [FK_CommunicationLog_CreatedByUserMain]
ALTER TABLE [CommunicationLog] DROP CONSTRAINT [FK_CommunicationLog_UserMain_UpdatedBy]
ALTER TABLE [CommunicationLogEvent] DROP CONSTRAINT [FK_CommunicationLogEvent_CreatedByUserMain]
ALTER TABLE [CommunicationLogEvent] DROP CONSTRAINT [FK_CommunicationLogEvent_CommunicationLogRecipient]
ALTER TABLE [CommunicationLogEvent] DROP CONSTRAINT [FK_CommunicationLogEvent_CommunicationLogEventTypeRef]
ALTER TABLE [CommunicationLogRecipient] DROP CONSTRAINT [FK_CommunicationLogRecipient_CommunicationMessageTypeRef]
ALTER TABLE [CommunicationLogRecipient] DROP CONSTRAINT [FK_CommunicationLogRecipient_CrearedByUserMain]
ALTER TABLE [CommunicationLogRecipient] DROP CONSTRAINT [FK_CommunicationLogRecipient_UpdatedByUserMain]
ALTER TABLE [CommunicationLogRecipient] DROP CONSTRAINT [FK_CommunicationLogRecipient_ContactMain]
ALTER TABLE [CommunicationLogRecipient] DROP CONSTRAINT [FK_CommunicationLogRecipient_LastCommunicationLogEventTypeRef]
ALTER TABLE [CommunicationLogRecipient] DROP CONSTRAINT [FK_CommunicationLogRecipient_CommunicationLog]
ALTER TABLE [CommunicationLogRecipientAttachment] DROP CONSTRAINT [FK_CommunicationLogRecipientAttachment_UserMain_CreatedBy]
ALTER TABLE [CommunicationLogRecipientAttachment] DROP CONSTRAINT [FK_CommunicationLogRecipientAttachment_UserMain_UpdatedBy]
ALTER TABLE [CommunicationReasonRef] DROP CONSTRAINT [FK_CommunicationReasonRef_UniformRegistry]
ALTER TABLE [CompanyNaicsSic] DROP CONSTRAINT [FK_CompanyNaicsSic_Institute]
ALTER TABLE [Component_Email] DROP CONSTRAINT [FK_ComponentEmail_Component]
ALTER TABLE [Component_Email_Variable_Ref] DROP CONSTRAINT [FK_ComponentEmailVar_CompEmail]
ALTER TABLE [Component_Interest_Category] DROP CONSTRAINT [FK_ComponentIntCat_Comp]
ALTER TABLE [Component_Interest_Category] DROP CONSTRAINT [FK_ComponentIntCat_IntCat]
ALTER TABLE [Component_Interest_Group] DROP CONSTRAINT [FK_Component_Interest_Group_Interest_Category]
ALTER TABLE [Component_Script_Ref] DROP CONSTRAINT [FK_ComponentScript_Component]
ALTER TABLE [ComponentRegistryCategory] DROP CONSTRAINT [FK_ComponentRegistryCategory_ComponentCategoryRef]
ALTER TABLE [ComponentRegistryCategory] DROP CONSTRAINT [FK_ComponentRegistryCategory_ComponentRegistry]
ALTER TABLE [ContactAddress] DROP CONSTRAINT [FK_ContactAddress_ContactMain]
ALTER TABLE [ContactAddress] DROP CONSTRAINT [FK_ContactAddress_AddressMain]
ALTER TABLE [ContactAddress] DROP CONSTRAINT [FK_ContactAddress_AddressTypeRef]
ALTER TABLE [ContactAddress] DROP CONSTRAINT [FK_ContactAddress_AddressCategoryRef]
ALTER TABLE [ContactBiography] DROP CONSTRAINT [FK_ContactBiography_UserMain_UpdatedBy]
ALTER TABLE [ContactBiography] DROP CONSTRAINT [FK_ContactBio_ContactMain]
ALTER TABLE [ContactCommunicationReasonPreferences] DROP CONSTRAINT [FK_ContactCommunicationReasonPreferences_CommunicationReasonRef]
ALTER TABLE [ContactCommunicationReasonPreferences] DROP CONSTRAINT [FK_ContactCommunicationReasonPreferences_ContactMain]
ALTER TABLE [ContactCommunicationReasonPreferences] DROP CONSTRAINT [FK_ContactCommunicationReasonPreferences_AddressCategoryRef]
ALTER TABLE [ContactCommunicationReasonPreferences] DROP CONSTRAINT [FK_ContactCommunicationReasonPreferences_CreatedBy]
ALTER TABLE [ContactCommunicationReasonPreferences] DROP CONSTRAINT [FK_ContactCommunicationReasonPreferences_UpdatedBy]
ALTER TABLE [ContactDuplicateCheckFormula] DROP CONSTRAINT [FK_ContactDuplicateCheckFormula_UserMain_CreatedBy]
ALTER TABLE [ContactDuplicateCheckFormula] DROP CONSTRAINT [FK_ContactDuplicateCheckFormula_UserMain_UpdatedBy]
ALTER TABLE [ContactDuplicateCheckFormula] DROP CONSTRAINT [FK_ContactDuplicateCheckFormula_SystemEntity]
ALTER TABLE [ContactEducation] DROP CONSTRAINT [FK_ContactEducation_EducationRef]
ALTER TABLE [ContactEducation] DROP CONSTRAINT [FK_ContactEducation_Individual]
ALTER TABLE [ContactEducation] DROP CONSTRAINT [FK_ContactEducation_UserMain_UpdatedBy]
ALTER TABLE [ContactFundraising] DROP CONSTRAINT [FK_ContactFundRaising_ContactMain]
ALTER TABLE [ContactFundraising] DROP CONSTRAINT [FK_ContactFundRaising_GroupMain_Solicitor]
ALTER TABLE [ContactFundraising] DROP CONSTRAINT [FK_ContactFundRaising_GroupMain_SoftCredit]
ALTER TABLE [ContactFundraising] DROP CONSTRAINT [FK_ContactFundraising_FundraisingPreferenceRef_Receipt]
ALTER TABLE [ContactLog] DROP CONSTRAINT [FK_ContactLog_ContactMain]
ALTER TABLE [ContactLog] DROP CONSTRAINT [FK_ContactLog_OrganizationMain]
ALTER TABLE [ContactLog] DROP CONSTRAINT [FK_ContactLog_UserMain_CreatedBy]
ALTER TABLE [ContactMain] DROP CONSTRAINT [FK_ContactMain_UserMain_UpdatedBy]
ALTER TABLE [ContactMain] DROP CONSTRAINT [FK_ContactMain_UserMain_CreatedBy]
ALTER TABLE [ContactMain] DROP CONSTRAINT [FK_ContactMain_AccessMain]
ALTER TABLE [ContactMain] DROP CONSTRAINT [FK_ContactMain_GroupMain_PrimaryMembership]
ALTER TABLE [ContactMain] DROP CONSTRAINT [FK_ContactMain_UniformRegistry]
ALTER TABLE [ContactMain] DROP CONSTRAINT [FK_ContactMain_ContactTypeRef]
ALTER TABLE [ContactMain] DROP CONSTRAINT [FK_ContactMain_AddressCategoryRef_Preferred]
ALTER TABLE [ContactMain] DROP CONSTRAINT [FK_ContactMain_ContactStatusRef]
ALTER TABLE [ContactOffering] DROP CONSTRAINT [FK_ContactOffering_ContactBio]
ALTER TABLE [ContactOffering] DROP CONSTRAINT [FK_ContactOffering_ContactOfferringRef]
ALTER TABLE [ContactPicture] DROP CONSTRAINT [FK_ContactPicture_ContactMain]
ALTER TABLE [ContactPicture] DROP CONSTRAINT [FK_ContactPicture_PicturePurposeRef]
ALTER TABLE [ContactPicture] DROP CONSTRAINT [FK_ContactPicture_UserMain_UpdatedBy]
ALTER TABLE [ContactSalutation] DROP CONSTRAINT [FK_ContactSalutation_ContactMain]
ALTER TABLE [ContactSalutation] DROP CONSTRAINT [FK_ContactSalutation_SalutationRef]
ALTER TABLE [ContactSkill] DROP CONSTRAINT [FK_ContactSkill_ContactSkillRef]
ALTER TABLE [ContactSkill] DROP CONSTRAINT [FK_ContactSkill_ContactBio]
ALTER TABLE [ContactSocialNetwork] DROP CONSTRAINT [FK_ContactSocialNetwork_SocialNetworkRef]
ALTER TABLE [ContactSocialNetwork] DROP CONSTRAINT [FK_ContactSocialNetwork_ContactMain]
ALTER TABLE [ContactTypeRef] DROP CONSTRAINT [FK_ContactTypeRef_GroupTypeRef]
ALTER TABLE [Content] DROP CONSTRAINT [FK_Content_Content]
ALTER TABLE [Content] DROP CONSTRAINT [FK_Content_Content_OriginalContentID]
ALTER TABLE [Content] DROP CONSTRAINT [FK_Content_Component_Ref]
ALTER TABLE [Content] DROP CONSTRAINT [FK_Content_NavMenu]
ALTER TABLE [Content] DROP CONSTRAINT [FK_Content_Producer]
ALTER TABLE [Content] DROP CONSTRAINT [FK_Content_WorkflowStatus]
ALTER TABLE [Content_Authority_Producer] DROP CONSTRAINT [FK_ContentAuthorityProd_CAG]
ALTER TABLE [Content_Authority_Producer] DROP CONSTRAINT [FK_ContentAuthorityProd_Prod]
ALTER TABLE [Content_Change_Request] DROP CONSTRAINT [FK_Content_Change_Request_Request_Status_Ref]
ALTER TABLE [Content_Change_Request] DROP CONSTRAINT [FK_Content_Change_Request_Content]
ALTER TABLE [Content_File] DROP CONSTRAINT [FK_Content_File_PreviousContentFileID]
ALTER TABLE [Content_File] DROP CONSTRAINT [FK_Content_File_OriginalContentFileID]
ALTER TABLE [Content_File] DROP CONSTRAINT [FK_Content_File_Content]
ALTER TABLE [Content_File] DROP CONSTRAINT [FK_ContentFile_FileType]
ALTER TABLE [Content_HTML] DROP CONSTRAINT [FK_Content_HTML_Content]
ALTER TABLE [Content_Link] DROP CONSTRAINT [FK_Content_Link_Content]
ALTER TABLE [Content_Link] DROP CONSTRAINT [FK_Content_Link_PreviousContentLinkID]
ALTER TABLE [Content_Security_Group] DROP CONSTRAINT [FK_Content_Security_Group_Content]
ALTER TABLE [Content_Workflow_Log] DROP CONSTRAINT [FK_ContentWorkLog_Workflow]
ALTER TABLE [Content_Workflow_Log] DROP CONSTRAINT [FK_ContentWorkLog_Content]
ALTER TABLE [ContentChangeRequest] DROP CONSTRAINT [FK_ContentChangeRequest_UniformRegistry]
ALTER TABLE [ContentChangeRequest] DROP CONSTRAINT [FK_ContentChangeRequest_UserMain_AssignedTo]
ALTER TABLE [ContentChangeRequest] DROP CONSTRAINT [FK_ContentChangeRequest_UserMain_ReassignedTo]
ALTER TABLE [ContentChangeRequest] DROP CONSTRAINT [FK_ContentChangeRequest_UserMain_AssignedBy]
ALTER TABLE [ContentManagerAuthorityGroup] DROP CONSTRAINT [FK_ContentManagerAuthorityGroup_GroupMain]
ALTER TABLE [ContentUserDefinedFieldValue] DROP CONSTRAINT [FK_ContentUserDefinedFieldValue_UserDefinedFieldRef]
ALTER TABLE [ContentWorkflowParameters] DROP CONSTRAINT [FK_ContentWorkflowParameters_GroupMember]
ALTER TABLE [ContentWorkflowParameters] DROP CONSTRAINT [FK_ContentWorkflowParameters_ContentManagerAuthorityGroup]
ALTER TABLE [ContentWorkflowParameters] DROP CONSTRAINT [FK_ContentWorkflowParameters_UniformRegistry]
ALTER TABLE [CostTier] DROP CONSTRAINT [FK_CostTier_CostMethodRef]
ALTER TABLE [CountryRef] DROP CONSTRAINT [FK_CountryRef_AddressFormatRef]
ALTER TABLE [CountryRef] DROP CONSTRAINT [FK_CountryRef_GroupMain_Chapter]
ALTER TABLE [CountryRef] DROP CONSTRAINT [FK_CountryRef_UserMain_UpdatedBy]
ALTER TABLE [CreditInvoiceExport] DROP CONSTRAINT [FK_CreditInvoiceExport_UserMain_CreatedBy]
ALTER TABLE [CreditInvoiceExportItem] DROP CONSTRAINT [FK_CreditInvoiceExportItem_CreditInvoiceExport]
ALTER TABLE [CustomerExperience] DROP CONSTRAINT [FK_CustomerExperience_ContactMain]
ALTER TABLE [CustomerExperience] DROP CONSTRAINT [FK_CustomerExperience_UserMain_CreatedBy]
ALTER TABLE [CustomerExperience] DROP CONSTRAINT [FK_CustomerExperience_CustomerExperienceStatusRef]
ALTER TABLE [CustomerExperienceStatusChange] DROP CONSTRAINT [FK_CustomerExperienceStatusChange_ContactMain_StatusChanged]
ALTER TABLE [CustomerExperienceStatusChange] DROP CONSTRAINT [FK_CustomerExperienceStatusChange_UserMain_CreatedBy]
ALTER TABLE [CustomerExperienceStatusChange] DROP CONSTRAINT [FK_CustomerExperienceStatusChange_UserMain_UpdatedBy]
ALTER TABLE [CustomerExperienceStatusChange] DROP CONSTRAINT [FK_CustomerExperienceStatusChange_CustomerExperience]
ALTER TABLE [CustomerExperienceStatusChange] DROP CONSTRAINT [FK_CustomerExperienceStatusChange_CustomerExperienceStatusRef]
ALTER TABLE [DataTypeRef] DROP CONSTRAINT [FK_DataTypeRef_HIControlTypeRef]
ALTER TABLE [DataVaultAttempt] DROP CONSTRAINT [FK_DataVaultAttempt_DataVaultAttemptStatusRef]
ALTER TABLE [DataVaultAttempt] DROP CONSTRAINT [FK_DataVaultAttempt_DataVaultLog]
ALTER TABLE [DataVaultAttempt] DROP CONSTRAINT [FK_DataVaultAttempt_DataVaultLogDetail]
ALTER TABLE [DataVaultLog] DROP CONSTRAINT [FK_DataVaultLog_DataVaultStatusRef]
ALTER TABLE [DataVaultLog] DROP CONSTRAINT [FK_DataVaultLog_UserMain]
ALTER TABLE [DataVaultLog] DROP CONSTRAINT [FK_DataVaultLog_UserMain2]
ALTER TABLE [DeferredConversionWork] DROP CONSTRAINT [FK_DeferredConversionWork_OrganizationMain]
ALTER TABLE [DeferredIncomeWork] DROP CONSTRAINT [FK_DeferredIncomeWork_OrganizationMain]
ALTER TABLE [DocumentMain] DROP CONSTRAINT [FK_DocumentMain_AccessMain]
ALTER TABLE [DocumentMain] DROP CONSTRAINT [FK_DocumentMain_AccessMain_DefaultChild]
ALTER TABLE [DocumentMain] DROP CONSTRAINT [FK_DocumentMain_UserMain_CreatedBy]
ALTER TABLE [DocumentMain] DROP CONSTRAINT [FK_DocumentMain_UserMain_LockedBy]
ALTER TABLE [DocumentMain] DROP CONSTRAINT [FK_DocumentMain_UserMain_UpdatedBy]
ALTER TABLE [DocumentMain] DROP CONSTRAINT [FK_DocumentMain_UserMain_StatusUpdatedBy]
ALTER TABLE [DocumentMain] DROP CONSTRAINT [FK_DocumentMain_DocumentTypeRef]
ALTER TABLE [DocumentMain] DROP CONSTRAINT [FK_DocumentMain_DocumentStatusRef]
ALTER TABLE [DocumentMain] DROP CONSTRAINT [FK_DocumentMain_UniformRegistry]
ALTER TABLE [DocumentMain] DROP CONSTRAINT [FK_DocumentMain_UniformRegistry_DocumentVersionKey]
ALTER TABLE [DocumentStorage] DROP CONSTRAINT [FK_DocumentStorage_UserMain_CreatedBy]
ALTER TABLE [DocumentStorage] DROP CONSTRAINT [FK_DocumentStorage_UserMain_UploadedBy]
ALTER TABLE [DocumentStorage] DROP CONSTRAINT [FK_DocumentStorage_UserMain_UpdatedBy]
ALTER TABLE [DocumentStorage] DROP CONSTRAINT [FK_DocumentStorage_FileTypeRef]
ALTER TABLE [DocumentTypeRef] DROP CONSTRAINT [FK_DocumentTypeRef_DocumentMain_RecycleWorkflow]
ALTER TABLE [DocumentTypeRef] DROP CONSTRAINT [FK_DocumentTypeRef_DocumentMain_PublishWorkflow]
ALTER TABLE [DonationPremiumRuleGift] DROP CONSTRAINT [FK_DonationPremiumRuleGift_DonationPremiumRule]
ALTER TABLE [DonationPremiumRuleSourceCode] DROP CONSTRAINT [FK_DonationPremiumRuleSourceCode_DonationPremiumRule]
ALTER TABLE [DonationPremiumRuleSourceCode] DROP CONSTRAINT [FK_DonationPremiumRuleSourceCode_SourceCode]
ALTER TABLE [DonationPremiumSet] DROP CONSTRAINT [FK_DonationPremiumSet_DonationPremiumRule]
ALTER TABLE [DonationPremiumSetProduct] DROP CONSTRAINT [FK_DonationPremiumSetProduct_DonationPremiumSet]
ALTER TABLE [DynamicGroup] DROP CONSTRAINT [FK_DynamicGroup_ScheduleFrequencyRef]
ALTER TABLE [DynamicGroup] DROP CONSTRAINT [FK_DynamicGroup_GroupMain]
ALTER TABLE [DynamicGroup] DROP CONSTRAINT [FK_DynamicGroup_UniformRegistry]
ALTER TABLE [EngagementCategory] DROP CONSTRAINT [FK_EngagementCategory_EngagementScore]
ALTER TABLE [EngagementCategory] DROP CONSTRAINT [FK_EngagementCategory_UserMain_CreatedBy]
ALTER TABLE [EngagementCategory] DROP CONSTRAINT [FK_EngagementCategory_UserMain_UpdatedBy]
ALTER TABLE [EngagementCategoryContact] DROP CONSTRAINT [FK_EngagementCategoryContact_Contact]
ALTER TABLE [EngagementCategoryContact] DROP CONSTRAINT [FK_EngagementCategoryContact_EngagementCategory]
ALTER TABLE [EngagementCategoryContact] DROP CONSTRAINT [FK_EngagementCategoryContact_EngagementScore]
ALTER TABLE [EngagementPercentile] DROP CONSTRAINT [FK_EngagementPercentile_EngagementScore]
ALTER TABLE [EngagementScore] DROP CONSTRAINT [FK_EngagementScore_SystemTypeRef]
ALTER TABLE [EngagementScore] DROP CONSTRAINT [FK_EngagementScore_UpdatedByUser]
ALTER TABLE [EngagementScore] DROP CONSTRAINT [FK_EngagementScore_CreatedByUser]
ALTER TABLE [EventDetails] DROP CONSTRAINT [FK_EventDetails_UniformRegistry_EventDefaultDisplayLayoutKey]
ALTER TABLE [EventDetails] DROP CONSTRAINT [FK_EventDetails_UniformRegistry_EventOwnerDisplayLayoutKey]
ALTER TABLE [EventGuest] DROP CONSTRAINT [FK_EventGuest_EventRegistrant]
ALTER TABLE [EventGuest] DROP CONSTRAINT [FK_EventGuest_CartEventFunction]
ALTER TABLE [EventRegistrationAnswer] DROP CONSTRAINT [FK_EventRegistrantAnswer_EventRegistrant]
ALTER TABLE [EventRegistrationAnswer] DROP CONSTRAINT [FK_EventRegistrationAnswer_EventSetupQuestion]
ALTER TABLE [EventRelatedFunction] DROP CONSTRAINT [FK_EventRelatedFunction_EventRegistrationOptionKey]
ALTER TABLE [EventRelatedFunction] DROP CONSTRAINT [FK_EventRelatedFunction_EventFunctionKey]
ALTER TABLE [EventSetupFunctionGroup] DROP CONSTRAINT [FK_EventSetupFunctionGroup_EventSetupGeneral]
ALTER TABLE [EventSetupGroup] DROP CONSTRAINT [FK_EventSetupGroup_EventSetupGeneral]
ALTER TABLE [EventSetupGuest] DROP CONSTRAINT [FK_EventSetupGuest_EventSetupGeneral]
ALTER TABLE [EventSetupLabel] DROP CONSTRAINT [FK_EventSetupLabel_EventSetupGeneral]
ALTER TABLE [EventSetupQuestion] DROP CONSTRAINT [FK_EventSetupQuestion_EventSetupGeneral]
ALTER TABLE [EventSetupQuestionChoice] DROP CONSTRAINT [FK_EventSetupQuestionChoice_EventSetupQuestion]
ALTER TABLE [EventSetupRegistrant] DROP CONSTRAINT [FK_EventSetupRegistrant_EventSetupGeneral]
ALTER TABLE [ExperienceDefinition] DROP CONSTRAINT [FK_ExperienceDefinition_ExperienceDefinitionStatusRef]
ALTER TABLE [ExperienceDefinition] DROP CONSTRAINT [FK_ExperienceDefinition_Program]
ALTER TABLE [ExperienceDefinition] DROP CONSTRAINT [FK_ExperienceDefinition_UserMain_CreatedBy]
ALTER TABLE [ExperienceDefinition] DROP CONSTRAINT [FK_ExperienceDefinition_UserMain_UpdatedBy]
ALTER TABLE [ExpiredMemberUpdateDetailLog] DROP CONSTRAINT [FK_ExpiredMemberUpdateLog_RunNumber]
ALTER TABLE [ExportType] DROP CONSTRAINT [FK_ExportType_ProcessEngineType]
ALTER TABLE [FieldDesignSectionLookup] DROP CONSTRAINT [FK_FieldDesignSectionLookup_FieldSection]
ALTER TABLE [FormDefinitionField] DROP CONSTRAINT [FK_FormDefinitionField_FormDefinitionSection]
ALTER TABLE [FormDefinitionSection] DROP CONSTRAINT [FK_FormDefinitionSection_FormDefinition]
ALTER TABLE [FormResponse] DROP CONSTRAINT [FK_FormResponse_UserMain_CreatedBy]
ALTER TABLE [FormResponse] DROP CONSTRAINT [FK_FormResponse_UserMain_UpdatedBy]
ALTER TABLE [FormResponse] DROP CONSTRAINT [FK_FormResponse_FormDefinition]
ALTER TABLE [FormResponseField] DROP CONSTRAINT [FK_FormResponseField_FormDefinitionField]
ALTER TABLE [FormResponseField] DROP CONSTRAINT [FK_FormResponseField_FormResponse]
ALTER TABLE [FullAddress] DROP CONSTRAINT [FK_FullAddress_AddressMain_Fax]
ALTER TABLE [FullAddress] DROP CONSTRAINT [FK_FullAddress_AddressMain_Email]
ALTER TABLE [FullAddress] DROP CONSTRAINT [FK_FullAddress_AddressMain_EveningPhone]
ALTER TABLE [FullAddress] DROP CONSTRAINT [FK_FullAddress_AddressMain_DaytimePhone]
ALTER TABLE [FullAddress] DROP CONSTRAINT [FK_FullAddress_ContactMain]
ALTER TABLE [FullAddress] DROP CONSTRAINT [FK_FullAddress_AddressMain_Physical]
ALTER TABLE [FullAddress] DROP CONSTRAINT [FK_FullAddress_AddressPurposeRef]
ALTER TABLE [Fund] DROP CONSTRAINT [FK_Fund_AccessMain]
ALTER TABLE [Fund] DROP CONSTRAINT [FK_Fund_UniformRegistry]
ALTER TABLE [Fund] DROP CONSTRAINT [FK_Fund_FundFamilyRef]
ALTER TABLE [Fund] DROP CONSTRAINT [FK_Fund_UserMain_CreatedBy]
ALTER TABLE [Fund] DROP CONSTRAINT [FK_Fund_UserMain_UpdatedBy]
ALTER TABLE [FundFundType] DROP CONSTRAINT [FK_FundFundType_Fund]
ALTER TABLE [FundFundType] DROP CONSTRAINT [FK_FundFundType_FundTypeRef]
ALTER TABLE [GatewayAccountLink] DROP CONSTRAINT [FK_GatewayAccountLink_CCAuthAcctCode]
ALTER TABLE [GatewayTypeRef] DROP CONSTRAINT [FK_GatewayTypeRef_ComponentRegistry]
ALTER TABLE [Generic] DROP CONSTRAINT [FK_Generic_UserMain_CreatedBy]
ALTER TABLE [Generic] DROP CONSTRAINT [FK_Generic_UserMain_UpdatedBy]
ALTER TABLE [GenericLink] DROP CONSTRAINT [FK_GenericLink_UserMain_CreatedBy]
ALTER TABLE [GenericLink] DROP CONSTRAINT [FK_GenericLink_ComponentRegistry_Target]
ALTER TABLE [GenericLink] DROP CONSTRAINT [FK_GenericLink_ComponentRegistry_Source]
ALTER TABLE [GiftAidClaimDetail] DROP CONSTRAINT [FK_GiftAidClaimDetail_GiftAidClaimHeader]
ALTER TABLE [GiftAidClaimHeader] DROP CONSTRAINT [FK_GiftAidClaimHeader_ContactMain_CreatedBy]
ALTER TABLE [GiftAidClaimHeader] DROP CONSTRAINT [FK_GiftAidClaimHeader_ContactMain_UpdatedBy]
ALTER TABLE [GiftAidDeclaration] DROP CONSTRAINT [FK_GiftAidDeclaration_ContactMain_CreatedBy]
ALTER TABLE [GiftAidDeclaration] DROP CONSTRAINT [FK_GiftAidDeclaration_ContactMain_UpdatedBy]
ALTER TABLE [GiftAidDeclaration] DROP CONSTRAINT [FK_GiftAidDeclaration_Name]
ALTER TABLE [GLExport] DROP CONSTRAINT [FK_GLExport_SystemEntity]
ALTER TABLE [GLExport] DROP CONSTRAINT [FK_GLExport_GLExportSummaryLevelRef]
ALTER TABLE [GLExport] DROP CONSTRAINT [FK_GLExport_UserMain_CreatedBy]
ALTER TABLE [GLExport] DROP CONSTRAINT [FK_GLExport_UserMain_UpdatedBy]
ALTER TABLE [GLExportDeferredIncomeItem] DROP CONSTRAINT [FK_GLExportDeferredIncomeItem_GLExport]
ALTER TABLE [GLExportItem] DROP CONSTRAINT [FK_GLExportItem_GLExport]
ALTER TABLE [GLTransactionMain] DROP CONSTRAINT [FK_GLTransactionMain_JournalEntryTypeRef]
ALTER TABLE [GLTransactionMain] DROP CONSTRAINT [FK_GLTransactionMain_PaymentMain]
ALTER TABLE [GLTransactionMain] DROP CONSTRAINT [FK_GLTransactionMain_ContactMain]
ALTER TABLE [GroupInstanceRole] DROP CONSTRAINT [FK_GroupInstanceRole_GroupMain]
ALTER TABLE [GroupInstanceRole] DROP CONSTRAINT [FK_GroupInstanceRole_GroupMemberStatusRef]
ALTER TABLE [GroupInstanceRole] DROP CONSTRAINT [FK_GroupInstanceRole_GroupRoleRef]
ALTER TABLE [GroupMain] DROP CONSTRAINT [FK_GroupMain_UserMain_CreatedBy]
ALTER TABLE [GroupMain] DROP CONSTRAINT [FK_GroupMain_UserMain_UpdatedBy]
ALTER TABLE [GroupMain] DROP CONSTRAINT [FK_GroupMain_AccessMain]
ALTER TABLE [GroupMain] DROP CONSTRAINT [FK_GroupMain_AccessMain_Owner]
ALTER TABLE [GroupMain] DROP CONSTRAINT [FK_GroupMain_GroupMain_OverrideOwner]
ALTER TABLE [GroupMain] DROP CONSTRAINT [FK_GroupMain_GroupStatusRef]
ALTER TABLE [GroupMain] DROP CONSTRAINT [FK_GroupMain_GroupTypeRef]
ALTER TABLE [GroupMain] DROP CONSTRAINT [FK_GroupMain_SystemEntity]
ALTER TABLE [GroupMain] DROP CONSTRAINT [FK_GroupMain_UniformRegistry]
ALTER TABLE [GroupMember] DROP CONSTRAINT [FK_GroupMember_UserMain_CreatedBy]
ALTER TABLE [GroupMember] DROP CONSTRAINT [FK_GroupMember_UserMain_UpdatedBy]
ALTER TABLE [GroupMember] DROP CONSTRAINT [FK_GroupMember_GroupMain]
ALTER TABLE [GroupMember] DROP CONSTRAINT [FK_GroupMember_ContactMain_Member]
ALTER TABLE [GroupMemberDetail] DROP CONSTRAINT [FK_GroupMemberDetail_UserMain_UpdatedBy]
ALTER TABLE [GroupMemberDetail] DROP CONSTRAINT [FK_GroupMemberDetail_UserMain_CreatedBy]
ALTER TABLE [GroupMemberDetail] DROP CONSTRAINT [FK_GroupMemberDetail_GroupMain]
ALTER TABLE [GroupMemberDetail] DROP CONSTRAINT [FK_GroupMemberDetail_GroupMember]
ALTER TABLE [GroupMemberDetail] DROP CONSTRAINT [FK_GroupMemberDetail_GroupMemberStatusRef]
ALTER TABLE [GroupMemberDetail] DROP CONSTRAINT [FK_GroupMemberDetail_GroupRoleRef]
ALTER TABLE [GroupMemberOptions] DROP CONSTRAINT [FK_GroupMemberOptions_GroupMember]
ALTER TABLE [GroupMemberOptions] DROP CONSTRAINT [FK_GroupMemberOptions_FullAddress_Contact]
ALTER TABLE [GroupMemberOptions] DROP CONSTRAINT [FK_GroupMemberOptions_FullAddress_Billing]
ALTER TABLE [GroupMemberOptions] DROP CONSTRAINT [FK_GroupMemberOptions_ContactMain]
ALTER TABLE [GroupOpportunityType] DROP CONSTRAINT [FK_GroupOpportunityType_OpportunityType]
ALTER TABLE [GroupOpportunityType] DROP CONSTRAINT [FK_GroupOpportunityType_GroupMain]
ALTER TABLE [GroupPerspective] DROP CONSTRAINT [FK_GroupPerspective_GroupMain]
ALTER TABLE [GroupPerspective] DROP CONSTRAINT [FK_GroupPerspective_Perspective]
ALTER TABLE [GroupPriceSheet] DROP CONSTRAINT [FK_GroupPriceSheet_PriceSheet]
ALTER TABLE [GroupTypeMemberStatus] DROP CONSTRAINT [FK_GroupTypeMemberStatus_GroupMemberStatusRef]
ALTER TABLE [GroupTypeMemberStatus] DROP CONSTRAINT [FK_GroupTypeMemberStatus_GroupTypeRef]
ALTER TABLE [GroupTypeRef] DROP CONSTRAINT [FK_GroupTypeRef_UserMain_UpdatedBy]
ALTER TABLE [GroupTypeRef] DROP CONSTRAINT [FK_GroupTypeRef_UserMain_CreatedBy]
ALTER TABLE [GroupTypeRef] DROP CONSTRAINT [FK_GroupTypeRef_DocumentMain]
ALTER TABLE [GroupTypeRef] DROP CONSTRAINT [FK_GroupTypeRef_GroupStatusRef]
ALTER TABLE [GroupTypeRole] DROP CONSTRAINT [FK_GroupTypeRole_GroupRoleRef]
ALTER TABLE [GroupTypeRole] DROP CONSTRAINT [FK_GroupTypeRole_GroupMemberStatusRef]
ALTER TABLE [GroupTypeRole] DROP CONSTRAINT [FK_GroupTypeRole_GroupTypeRef]
ALTER TABLE [GroupUpdateInstruction] DROP CONSTRAINT [FK_GroupUpdateInstruction_GroupMain]
ALTER TABLE [GroupUpdateInstruction] DROP CONSTRAINT [FK_GroupUpdateInstruction_GroupRoleRef]
ALTER TABLE [GroupUpdateInstruction] DROP CONSTRAINT [FK_GroupUpdateInstruction_TermTypeCode]
ALTER TABLE [GroupUpdateInstruction] DROP CONSTRAINT [FK_GroupUpdateInstruction_UserMain_UpdatedBy]
ALTER TABLE [GroupUpdateInstruction] DROP CONSTRAINT [FK_GroupUpdateInstruction_UserMain_CreatedBy]
ALTER TABLE [Hierarchy] DROP CONSTRAINT [FK_Hierarchy_Hierarchy_Ancestor]
ALTER TABLE [Hierarchy] DROP CONSTRAINT [FK_Hierarchy_Hierarchy_Parent]
ALTER TABLE [Hierarchy] DROP CONSTRAINT [FK_Hierarchy_UniformTypeRef]
ALTER TABLE [HierarchyRoot] DROP CONSTRAINT [FK_HierarchyRoot_UserMain_UpdatedBy]
ALTER TABLE [HierarchyRoot] DROP CONSTRAINT [FK_HierarchyRoot_UserMain_CreatedBy]
ALTER TABLE [HierarchyRoot] DROP CONSTRAINT [FK_HierarchyRoot_Hierarchy]
ALTER TABLE [HierarchyRoot] DROP CONSTRAINT [FK_HierarchyRoot_Organization]
ALTER TABLE [HierarchyRoot] DROP CONSTRAINT [FK_HierarchyRoot_AccessMain]
ALTER TABLE [ImportBatch] DROP CONSTRAINT [FK_ImportBatch_UserMain]
ALTER TABLE [ImportBatch] DROP CONSTRAINT [FK_ImportBatch_ImportBatchStatusRef]
ALTER TABLE [Individual] DROP CONSTRAINT [FK_Individual_SuffixRef]
ALTER TABLE [Individual] DROP CONSTRAINT [FK_Individual_PrefixRef]
ALTER TABLE [Individual] DROP CONSTRAINT [FK_Individual_ContactMain]
ALTER TABLE [Individual] DROP CONSTRAINT [FK_Individual_Institute_Primary]
ALTER TABLE [Institute] DROP CONSTRAINT [FK_Institute_GroupMain_Institute]
ALTER TABLE [Institute] DROP CONSTRAINT [FK_Institute_ContactMain]
ALTER TABLE [InventoryTransactionLogCost] DROP CONSTRAINT [FK_InventoryTransactionCost_InventoryTransactionMain]
ALTER TABLE [InventoryTransactionLogCost] DROP CONSTRAINT [FK_InventoryTransactionLogCost_CostMethodRef]
ALTER TABLE [InventoryTransactionLogLine] DROP CONSTRAINT [FK_InventoryTransactionLogLine_TransactionTypeRef]
ALTER TABLE [InventoryTransactionLogMain] DROP CONSTRAINT [FK_InventoryTransactionLogMain_UserMain_UpdatedBy]
ALTER TABLE [InventoryTransactionLogMain] DROP CONSTRAINT [FK_InventoryTransactionLogMain_UserMain_CreatedBy]
ALTER TABLE [InventoryTransactionLogMain] DROP CONSTRAINT [FK_InventoryTransactionLogMain_GroupMain_Owner]
ALTER TABLE [InventoryTransactionLogMain] DROP CONSTRAINT [FK_InventoryTransactionLogMain_SystemEntity]
ALTER TABLE [LicenseLegacyMap] DROP CONSTRAINT [FK_LicenseLegacyMap_License]
ALTER TABLE [LicenseMain] DROP CONSTRAINT [FK_LicenseMain_License]
ALTER TABLE [LicenseMain] DROP CONSTRAINT [FK_LicenseMain_OrganizationMain]
ALTER TABLE [LicenseMaster] DROP CONSTRAINT [FK_LicenseMaster_UserMain_UpdatedBy]
ALTER TABLE [LicenseMaster] DROP CONSTRAINT [FK_LicenseMaster_License]
ALTER TABLE [LicenseMaster] DROP CONSTRAINT [FK_LicenseMaster_UserMain_CreatedBy]
ALTER TABLE [LicenseMaster] DROP CONSTRAINT [FK_LicenseMaster_LicenseOrganizationVersion]
ALTER TABLE [LicenseOrganization] DROP CONSTRAINT [FK_LicenseOrganization_UserMain_CreatedBy]
ALTER TABLE [LicenseOrganization] DROP CONSTRAINT [FK_LicenseOrganization_UserMain_UpdatedBy]
ALTER TABLE [LicenseOrganization] DROP CONSTRAINT [FK_LicenseOrganization_ContactMain]
ALTER TABLE [LicenseOrganizationVersion] DROP CONSTRAINT [FK_LicenseOrganizationVersion_UserMain_UpdatedBy]
ALTER TABLE [LicenseOrganizationVersion] DROP CONSTRAINT [FK_LicenseOrganizationVersion_UserMain_CreatedBy]
ALTER TABLE [LicenseOrganizationVersion] DROP CONSTRAINT [FK_LicenseOrganizationVersion_LicenseOrganization]
ALTER TABLE [LicenseUser] DROP CONSTRAINT [FK_LicenseUser_UserMain]
ALTER TABLE [LicenseUser] DROP CONSTRAINT [FK_LicenseUser_UserMain_CreatedBy]
ALTER TABLE [LicenseUser] DROP CONSTRAINT [FK_LicenseUser_License]
ALTER TABLE [ListItem] DROP CONSTRAINT [FK_ListItem_UserMain_CreatedBy]
ALTER TABLE [ListItem] DROP CONSTRAINT [FK_ListItem_ListMain]
ALTER TABLE [LocalizationControlProperty] DROP CONSTRAINT [FK_ControlProperty_ControlType]
ALTER TABLE [LocalizationPhrase] DROP CONSTRAINT [FK_Phrase_Application]
ALTER TABLE [LocalizationPhraseTranslated] DROP CONSTRAINT [FK_PhraseTranslated_Phrase]
ALTER TABLE [LocalizationPhraseTranslated] DROP CONSTRAINT [FK_TranslatedPhrase_Culture]
ALTER TABLE [LocalizationVersion] DROP CONSTRAINT [FK_LocalizationVersion_LocalizationCulture]
ALTER TABLE [LocalizationVersionPhrase] DROP CONSTRAINT [FK_LocalizationVersionPhrase_LocalizationVersion]
ALTER TABLE [Location] DROP CONSTRAINT [FK_Location_LocationStatusRef]
ALTER TABLE [Location] DROP CONSTRAINT [FK_Location_ContactMain_Contact]
ALTER TABLE [Location] DROP CONSTRAINT [FK_Location_UserMain_CreatedBy]
ALTER TABLE [Location] DROP CONSTRAINT [FK_Location_UserMain_UpdatedBy]
ALTER TABLE [MailCodeRef] DROP CONSTRAINT [FK_MailCodeRef_UserMain_UpdatedBy]
ALTER TABLE [MatchingGift] DROP CONSTRAINT [FK_MatchingGift_MatchingGiftPlan]
ALTER TABLE [MatchingGift] DROP CONSTRAINT [FK_MatchingGift_Relationship]
ALTER TABLE [MatchingGift] DROP CONSTRAINT [FK_MatchingGift_ContactMain_Matching]
ALTER TABLE [MatchingGiftPlan] DROP CONSTRAINT [FK_MatchingGiftPlan_SystemEntity]
ALTER TABLE [MatchingGiftPlan] DROP CONSTRAINT [FK_MatchingGiftPlan_UniformRegistry]
ALTER TABLE [MatchingGiftPlan] DROP CONSTRAINT [FK_MatchingGiftPlan_ContactMain_MatchingGift]
ALTER TABLE [MatchingGiftPlan] DROP CONSTRAINT [FK_MatchingGiftPlan_ContactMain_Owner]
ALTER TABLE [MatchingGiftPlan] DROP CONSTRAINT [FK_MatchingGiftPlan_MatchingGiftPlanTypeRef]
ALTER TABLE [MatchingGiftPlan] DROP CONSTRAINT [FK_MatchingGiftPlan_AccessMain]
ALTER TABLE [MatchingGiftPlan] DROP CONSTRAINT [FK_MatchingGiftPlan_ContactMain_CorprateGift]
ALTER TABLE [MatchingGiftPlan] DROP CONSTRAINT [FK_MatchingGiftPlan_UserMain_CreatedBy]
ALTER TABLE [MatchingGiftPlan] DROP CONSTRAINT [FK_MatchingGiftPlan_UserMain_UpdatedBy]
ALTER TABLE [MatchingGiftPlanFundType] DROP CONSTRAINT [FK_MatchingGiftPlanFundType_MatchingGiftPlan]
ALTER TABLE [MatchingGiftPlanFundType] DROP CONSTRAINT [FK_MatchingGiftPlanFundType_FundTypeRef]
ALTER TABLE [MatchingGiftPlanRule] DROP CONSTRAINT [FK_MatchingGiftPlanRule_MatchingGiftPlan]
ALTER TABLE [MemorialTribute] DROP CONSTRAINT [FK_MemorialTribute_ContactMain]
ALTER TABLE [MemorialTribute] DROP CONSTRAINT [FK_MemorialTribute_GroupMain_Notification]
ALTER TABLE [MemorialTribute] DROP CONSTRAINT [FK_MemorialTribute_MemorialTributeCodeRef]
ALTER TABLE [MemorialTributeNotificationMember] DROP CONSTRAINT [FK_MemorialTributeNotificationMember_GroupMember]
ALTER TABLE [MemorialTributeNotificationMember] DROP CONSTRAINT [FK_MemorialTributeNotificationMember_FundraisingPreferenceRef]
ALTER TABLE [MemorialTributeNotificationMember] DROP CONSTRAINT [FK_MemorialTributeNotificationMember_Relationship]
ALTER TABLE [Nav_Menu] DROP CONSTRAINT [FK_Nav_Menu_Website]
ALTER TABLE [Nav_Menu] DROP CONSTRAINT [FK_NavMenu_WorkflowStatus]
ALTER TABLE [Nav_Menu] DROP CONSTRAINT [FK_NavMenu_Producer2]
ALTER TABLE [Nav_Menu] DROP CONSTRAINT [FK_NavMenu_Producer]
ALTER TABLE [Nav_Menu] DROP CONSTRAINT [FK_NavMenu_ContentAuthGroup]
ALTER TABLE [Nav_Menu] DROP CONSTRAINT [FK_NavMenu_ComponentScript]
ALTER TABLE [Nav_Menu] DROP CONSTRAINT [FK_NavMenu_Content]
ALTER TABLE [Nav_Menu_Feature] DROP CONSTRAINT [FK_NavMenuFeature_NavMenu]
ALTER TABLE [Nav_Menu_Security_Group] DROP CONSTRAINT [FK_Nav_Menu_Security_Group_Nav_Menu]
ALTER TABLE [Nav_Menu_Website] DROP CONSTRAINT [FK_Nav_Menu_Website_Nav_Menu]
ALTER TABLE [Nav_Menu_Website] DROP CONSTRAINT [FK_Nav_Menu_Website_Website]
ALTER TABLE [Nav_Menu_Workflow_Log] DROP CONSTRAINT [FK_NavMenuWork_WorkStatus]
ALTER TABLE [Nav_Menu_Workflow_Log] DROP CONSTRAINT [FK_NavMenuWork_NavMenu]
ALTER TABLE [Nav_Menu_Workflow_Log] DROP CONSTRAINT [FK_NavMenuWork_Producer]
ALTER TABLE [NavigationExport] DROP CONSTRAINT [FK_NavigationExport_UserMain_CreatedBy]
ALTER TABLE [NavigationExport] DROP CONSTRAINT [FK_NavigationExport_UserMain_UpdatedBy]
ALTER TABLE [NavigationMain] DROP CONSTRAINT [FK_NavigationMain_AccessArea]
ALTER TABLE [NavigationMain] DROP CONSTRAINT [FK_NavigationMain_UserMain_CreatedBy]
ALTER TABLE [NavigationMain] DROP CONSTRAINT [FK_NavigationMain_UserMain_UpdatedBy]
ALTER TABLE [Note] DROP CONSTRAINT [FK_Note_AccessMain]
ALTER TABLE [Note] DROP CONSTRAINT [FK_Note_NotePurposeRef]
ALTER TABLE [Note] DROP CONSTRAINT [FK_Note_UniformRegistry]
ALTER TABLE [Note] DROP CONSTRAINT [FK_Note_UniformRegistry_NoteFor]
ALTER TABLE [Note] DROP CONSTRAINT [FK_Note_UserMain_CreatedBy]
ALTER TABLE [Note] DROP CONSTRAINT [FK_Note_UserMain_UpdatedBy]
ALTER TABLE [NotificationSet] DROP CONSTRAINT [FK_NotificationSet_UpdatedByUser]
ALTER TABLE [NotificationSet] DROP CONSTRAINT [FK_NotificationSet_CreatedByUser]
ALTER TABLE [NotificationSetDetail] DROP CONSTRAINT [FK_NotificationSetDetail_CreatedByUser]
ALTER TABLE [NotificationSetDetail] DROP CONSTRAINT [FK_NotificationSetDetail_UpdatedByUser]
ALTER TABLE [NotificationSetDetail] DROP CONSTRAINT [FK_NotificationSetDetail_NotificationSet]
ALTER TABLE [NotificationSetDetail] DROP CONSTRAINT [FK_NotificationSetDetail_TaskDefinition]
ALTER TABLE [ObjectPropertyMetaData] DROP CONSTRAINT [FK_ObjectPropertyMetaData_ObjectMetaData]
ALTER TABLE [OfferedCustomerExperience] DROP CONSTRAINT [FK_OfferedCustomerExperience_CustomerExperience]
ALTER TABLE [OfferedCustomerExperience] DROP CONSTRAINT [FK_OfferedCustomerExperience_GradeRef]
ALTER TABLE [OfferedCustomerExperience] DROP CONSTRAINT [FK_OfferedCustomerExperience_Offering]
ALTER TABLE [Offering] DROP CONSTRAINT [FK_Offering_UserMain_CreatedBy]
ALTER TABLE [Offering] DROP CONSTRAINT [FK_Offering_UserMain_UpdatedBy]
ALTER TABLE [Offering] DROP CONSTRAINT [FK_Offering_OfferingStatusRef]
ALTER TABLE [Offering] DROP CONSTRAINT [FK_Offering_Program]
ALTER TABLE [Offering] DROP CONSTRAINT [FK_Offering_ContactMain]
ALTER TABLE [OpportunityCompetitor] DROP CONSTRAINT [FK_OpportunityCompetitor_UserMain_CreatedBy]
ALTER TABLE [OpportunityCompetitor] DROP CONSTRAINT [FK_OpportunityCompetitor_UserMain_UpdatedBy]
ALTER TABLE [OpportunityCompetitor] DROP CONSTRAINT [FK_OpportunityCompetitor_OpportunityMain]
ALTER TABLE [OpportunityHistory] DROP CONSTRAINT [FK_OpportunityHistory_OpportunityMain]
ALTER TABLE [OpportunityHistory] DROP CONSTRAINT [FK_OpportunityHistory_UserMain_CreatedBy]
ALTER TABLE [OpportunityHistory] DROP CONSTRAINT [FK_OpportunityHistory_UserMain_UpdatedBy]
ALTER TABLE [OpportunityMain] DROP CONSTRAINT [FK_OpportunityMain_UserMain_CreatedBy]
ALTER TABLE [OpportunityMain] DROP CONSTRAINT [FK_OpportunityMain_UserMain_UpdatedBy]
ALTER TABLE [OpportunityMain] DROP CONSTRAINT [FK_OpportunityMain_AccessMain]
ALTER TABLE [OpportunityMain] DROP CONSTRAINT [FK_OpportunityMain_ContactMain]
ALTER TABLE [OpportunityMain] DROP CONSTRAINT [FK_OpportunityMain_OpportunityStatusRef]
ALTER TABLE [OpportunityMain] DROP CONSTRAINT [FK_OpportunityMain_OpportunityType]
ALTER TABLE [OpportunityMain] DROP CONSTRAINT [FK_OpportunityMain_UniformRegistry]
ALTER TABLE [OpportunityMainDonor] DROP CONSTRAINT [FK_OpportunityMainDonor_OpportunityMain]
ALTER TABLE [OpportunityMainMember] DROP CONSTRAINT [FK_OpportunityMainMember_OpportunityMain]
ALTER TABLE [OpportunityMainSales] DROP CONSTRAINT [FK_OpportunityMainSales_OpportunityMain]
ALTER TABLE [OpportunityType] DROP CONSTRAINT [FK_OpportunityType_UserMain_CreatedBy]
ALTER TABLE [OpportunityType] DROP CONSTRAINT [FK_OpportunityType_UserMain_UpdatedBy]
ALTER TABLE [OpportunityType] DROP CONSTRAINT [FK_OpportunityType_AccessMain]
ALTER TABLE [OpportunityType] DROP CONSTRAINT [FK_OpportunityType_ActionPlan]
ALTER TABLE [OrderCategoryParentLookup] DROP CONSTRAINT [FK_OrderCategoryParentLookup_OrderCategory]
ALTER TABLE [OrderProductCategoryLookup] DROP CONSTRAINT [FK_OrderProductCategoryLookup_OrderProduct]
ALTER TABLE [OrderProductCategoryLookup] DROP CONSTRAINT [FK_OrderProductCategoryLookup_OrderCategory]
ALTER TABLE [OrderProductCrossSellLookup] DROP CONSTRAINT [FK_OrderProductCrossSellLookup_OrderProduct]
ALTER TABLE [OrderProductCrossSellLookup] DROP CONSTRAINT [FK_OrderProductCrossSellLookup_OrderProduct_CrossSell]
ALTER TABLE [OrderPromotionDiscount] DROP CONSTRAINT [FK__OrderProm__Order__46DA6CD9]
ALTER TABLE [OrderSuperProductAttributeLookup] DROP CONSTRAINT [FK_OrderSuperProductAttributeLookup_OrderProduct]
ALTER TABLE [OrderSuperProductAttributeLookup] DROP CONSTRAINT [FK_OrderSuperProductAttributeLookup_OrderSuperProductAttribute]
ALTER TABLE [OrderSuperProductAttributeValue] DROP CONSTRAINT [FK_OrderSuperProductAttributeValue_OrderSuperProductAttribute]
ALTER TABLE [OrderSuperProductChildProduct] DROP CONSTRAINT [FK_OrderSuperProductChildProduct_OrderProduct]
ALTER TABLE [OrderSuperProductChildProductAttribute] DROP CONSTRAINT [FK_OrderSuperProductChildProductAttribute_OrderSuperProductAttributeValue]
ALTER TABLE [OrderSuperProductChildProductAttribute] DROP CONSTRAINT [FK_OrderSuperProductChildProductAttribute_OrderSuperProductChildProduct]
ALTER TABLE [OrganizationMain] DROP CONSTRAINT [FK_OrganizationMain_GroupMain]
ALTER TABLE [OrganizationMain] DROP CONSTRAINT [FK_OrganizationMain_UserMain_CreatedBy]
ALTER TABLE [OrganizationMain] DROP CONSTRAINT [FK_OrganizationMain_UserMain_UpdatedBy]
ALTER TABLE [OrganizationMain] DROP CONSTRAINT [FK_OrganizationMain_UniformRegistry]
ALTER TABLE [OrgControlImages] DROP CONSTRAINT [FK_OrgControlImages_DocumentStorageKey]
ALTER TABLE [PackageItem] DROP CONSTRAINT [FK_PackageItem_Supplement]
ALTER TABLE [PackageItem] DROP CONSTRAINT [FK_PackageItem_PackageMain]
ALTER TABLE [PackageItem] DROP CONSTRAINT [FK_PackageItem_UserMain_CreatedBy]
ALTER TABLE [PackageItem] DROP CONSTRAINT [FK_PackageItem_UserMain_UpdatedBy]
ALTER TABLE [PackageMain] DROP CONSTRAINT [FK_PackageMain_PackageStatus]
ALTER TABLE [PackageMain] DROP CONSTRAINT [FK_PackageMain_UniformRegistry]
ALTER TABLE [PackageMain] DROP CONSTRAINT [FK_PackageMain_SystemEntity]
ALTER TABLE [PackageMain] DROP CONSTRAINT [FK_PackageMain_UserMain_CreatedBy]
ALTER TABLE [PackageMain] DROP CONSTRAINT [FK_PackageMain_UserMain_UpdatedBy]
ALTER TABLE [PackageQueue] DROP CONSTRAINT [FK_PackageQueue_ScheduledTask]
ALTER TABLE [PackageQueue] DROP CONSTRAINT [FK_PackageQueue_UniformRegistry]
ALTER TABLE [PackageQueue] DROP CONSTRAINT [FK_PackageQueue_PackageQueueReleaseTypeRef]
ALTER TABLE [PackageQueue] DROP CONSTRAINT [FK_PackageQueue_DocumentMain]
ALTER TABLE [PackageQueue] DROP CONSTRAINT [FK_PackageQueue_GroupMain]
ALTER TABLE [PackageQueue] DROP CONSTRAINT [FK_PackageQueue_AccessMain]
ALTER TABLE [PaymentMain] DROP CONSTRAINT [FK_PaymentMain_SystemEntity]
ALTER TABLE [PaymentMain] DROP CONSTRAINT [FK_PaymentMain_UniformRegistry]
ALTER TABLE [PaymentMain] DROP CONSTRAINT [FK_PaymentMain_GroupMain_Owner]
ALTER TABLE [PaymentMain] DROP CONSTRAINT [FK_PaymentMain_ContactMain_Payor]
ALTER TABLE [PaymentMain] DROP CONSTRAINT [FK_PaymentMain_PaymentApplicationRestrictionRef]
ALTER TABLE [PaymentMain] DROP CONSTRAINT [FK_PaymentMain_PaymentMain_Original]
ALTER TABLE [PaymentMain] DROP CONSTRAINT [FK_PaymentMain_UserMain_CreatedBy]
ALTER TABLE [PaymentMain] DROP CONSTRAINT [FK_PaymentMain_UserMain_UpdatedBy]
ALTER TABLE [PaymentMain] DROP CONSTRAINT [FK_PaymentMain_AccessMain]
ALTER TABLE [PaymentMethodSetDetail] DROP CONSTRAINT [FK_PaymentMethodSetDetail_PaymentMethodSetId]
ALTER TABLE [PaymentTerms] DROP CONSTRAINT [FK_PaymentTerms_IntervalTypeRef]
ALTER TABLE [PaymentTerms] DROP CONSTRAINT [FK_PaymentTerms_FirstPaymentDateTypeRef]
ALTER TABLE [PaymentTerms] DROP CONSTRAINT [FK_PaymentTerms_UserMain_CreatedBy]
ALTER TABLE [PaymentTerms] DROP CONSTRAINT [FK_PaymentTerms_SystemEntity_SystemEntityKey]
ALTER TABLE [PaymentTerms] DROP CONSTRAINT [FK_PaymentTerms_UserMain_UpdatedBy]
ALTER TABLE [Perspective] DROP CONSTRAINT [FK_Perspective_Hierarchy_HomePage]
ALTER TABLE [Perspective] DROP CONSTRAINT [FK_Perspective_Hierarchy]
ALTER TABLE [Perspective] DROP CONSTRAINT [FK_Perspective_HierarchyRoot]
ALTER TABLE [PhysicalAddress] DROP CONSTRAINT [FK_PhysicalAddress_TimeZoneRef]
ALTER TABLE [PhysicalAddress] DROP CONSTRAINT [FK_PhysicalAddress_MailCodeRef]
ALTER TABLE [PhysicalAddress] DROP CONSTRAINT [FK_PhysicalAddress_AddressMain]
ALTER TABLE [PhysicalAddress] DROP CONSTRAINT [FK_PhysicalAddress_CountryRef]
ALTER TABLE [PipelineStage] DROP CONSTRAINT [FK_PipelineStage_ComponentRegistry]
ALTER TABLE [PipelineStage] DROP CONSTRAINT [FK_PipelineStage_Pipeline]
ALTER TABLE [PostalCodeRef] DROP CONSTRAINT [FK_PostalCodeRef_CountryRef]
ALTER TABLE [PostalCodeRef] DROP CONSTRAINT [FK_PostalCodeRef_UserMain_UpdatedBy]
ALTER TABLE [PostalCodeRef] DROP CONSTRAINT [FK_PostalCodeRef_GroupMain_Chapter]
ALTER TABLE [PotentialMatchingGift] DROP CONSTRAINT [FK_PotentialMatchingGift_UserMain_UpdatedBy]
ALTER TABLE [PotentialMatchingGift] DROP CONSTRAINT [FK_PotentialMatchingGift_Relationship_MatchingGift]
ALTER TABLE [PotentialMatchingGift] DROP CONSTRAINT [FK_PotentialMatchingGift_SystemEntity]
ALTER TABLE [PotentialMatchingGift] DROP CONSTRAINT [FK_PotentialMatchingGift_MatchingGiftPlan]
ALTER TABLE [PotentialMatchingGift] DROP CONSTRAINT [FK_PotentialMatchingGift_UserMain_CreatedBy]
ALTER TABLE [PriceSheet] DROP CONSTRAINT [FK_PriceSheet_UserMain_UpdatedBy]
ALTER TABLE [Program] DROP CONSTRAINT [FK_Program_ExperienceUnit]
ALTER TABLE [Program] DROP CONSTRAINT [FK_Program_ProgramStatusRef]
ALTER TABLE [Program] DROP CONSTRAINT [FK_Program_UserMain_CreatedBy]
ALTER TABLE [Program] DROP CONSTRAINT [FK_Program_UserMain_UpdatedBy]
ALTER TABLE [ProgramGroup] DROP CONSTRAINT [FK_ProgramGroup_UserMain_CreatedBy]
ALTER TABLE [ProgramGroup] DROP CONSTRAINT [FK_ProgramGroup_UserMain_UpdatedBy]
ALTER TABLE [ProgramGroup] DROP CONSTRAINT [FK_ProgramGroup_ProgramGroupStatusRef]
ALTER TABLE [PropertyDefinition] DROP CONSTRAINT [FK_PropertyDefinition_DataTypeRef]
ALTER TABLE [PropertyDefinition] DROP CONSTRAINT [FK_PropertyDefinition_HIControlTypeRef]
ALTER TABLE [PropertyDefinition] DROP CONSTRAINT [FK_PropertyDefinition_UniformRegistry]
ALTER TABLE [Publish_Message_Log] DROP CONSTRAINT [FK_Publish_Message_Log_Publish_Server_Ref]
ALTER TABLE [Publish_Request] DROP CONSTRAINT [FK_Publish_Request_Publish_Priority]
ALTER TABLE [Publish_Request] DROP CONSTRAINT [FK_Publish_Request_Nav_Menu]
ALTER TABLE [Publish_Request_Detail] DROP CONSTRAINT [FK_Publish_Request_Detail_Request]
ALTER TABLE [Publish_Request_Detail] DROP CONSTRAINT [FK_Publish_Request_Detail_Server]
ALTER TABLE [Publish_Request_Detail] DROP CONSTRAINT [FK_PublishRequestDetail_PublishRequestStatus]
ALTER TABLE [Publish_Request_Detail] DROP CONSTRAINT [FK_Publish_Request_Content]
ALTER TABLE [PublishMessageLog] DROP CONSTRAINT [FK_PublishMessageLog_PublishServerRef]
ALTER TABLE [PublishMessageLog] DROP CONSTRAINT [FK_PublishMessageLog_PublishRequestDetail]
ALTER TABLE [PublishMessageLog] DROP CONSTRAINT [FK_PublishMessageLog_PublishRequest]
ALTER TABLE [PublishRequest] DROP CONSTRAINT [FK_PublishRequest_PublishPriorityRef]
ALTER TABLE [PublishRequest] DROP CONSTRAINT [FK_PublishRequest_DocumentMain]
ALTER TABLE [PublishRequest] DROP CONSTRAINT [FK_PublishRequest_UserMain]
ALTER TABLE [PublishRequestDetail] DROP CONSTRAINT [FK_PublishRequestDetail_ContentDocumentKey]
ALTER TABLE [PublishRequestDetail] DROP CONSTRAINT [FK_PublishRequestDetail_PublishRequestStatusRef]
ALTER TABLE [PublishRequestDetail] DROP CONSTRAINT [FK_PublishRequestDetail_PublishRequest]
ALTER TABLE [PublishRequestDetail] DROP CONSTRAINT [FK_PublishRequestDetail_PublishServerRef]
ALTER TABLE [PublishServerRef] DROP CONSTRAINT [FK_PublishServerRef_UserMain_CreatedBy]
ALTER TABLE [PublishServerRef] DROP CONSTRAINT [FK_PublishServerRef_UserMain_UpdatedBy]
ALTER TABLE [QueryResultItem] DROP CONSTRAINT [FK_QueryResultItem_QueryResultMain]
ALTER TABLE [QueryResultMain] DROP CONSTRAINT [FK_QueryResultMain_UserMain_CreatedBy]
ALTER TABLE [ReceiptLine] DROP CONSTRAINT [FK_ReceiptLine_ReceiptLine]
ALTER TABLE [ReceiptLine] DROP CONSTRAINT [FK_ReceiptLine_Receipt]
ALTER TABLE [ReceiptLine] DROP CONSTRAINT [FK_ReceiptLine_PaymentMain]
ALTER TABLE [ReceiptMain] DROP CONSTRAINT [FK_Receipt_ReceiptTypeRef]
ALTER TABLE [ReceiptMain] DROP CONSTRAINT [FK_Receipt_ContactMain_IssuedTo]
ALTER TABLE [ReceiptMain] DROP CONSTRAINT [FK_Receipt_AccessMain]
ALTER TABLE [ReceiptMain] DROP CONSTRAINT [FK_ReceiptMain_UniformRegistry]
ALTER TABLE [ReceiptMain] DROP CONSTRAINT [FK_ReceiptMain_UserMain_CreatedBy]
ALTER TABLE [ReceiptMain] DROP CONSTRAINT [FK_ReceiptMain_UserMain_UpdatedBy]
ALTER TABLE [ReceiptMain] DROP CONSTRAINT [FK_Receipt_SystemEntity]
ALTER TABLE [RecurringDonationCommitment] DROP CONSTRAINT [FK_RecurringDonationCommitment_RecurringDonationFrequencyRef]
ALTER TABLE [RecurringDonationCommitment] DROP CONSTRAINT [FK_RecurringDonationCommitment_ContactMain]
ALTER TABLE [RecurringDonationCommitment] DROP CONSTRAINT [FK_RecurringDonationCommitment_UserMain_CreatedBy]
ALTER TABLE [RecurringDonationCommitment] DROP CONSTRAINT [FK_RecurringDonationCommitment_UserMain_UpdatedBy]
ALTER TABLE [RecurringDonationExpectedPayment] DROP CONSTRAINT [FK_RecurringDonationExpectedPayment_RecurringDonationExpectedPaymentStatusRef]
ALTER TABLE [RecurringDonationExpectedPayment] DROP CONSTRAINT [FK_RecurringDonationExpectedPayment_RecurringDonationExpectedPaymentSet]
ALTER TABLE [RecurringDonationExpectedPayment] DROP CONSTRAINT [FK_RecurringDonationExpectedPayment_OpportunityMain]
ALTER TABLE [RecurringDonationExpectedPayment] DROP CONSTRAINT [FK_RecurringDonationExpectedPayment_RecurringDonationCommitment]
ALTER TABLE [RecurringDonationExpectedPayment] DROP CONSTRAINT [FK_RecurringDonationExpectedPayment_UserMain_UpdatedBy]
ALTER TABLE [RecurringDonationExpectedPayment] DROP CONSTRAINT [FK_RecurringDonationExpectedPayment_UserMain_CreatedBy]
ALTER TABLE [RecurringDonationExpectedPaymentSet] DROP CONSTRAINT [FK_RecurringDonationExpectedPaymentSet_RecurringDonationExpectedPaymentSetStatusRef]
ALTER TABLE [RecurringDonationExpectedPaymentSet] DROP CONSTRAINT [FK_RecurringDonationExpectedPaymentSet_UserMain_UpdatedBy]
ALTER TABLE [RecurringDonationExpectedPaymentSet] DROP CONSTRAINT [FK_RecurringDonationExpectedPaymentSet_UserMain_CreatedBy]
ALTER TABLE [Ref_Table_Ref] DROP CONSTRAINT [FK_REF_TABL_REFERENCE_COMPONEN]
ALTER TABLE [RegistrationStatusChange] DROP CONSTRAINT [FK_RegistrationStatusChange_ContactMain_StatusChanged]
ALTER TABLE [RegistrationStatusChange] DROP CONSTRAINT [FK_RegistrationStatusChange_RegistrationStatusRef]
ALTER TABLE [RegistrationStatusChange] DROP CONSTRAINT [FK_RegistrationStatusChange_UserMain_UpdatedBy]
ALTER TABLE [RegistrationStatusChange] DROP CONSTRAINT [FK_RegistrationStatusChange_UserMain_CreatedBy]
ALTER TABLE [RegistrationStatusChange] DROP CONSTRAINT [FK_RegistrationStatusChange_CertificationProgramRegistration]
ALTER TABLE [RelationshipMain] DROP CONSTRAINT [FK_RelationshipMain_UniformRegistry_Subject]
ALTER TABLE [RelationshipMain] DROP CONSTRAINT [FK_RelationshipMain_UniformRegistry_Target]
ALTER TABLE [RelationshipMain] DROP CONSTRAINT [FK_Relationship_RelationshipTypeRef]
ALTER TABLE [RelationshipTypeCategory] DROP CONSTRAINT [FK_RelationshipTypeCategory_RelationshipCategoryRef]
ALTER TABLE [RelationshipTypeCategory] DROP CONSTRAINT [FK_RelationshipTypeCategory_RelationshipTypeRef]
ALTER TABLE [RelationshipTypeRef] DROP CONSTRAINT [FK_RelationshipTypeRef_RelationshipType_ReciprocalRef]
ALTER TABLE [RFMDefinition] DROP CONSTRAINT [FK_RFMDefinition_DocumentMain_User]
ALTER TABLE [RFMDefinition] DROP CONSTRAINT [FK_RFMDefinition_DocumentMain_Transaction]
ALTER TABLE [RFMMain] DROP CONSTRAINT [FK_RFMMain_ContactMain]
ALTER TABLE [RoleMain] DROP CONSTRAINT [FK_RoleMain_UserMain_UpdatedBy]
ALTER TABLE [RuleCriterion] DROP CONSTRAINT [FK_RuleCriterion_UserMain_UpdatedBy]
ALTER TABLE [RuleCriterion] DROP CONSTRAINT [FK_RuleCriterion_Rule]
ALTER TABLE [RuleFilter] DROP CONSTRAINT [FK_RuleFilter_RuleCriterion]
ALTER TABLE [RuleFilter] DROP CONSTRAINT [FK_RuleFilter_ComparisonRef]
ALTER TABLE [RuleFilter] DROP CONSTRAINT [FK_RuleFilter_UserMain_UpdatedBy]
ALTER TABLE [RuleMain] DROP CONSTRAINT [FK_RuleMain_UserMain_CreatedBy]
ALTER TABLE [RuleMain] DROP CONSTRAINT [FK_RuleMain_UserMain_UpdatedBy]
ALTER TABLE [RuleMain] DROP CONSTRAINT [FK_RuleMain_SystemEntity]
ALTER TABLE [RuleMain] DROP CONSTRAINT [FK_RuleMain_ComponentRegistry_RuleEvaluator]
ALTER TABLE [RuleMain] DROP CONSTRAINT [FK_RuleMain_ComponentRegistry_ObjectMapper]
ALTER TABLE [SalesHistory] DROP CONSTRAINT [FK_SalesHistory_UserMain_CreatedBy]
ALTER TABLE [SalesHistory] DROP CONSTRAINT [FK_SalesHistory_SalesHistory]
ALTER TABLE [SalesHistory] DROP CONSTRAINT [FK_SalesHistory_ResponseMediaRef]
ALTER TABLE [SalesHistory] DROP CONSTRAINT [FK_SalesHistory_InvoiceTypeRef]
ALTER TABLE [SalesHistory] DROP CONSTRAINT [FK_SalesHistory_GroupMain_SalesTeam]
ALTER TABLE [SalesHistory] DROP CONSTRAINT [FK_SalesHistory_AccessMain]
ALTER TABLE [SalesHistory] DROP CONSTRAINT [FK_SalesHistory_ContactMain_SoldTo]
ALTER TABLE [SalesHistory] DROP CONSTRAINT [FK_SalesHistory_ContactMain_BillTo]
ALTER TABLE [SalesHistory] DROP CONSTRAINT [FK_SalesHistory_ContactMain_ShipTo]
ALTER TABLE [SalesHistoryMemorialTribute] DROP CONSTRAINT [FK_SalesHistoryMemorialTribute_ContactMain]
ALTER TABLE [SalesHistoryMemorialTribute] DROP CONSTRAINT [FK_SalesHistoryMemorialTribute_SalesHistory]
ALTER TABLE [SalesHistorySoftCredit] DROP CONSTRAINT [FK_SalesHistorySoftCredit_SalesHistory]
ALTER TABLE [SalesHistorySoftCredit] DROP CONSTRAINT [FK_SalesHistorySoftCredit_ContactMain]
ALTER TABLE [SalutationRef] DROP CONSTRAINT [FK_SalutationRef_UniformRegistry]
ALTER TABLE [ScheduledTask] DROP CONSTRAINT [FK_ScheduledTask_UserMain_UpdatedBy]
ALTER TABLE [ScheduledTask] DROP CONSTRAINT [FK_ScheduledTask_UserMain_RunAs]
ALTER TABLE [ScheduledTask] DROP CONSTRAINT [FK_ScheduledTask_UserMain_CreatedBy]
ALTER TABLE [ScheduledTask] DROP CONSTRAINT [FK_ScheduledTask_ScheduledTaskService]
ALTER TABLE [ScheduledTaskHistory] DROP CONSTRAINT [FK_ScheduledTaskHistory_ScheduledTask]
ALTER TABLE [ScheduledTaskService] DROP CONSTRAINT [FK_ScheduledTaskService_ServiceStatusRef]
ALTER TABLE [ScoreComponent] DROP CONSTRAINT [FK_ScoreComponent_CreatedByUser]
ALTER TABLE [ScoreComponent] DROP CONSTRAINT [FK_ScoreComponent_FunctionId]
ALTER TABLE [ScoreComponent] DROP CONSTRAINT [FK_ScoreComponent_EngagementScore]
ALTER TABLE [ScoreComponent] DROP CONSTRAINT [FK_ScoreComponent_UpdatedByUser]
ALTER TABLE [SeasonalFullAddress] DROP CONSTRAINT [FK_SeasonalFullAddress_FullAddress_Replaces]
ALTER TABLE [SeasonalFullAddress] DROP CONSTRAINT [FK_SeasonalFullAddress_FullAddress]
ALTER TABLE [SegmentationJob] DROP CONSTRAINT [FK_SegmentationJob_AccessMain]
ALTER TABLE [SegmentationJob] DROP CONSTRAINT [FK_SegmentationJob_UniformRegistry]
ALTER TABLE [SegmentationJob] DROP CONSTRAINT [FK_SegmentationJob_SystemEntity]
ALTER TABLE [SegmentationJob] DROP CONSTRAINT [FK_SegmentationJob_UserMain_UpdatedBy]
ALTER TABLE [SegmentationJob] DROP CONSTRAINT [FK_SegmentationJob_UserMain_LastListCreatedBy]
ALTER TABLE [SegmentationJob] DROP CONSTRAINT [FK_SegmentationJob_UserMain_CreatedBy]
ALTER TABLE [SegmentDefinition] DROP CONSTRAINT [FK_SegmentDefinition_UserMain_UpdatedBy]
ALTER TABLE [SegmentDefinition] DROP CONSTRAINT [FK_SegmentDefinition_UserMain_CreatedBy]
ALTER TABLE [SegmentDefinition] DROP CONSTRAINT [FK_SegmentDefinition_UniformRegistry]
ALTER TABLE [SegmentDefinition] DROP CONSTRAINT [FK_SegmentDefinition_ListMain]
ALTER TABLE [SegmentDefinition] DROP CONSTRAINT [FK_SegmentDefinition_SegmentationJob]
ALTER TABLE [SequenceCounter] DROP CONSTRAINT [FK_SequenceCounter_SystemEntity]
ALTER TABLE [SequenceCounter] DROP CONSTRAINT [FK_SequenceCounter_OrganizationMain]
ALTER TABLE [SequenceCounter] DROP CONSTRAINT [FK_SequenceCounter_UserMain_CreatedBy]
ALTER TABLE [SequenceCounter] DROP CONSTRAINT [FK_SequenceCounter_UserMain_UpdatedBy]
ALTER TABLE [SoftCreditRelationshipType] DROP CONSTRAINT [FK_SoftCreditRelationshipType_UserMain_UpdatedBy]
ALTER TABLE [SolicitationMain] DROP CONSTRAINT [FK_SolicitationMain_UserMain_UpdatedBy]
ALTER TABLE [SolicitationMain] DROP CONSTRAINT [FK_SolicitationMain_UserMain_CreatedBy]
ALTER TABLE [SolicitationMain] DROP CONSTRAINT [FK_SolicitationMain_SolicitationStatusRef]
ALTER TABLE [SolicitationMain] DROP CONSTRAINT [FK_SolicitationMain_UniformRegistry]
ALTER TABLE [SolicitationMain] DROP CONSTRAINT [FK_SolicitationMain_AppealMain_AppealKey]
ALTER TABLE [SolicitationMain] DROP CONSTRAINT [FK_SolicitationMain_AccessMain]
ALTER TABLE [SolicitationSource] DROP CONSTRAINT [FK_SolicitationSource_UserMain_CreatedBy]
ALTER TABLE [SolicitationSource] DROP CONSTRAINT [FK_SolicitationSource_UserMain_UpdatedBy]
ALTER TABLE [SolicitationSource] DROP CONSTRAINT [FK_SolicitationSource_ComponentRegistry_Selector]
ALTER TABLE [SolicitationSource] DROP CONSTRAINT [FK_SolicitationSource_SourceCode]
ALTER TABLE [SortNameAdjustment] DROP CONSTRAINT [FK_SortNameAdjustment_SortNameAdjustmentActionRef]
ALTER TABLE [SourceCode] DROP CONSTRAINT [FK_SourceCode_UserMain_UpdatedBy]
ALTER TABLE [SourceCode] DROP CONSTRAINT [FK_SourceCode_SolicitationMain]
ALTER TABLE [SourceCode] DROP CONSTRAINT [FK_SourceCode_PackageMain]
ALTER TABLE [SourceCode] DROP CONSTRAINT [FK_SourceCode_AccessMain]
ALTER TABLE [SourceCode] DROP CONSTRAINT [FK_SourceCode_SourceCodeTypeRef]
ALTER TABLE [SourceCode] DROP CONSTRAINT [FK_SourceCode_SourceCodeStatusRef]
ALTER TABLE [SourceCode] DROP CONSTRAINT [FK_SourceCode_UniformRegistry]
ALTER TABLE [SourceCode] DROP CONSTRAINT [FK_SourceCode_UserMain_CreatedBy]
ALTER TABLE [StateProvinceRef] DROP CONSTRAINT [FK_StateProvinceRef_CountryRef]
ALTER TABLE [StateProvinceRef] DROP CONSTRAINT [FK_StateProvinceRef_GroupMain_Chapter]
ALTER TABLE [StateProvinceRef] DROP CONSTRAINT [FK_StateProvinceRef_UserMain_UpdatedBy]
ALTER TABLE [SupplementMain] DROP CONSTRAINT [FK_SupplementMain_SystemEntity]
ALTER TABLE [SupplementMain] DROP CONSTRAINT [FK_SupplementMain_UniformRegistry]
ALTER TABLE [SupplementMain] DROP CONSTRAINT [FK_SupplementMain_UserMain_CreatedBy]
ALTER TABLE [SupplementMain] DROP CONSTRAINT [FK_SupplementMain_UserMain_UpdatedBy]
ALTER TABLE [SupplementMain] DROP CONSTRAINT [FK_SupplementMain_SupplementTypeRef]
ALTER TABLE [SupplementMain] DROP CONSTRAINT [FK_SupplementMain_SupplementStatusRef]
ALTER TABLE [SupplementMain] DROP CONSTRAINT [FK_SupplementMain_AccessMain]
ALTER TABLE [SupplementMain] DROP CONSTRAINT [FK_SupplementMain_GroupMain]
ALTER TABLE [System_Variable] DROP CONSTRAINT [FK_SystemVariable_DataType]
ALTER TABLE [System_Variable] DROP CONSTRAINT [FK_SystemVariable_VariableType]
ALTER TABLE [SystemConfig] DROP CONSTRAINT [FK_SystemConfig_SystemEntity]
ALTER TABLE [SystemConfig] DROP CONSTRAINT [FK_SystemConfig_UserMain_CreatedBy]
ALTER TABLE [SystemConfig] DROP CONSTRAINT [FK_SystemConfig_UserMain_UpdatedBy]
ALTER TABLE [SystemConfig] DROP CONSTRAINT [FK_SystemConfig_OrganizationMain]
ALTER TABLE [SystemConfigPageParameterRef] DROP CONSTRAINT [FK_SystemConfigPageParameterRef_SystemConfigParameterRef]
ALTER TABLE [SystemConfigPageParameterRef] DROP CONSTRAINT [FK_SystemConfigPageParameterRef_SystemConfigPageRef]
ALTER TABLE [SystemConfigParameterRef] DROP CONSTRAINT [FK_SystemConfigParameterRef_SystemRef]
ALTER TABLE [SystemConfigParameterRef] DROP CONSTRAINT [FK_SystemConfigParameterRef_PropertyDefinition]
ALTER TABLE [SystemEntity] DROP CONSTRAINT [FK_SystemEntity_SystemRef]
ALTER TABLE [SystemEntity] DROP CONSTRAINT [FK_SystemEntity_UniformRegistry]
ALTER TABLE [SystemEntity] DROP CONSTRAINT [FK_SystemEntity_OrganizationMain]
ALTER TABLE [SystemEntity] DROP CONSTRAINT [FK_SystemEntity_AccessMain_ApplicationAccessKey]
ALTER TABLE [SystemEntity] DROP CONSTRAINT [FK_SystemEntity_AccessMain]
ALTER TABLE [SystemEntity] DROP CONSTRAINT [FK_SystemEntity_UserMain_CreatedBy]
ALTER TABLE [SystemEntity] DROP CONSTRAINT [FK_SystemEntity_UserMain_UpdatedBy]
ALTER TABLE [Tag] DROP CONSTRAINT [FK_Tag_AccessMain]
ALTER TABLE [Tag] DROP CONSTRAINT [FK_Tag_UserMain_UpdatedBy]
ALTER TABLE [Tag] DROP CONSTRAINT [FK_Tag_UserMain_CreatedBy]
ALTER TABLE [Tag] DROP CONSTRAINT [FK_Tag_AccessMain_Assign]
ALTER TABLE [Tag] DROP CONSTRAINT [FK_Tag_UniformRegistry]
ALTER TABLE [Tagged_Page_Component_Column] DROP CONSTRAINT [FK_TaggedPageComponentColumn_ComponentRef]
ALTER TABLE [Tagged_Page_Format_Ref] DROP CONSTRAINT [FK_TaggedPageFormatRef_TaggedPageFormatTypeRef]
ALTER TABLE [Tagged_Page_Interest_Category] DROP CONSTRAINT [FK_TaggedPageInterestCategory_Content]
ALTER TABLE [Tagged_Page_Interest_Category] DROP CONSTRAINT [FK_TaggedPageInterestCategory_InterestCategory]
ALTER TABLE [Tagged_Page_Layout] DROP CONSTRAINT [FK_TaggedPageLayout_TaggedPageFormatRef]
ALTER TABLE [Tagged_Page_Layout] DROP CONSTRAINT [FK_TaggedPageLayout_TaggedPageTitleRef]
ALTER TABLE [Tagged_Page_Portlet] DROP CONSTRAINT [FK_TaggedPagePortlet_TaggedPageSection]
ALTER TABLE [Tagged_Page_Portlet] DROP CONSTRAINT [FK_TaggedPagePortlet_TaggedPortlet]
ALTER TABLE [Tagged_Page_PortletIC] DROP CONSTRAINT [FK_TaggedPagePortletIC_TaggedPagePortlet]
ALTER TABLE [Tagged_Page_PortletIC] DROP CONSTRAINT [FK_TaggedPagePortletIC_InterestCategory]
ALTER TABLE [Tagged_Page_Section] DROP CONSTRAINT [FK_TaggedPageSection_TaggedPageLayout]
ALTER TABLE [Tagged_Page_Section] DROP CONSTRAINT [FK_TaggedPageSection_TaggedSection]
ALTER TABLE [Tagged_Portlet] DROP CONSTRAINT [FK_TaggedPortlet_TaggedTemplate]
ALTER TABLE [Tagged_Section] DROP CONSTRAINT [FK_TaggedSection_TaggedPageFormatRef]
ALTER TABLE [Tagged_Section_Template] DROP CONSTRAINT [FK_TaggedSectionTemplate_TaggedTemplate]
ALTER TABLE [Tagged_Section_Template] DROP CONSTRAINT [FK_TaggedSectionTemplate_TaggedSection]
ALTER TABLE [Tagged_Template] DROP CONSTRAINT [FK_TaggedTemplate_ComponentRef]
ALTER TABLE [Tagged_Template_Field] DROP CONSTRAINT [FK_TaggedTemplateField_TaggedTemplate]
ALTER TABLE [TagRelatedName] DROP CONSTRAINT [FK_TagRelatedName_Tag]
ALTER TABLE [TagRelatedName] DROP CONSTRAINT [FK_TagRelatedName_TagRelationshipTypeRef]
ALTER TABLE [TagRelationship] DROP CONSTRAINT [FK_TagRelationship_TagRelationshipTypeRef]
ALTER TABLE [TagRelationship] DROP CONSTRAINT [FK_TagRelationship_Tag_Target]
ALTER TABLE [TagRelationship] DROP CONSTRAINT [FK_TagRelationship_Tag_Subject]
ALTER TABLE [TaskDefinition] DROP CONSTRAINT [FK_TaskDefinition_UserMain_UpdatedBy]
ALTER TABLE [TaskDefinition] DROP CONSTRAINT [FK_TaskDefinition_UserMain_CreatedBy]
ALTER TABLE [TaskItem] DROP CONSTRAINT [FK_TaskItem_TaskItemStatusRef]
ALTER TABLE [TaskItem] DROP CONSTRAINT [FK_TaskItem_UniformRegistry]
ALTER TABLE [TaskItem] DROP CONSTRAINT [FK_TaskItem_AccessMain]
ALTER TABLE [TaskItem] DROP CONSTRAINT [FK_TaskItem_UserMain_UpdatedBy]
ALTER TABLE [TaskItem] DROP CONSTRAINT [FK_TaskItem_UserMain_CreatedBy]
ALTER TABLE [TaskItem] DROP CONSTRAINT [FK_TaskItem_UserMain_CompletedBy]
ALTER TABLE [TaskLog] DROP CONSTRAINT [FK_TaskLog_CreatedByUserKey]
ALTER TABLE [TaskLog] DROP CONSTRAINT [FK_TaskLog_TaskDefinition]
ALTER TABLE [TaskLog] DROP CONSTRAINT [FK_TaskLog_UpdatedByUserKey]
ALTER TABLE [TaskLogDetail] DROP CONSTRAINT [FK_TaskLogDetail_UpdatedByUserKey]
ALTER TABLE [TaskLogDetail] DROP CONSTRAINT [FK_TaskLogDetail_TaskLog]
ALTER TABLE [TaskLogDetail] DROP CONSTRAINT [FK_TaskLogDetail_CreatedByUserKey]
ALTER TABLE [TaskMain] DROP CONSTRAINT [FK_TaskMain_UserMain_CreatedBy]
ALTER TABLE [TaskMain] DROP CONSTRAINT [FK_TaskMain_UserMain_Assignee]
ALTER TABLE [TaskMain] DROP CONSTRAINT [FK_TaskMain_UserMain_CompletedBy]
ALTER TABLE [TaskMain] DROP CONSTRAINT [FK_TaskMain_UserMain_UpdatedBy]
ALTER TABLE [TaskMain] DROP CONSTRAINT [FK_TaskPriorityRef_TaskMain_PriorityCode]
ALTER TABLE [TaskMain] DROP CONSTRAINT [FK_TaskMain_TaskTypeRef]
ALTER TABLE [TaskMain] DROP CONSTRAINT [FK_TaskMain_UniformRegistry]
ALTER TABLE [TaskMain] DROP CONSTRAINT [FK_TaskMain_TaskStatusRef]
ALTER TABLE [TaskMain] DROP CONSTRAINT [FK_TaskMain_AccessMain]
ALTER TABLE [TaskMain] DROP CONSTRAINT [FK_TaskMain_GroupMain]
ALTER TABLE [TaskQueue] DROP CONSTRAINT [FK_TaskQueue_TaskQueueTypeRef]
ALTER TABLE [TaskQueuePublishDetail] DROP CONSTRAINT [FK_TaskQueuePublishDetail_TaskQueue]
ALTER TABLE [TaskQueueTriggerDetail] DROP CONSTRAINT [FK_TaskQueueTriggerDetail_TaskQueue]
ALTER TABLE [TaskQueueTriggerDetail] DROP CONSTRAINT [FK_TaskQueueTriggerDetail_TaskQueueChangeTypeRef]
ALTER TABLE [TaskQueueTriggerDetail] DROP CONSTRAINT [FK_TaskQueueTriggerDetail_TaskQueueStatusRef]
ALTER TABLE [TaxAuthorityCategory] DROP CONSTRAINT [FK_TaxAuthorityCategory_UserMain_CreatedBy]
ALTER TABLE [TaxAuthorityCategory] DROP CONSTRAINT [FK_TaxAuthorityCategory_UserMain_UpdatedBy]
ALTER TABLE [TaxAuthorityFinancialEntity] DROP CONSTRAINT [FK_TaxAuthorityFinancialEntity_UserMain_UpdatedBy]
ALTER TABLE [TaxAuthorityFinancialEntity] DROP CONSTRAINT [FK_TaxAuthorityFinancialEntity_UserMain_CreatedBy]
ALTER TABLE [TaxScheduleAuthority] DROP CONSTRAINT [FK_TaxScheduleAuthority_UserMain_CreatedBy]
ALTER TABLE [TaxScheduleAuthority] DROP CONSTRAINT [FK_TaxScheduleAuthority_UserMain_UpdatedBy]
ALTER TABLE [TimeZoneRef] DROP CONSTRAINT [FK_TimeZoneRef_UserMain_UpdatedBy]
ALTER TABLE [UniformDistribution] DROP CONSTRAINT [FK_UniformDistribution_UserMain]
ALTER TABLE [UniformLicense] DROP CONSTRAINT [FK_UniformLicense_License]
ALTER TABLE [UniformLink] DROP CONSTRAINT [FK_UniformLink_UniformRegistry_Target]
ALTER TABLE [UniformLink] DROP CONSTRAINT [FK_UniformLink_SystemEntity]
ALTER TABLE [UniformLink] DROP CONSTRAINT [FK_UniformLink_UniformRegistry_Subject]
ALTER TABLE [UniformRegistry] DROP CONSTRAINT [FK_UniformRegistry_ComponentRegistry]
ALTER TABLE [UniformTag] DROP CONSTRAINT [FK_UniformTag_UserMain_CreatedBy]
ALTER TABLE [UniformTag] DROP CONSTRAINT [FK_UniformTag_UniformRegistry]
ALTER TABLE [UniformTag] DROP CONSTRAINT [FK_UniformTag_Tag]
ALTER TABLE [UnofferedCustomerExperience] DROP CONSTRAINT [FK_UnofferedCustomerExperience_CustomerExperience]
ALTER TABLE [UnofferedCustomerExperience] DROP CONSTRAINT [FK_UnofferedCustomerExperience_UnOfferedCustomerExperienceGradeKey]
ALTER TABLE [URLMapping] DROP CONSTRAINT [FK_URLMapping_URLMappingTypeRef]
ALTER TABLE [UserDefinedCustomerExperience] DROP CONSTRAINT [FK_UserDefinedCustomerExperience_CustomerExperience]
ALTER TABLE [UserDefinedCustomerExperience] DROP CONSTRAINT [FK_UserDefinedCustomerExperience_Program]
ALTER TABLE [UserDefinedFieldRef] DROP CONSTRAINT [FK_UserDefinedField_Ref_SystemEntity]
ALTER TABLE [UserDefinedFieldRef] DROP CONSTRAINT [FK_UserDefinedFieldRef_PropertyDefinition]
ALTER TABLE [UserDefinedTableStorage] DROP CONSTRAINT [FK_UserDefinedTableStorage_ObjectMetaData]
ALTER TABLE [UserDefinedTableStorage] DROP CONSTRAINT [FK_UserDefinedTableStorage_UserMainCreatedBy]
ALTER TABLE [UserDefinedTableStorage] DROP CONSTRAINT [FK_UserDefinedTableStorage_UserMainUpdatedBy]
ALTER TABLE [UserMain] DROP CONSTRAINT [FK_UserMain_GroupMain]
ALTER TABLE [UserMain] DROP CONSTRAINT [FK_UserMain_Perspective]
ALTER TABLE [UserMain] DROP CONSTRAINT [FK_UserMain_ContactMain]
ALTER TABLE [UserMain] DROP CONSTRAINT [FK_UserMain_UserMain_UpdatedBy]
ALTER TABLE [UserMain] DROP CONSTRAINT [FK_UserMain_UserMain_CreatedBy]
ALTER TABLE [UserRole] DROP CONSTRAINT [FK_UserRole_UserMain]
ALTER TABLE [UserRole] DROP CONSTRAINT [FK_UserRole_RoleMain]
ALTER TABLE [UserToken] DROP CONSTRAINT [FK_UserToken_UserMain]
ALTER TABLE [VolunteerAvailability] DROP CONSTRAINT [FK_VolunteerAvailability_DayOfTheWeekRef]
ALTER TABLE [WarehouseCarrier] DROP CONSTRAINT [FK_WarehouseCarrier_UserMain_CreatedBy]
ALTER TABLE [Website] DROP CONSTRAINT [FK_Website_ScreenResolutionRef]
ALTER TABLE [Website_Content_Authority] DROP CONSTRAINT [FK_Website_Content_Authority_Content_Authority_Group]
ALTER TABLE [Website_Security_Group] DROP CONSTRAINT [FK_Website_Security_Group_Website]
ALTER TABLE [WorkflowInstance] DROP CONSTRAINT [FK_WorkflowInstance_UserMain_InitiatedBy]
ALTER TABLE [WorkflowInstance] DROP CONSTRAINT [FK_WorkflowInstance_UserMain_LockedBy]
ALTER TABLE [WorkflowQueue] DROP CONSTRAINT [FK_WorkflowQueue_UserMain_CreatedBy]
ALTER TABLE [WorkflowQueue] DROP CONSTRAINT [FK_WorkflowQueue_UserMain_UpdatedBy]
ALTER TABLE [WorkflowQueue] DROP CONSTRAINT [FK_WorkflowQueue_TaskItem]
ALTER TABLE [WorkflowQueue] DROP CONSTRAINT [FK_WorkflowQueue_AccessMain]
ALTER TABLE [WorkflowService] DROP CONSTRAINT [FK_WorkflowStatus_ServiceStatusRef]
ALTER TABLE [WorkflowServiceWorker] DROP CONSTRAINT [FK_WorkflowServiceWorker_WorkItemQueue]
ALTER TABLE [WorkflowServiceWorker] DROP CONSTRAINT [FK_WorkflowServiceWorker_WorkflowInstance]
ALTER TABLE [WorkflowServiceWorker] DROP CONSTRAINT [FK_WorkflowServiceWorker_WorkflowService]
ALTER TABLE [WorkInvoiceMain] DROP CONSTRAINT [FK_WorkInvoiceMain_ContactMain_BillTo]
ALTER TABLE [WorkInvoiceMain] DROP CONSTRAINT [FK_WorkInvoiceMain_ContactMain_SoldTo]
ALTER TABLE [WorkInvoiceMain] DROP CONSTRAINT [FK_WorkInvoiceMain_UniformRegistry]
ALTER TABLE [WorkInvoiceMain] DROP CONSTRAINT [FK_WorkInvoiceMain_SystemEntity]
ALTER TABLE [WorkInvoiceMain] DROP CONSTRAINT [FK_WorkInvoiceMain_GroupMain_Owner]
ALTER TABLE [WorkInvoiceMain] DROP CONSTRAINT [FK_WorkInvoiceMain_GroupMain_SalesTeam]
ALTER TABLE [WorkInvoiceMain] DROP CONSTRAINT [FK_WorkInvoiceMain_UserMain_UpdatedBy]
ALTER TABLE [WorkInvoiceMain] DROP CONSTRAINT [FK_WorkInvoiceMain_UserMain_CreatedBy]
ALTER TABLE [WorkInvoiceMain] DROP CONSTRAINT [FK_WorkInvoiceMain_AccessMain]
ALTER TABLE [WorkInvoiceMain] DROP CONSTRAINT [FK_WorkInvoiceMain_AccountingMethodRef]
ALTER TABLE [WorkItem] DROP CONSTRAINT [FK_WorkItem_DocumentMain_WorkflowDefinition]
ALTER TABLE [WorkItem] DROP CONSTRAINT [FK_WorkItem_DocumentMain_ProcessEngine]
ALTER TABLE [WorkItemQueue] DROP CONSTRAINT [FK_WorkItemQueue_WorkflowInstance]
ALTER TABLE [WorkOrderMain] DROP CONSTRAINT [FK_WorkOrderMain_GroupMain_Owner]
ALTER TABLE [WorkOrderMain] DROP CONSTRAINT [FK_WorkOrderMain_GroupMain]
ALTER TABLE [WorkOrderMain] DROP CONSTRAINT [FK_WorkOrderMain_OrderStateRef]
ALTER TABLE [WorkOrderMain] DROP CONSTRAINT [FK_WorkOrderMain_Locale]
ALTER TABLE [WorkOrderMain] DROP CONSTRAINT [FK_WorkOrderMain_ResponseMediaRef]
ALTER TABLE [WorkOrderMain] DROP CONSTRAINT [FK_WorkOrderMain_AccessMain]
ALTER TABLE [WorkOrderMain] DROP CONSTRAINT [FK_WorkOrderMain_ContactMain_SoldTo]
ALTER TABLE [WorkOrderMain] DROP CONSTRAINT [FK_WorkOrderMain_ContactMain_BillTo]
ALTER TABLE [WorkOrderMain] DROP CONSTRAINT [FK_WorkOrderMain_FullAddress_BillTo]
ALTER TABLE [WorkOrderMain] DROP CONSTRAINT [FK_WorkOrderMain_FullAddress_SoldTo]
ALTER TABLE [WorkOrderMain] DROP CONSTRAINT [FK_WorkOrderMain_SystemEntity]
ALTER TABLE [WorkOrderMain] DROP CONSTRAINT [FK_WorkOrderMain_UniformRegistry]
ALTER TABLE [WorkOrderMain] DROP CONSTRAINT [FK_WorkOrderMain_UserMain_CreatedBy]
ALTER TABLE [WorkOrderMain] DROP CONSTRAINT [FK_WorkOrderMain_UserMain_UpdatedBy]
