Table AsiGPSMeasureRef 

Starting copy...

18 rows copied.
Network packet size (bytes): 16192
Clock Time (ms.) Total     : 1      Average : (18000.00 rows per sec.)
---------------------------------------------------------------------- 
Table CommunicationLogEventTypeRef 

Starting copy...

11 rows copied.
Network packet size (bytes): 16192
Clock Time (ms.) Total     : 16     Average : (687.50 rows per sec.)
---------------------------------------------------------------------- 
Table CommunicationLogStatusRef 

Starting copy...

5 rows copied.
Network packet size (bytes): 16192
Clock Time (ms.) Total     : 16     Average : (312.50 rows per sec.)
---------------------------------------------------------------------- 
Table CommunicationMessageTypeRef 

Starting copy...

4 rows copied.
Network packet size (bytes): 16192
Clock Time (ms.) Total     : 16     Average : (250.00 rows per sec.)
---------------------------------------------------------------------- 
Table DataVaultAttemptStatusRef 

Starting copy...

6 rows copied.
Network packet size (bytes): 16192
Clock Time (ms.) Total     : 1      Average : (6000.00 rows per sec.)
---------------------------------------------------------------------- 
Table DataVaultStatusRef 

Starting copy...

7 rows copied.
Network packet size (bytes): 16192
Clock Time (ms.) Total     : 1      Average : (7000.00 rows per sec.)
---------------------------------------------------------------------- 
Table DayOfTheWeekRef 

Starting copy...

7 rows copied.
Network packet size (bytes): 16192
Clock Time (ms.) Total     : 15     Average : (466.67 rows per sec.)
---------------------------------------------------------------------- 
Table DocumentTypeRef 

Starting copy...

71 rows copied.
Network packet size (bytes): 16192
Clock Time (ms.) Total     : 47     Average : (1510.64 rows per sec.)
---------------------------------------------------------------------- 
Table FunctionRef 

Starting copy...

3 rows copied.
Network packet size (bytes): 16192
Clock Time (ms.) Total     : 1      Average : (3000.00 rows per sec.)
---------------------------------------------------------------------- 
Table GLExportFormatTypeRef 

Starting copy...

2 rows copied.
Network packet size (bytes): 16192
Clock Time (ms.) Total     : 1      Average : (2000.00 rows per sec.)
---------------------------------------------------------------------- 
Table GLExportSummaryLevelRef 

Starting copy...

4 rows copied.
Network packet size (bytes): 16192
Clock Time (ms.) Total     : 16     Average : (250.00 rows per sec.)
---------------------------------------------------------------------- 
Table GroupUpdateTermTypeRef 

Starting copy...

6 rows copied.
Network packet size (bytes): 16192
Clock Time (ms.) Total     : 16     Average : (375.00 rows per sec.)
---------------------------------------------------------------------- 
Table ImportBatchStatusRef 

Starting copy...

4 rows copied.
Network packet size (bytes): 16192
Clock Time (ms.) Total     : 16     Average : (250.00 rows per sec.)
---------------------------------------------------------------------- 
Table IntervalTypeRef 

Starting copy...

7 rows copied.
Network packet size (bytes): 16192
Clock Time (ms.) Total     : 15     Average : (466.67 rows per sec.)
---------------------------------------------------------------------- 
Table LocalizationApplication 

Starting copy...

2 rows copied.
Network packet size (bytes): 16192
Clock Time (ms.) Total     : 1      Average : (2000.00 rows per sec.)
---------------------------------------------------------------------- 
Table LocalizationLookup 

Starting copy...

5 rows copied.
Network packet size (bytes): 16192
Clock Time (ms.) Total     : 1      Average : (5000.00 rows per sec.)
---------------------------------------------------------------------- 
Table PartyMergeSchemaReference 

Starting copy...

179 rows copied.
Network packet size (bytes): 16192
Clock Time (ms.) Total     : 31     Average : (5774.19 rows per sec.)
---------------------------------------------------------------------- 
Table TaskCommonTableRef 

Starting copy...

6 rows copied.
Network packet size (bytes): 16192
Clock Time (ms.) Total     : 16     Average : (375.00 rows per sec.)
---------------------------------------------------------------------- 
Table TaskQueueChangeTypeRef 

Starting copy...

3 rows copied.
Network packet size (bytes): 16192
Clock Time (ms.) Total     : 16     Average : (187.50 rows per sec.)
---------------------------------------------------------------------- 
Table TaskQueueStatusRef 

Starting copy...

4 rows copied.
Network packet size (bytes): 16192
Clock Time (ms.) Total     : 1      Average : (4000.00 rows per sec.)
---------------------------------------------------------------------- 
Table TaskQueueTypeRef 

Starting copy...

2 rows copied.
Network packet size (bytes): 16192
Clock Time (ms.) Total     : 15     Average : (133.33 rows per sec.)
---------------------------------------------------------------------- 
Table ScheduleFrequencyRef 

Starting copy...

5 rows copied.
Network packet size (bytes): 16192
Clock Time (ms.) Total     : 16     Average : (312.50 rows per sec.)
---------------------------------------------------------------------- 
Table SystemTypeRef 

Starting copy...

2 rows copied.
Network packet size (bytes): 16192
Clock Time (ms.) Total     : 15     Average : (133.33 rows per sec.)
---------------------------------------------------------------------- 
Table URLMappingTypeRef 

Starting copy...

4 rows copied.
Network packet size (bytes): 16192
Clock Time (ms.) Total     : 16     Average : (250.00 rows per sec.)
---------------------------------------------------------------------- 
