
Starting copy...
1000 rows sent to SQL Server. Total sent: 1000
1000 rows sent to SQL Server. Total sent: 2000
1000 rows sent to SQL Server. Total sent: 3000
1000 rows sent to SQL Server. Total sent: 4000
1000 rows sent to SQL Server. Total sent: 5000
1000 rows sent to SQL Server. Total sent: 6000
1000 rows sent to SQL Server. Total sent: 7000
1000 rows sent to SQL Server. Total sent: 8000
1000 rows sent to SQL Server. Total sent: 9000
1000 rows sent to SQL Server. Total sent: 10000
1000 rows sent to SQL Server. Total sent: 11000
1000 rows sent to SQL Server. Total sent: 12000
1000 rows sent to SQL Server. Total sent: 13000
1000 rows sent to SQL Server. Total sent: 14000
1000 rows sent to SQL Server. Total sent: 15000
1000 rows sent to SQL Server. Total sent: 16000
1000 rows sent to SQL Server. Total sent: 17000
1000 rows sent to SQL Server. Total sent: 18000
1000 rows sent to SQL Server. Total sent: 19000
1000 rows sent to SQL Server. Total sent: 20000
1000 rows sent to SQL Server. Total sent: 21000
1000 rows sent to SQL Server. Total sent: 22000
1000 rows sent to SQL Server. Total sent: 23000
1000 rows sent to SQL Server. Total sent: 24000
1000 rows sent to SQL Server. Total sent: 25000
1000 rows sent to SQL Server. Total sent: 26000
1000 rows sent to SQL Server. Total sent: 27000
1000 rows sent to SQL Server. Total sent: 28000
1000 rows sent to SQL Server. Total sent: 29000
1000 rows sent to SQL Server. Total sent: 30000
1000 rows sent to SQL Server. Total sent: 31000

31008 rows copied.
Network packet size (bytes): 4096
Clock Time (ms.) Total     : 3360   Average : (9228.57 rows per sec.)
