Company_Index
--Refresh the underlying metadata of all views
DECLARE @viewName AS VARCHAR(255)

DECLARE listOfViews CURSOR FOR
    SELECT v.[TABLE_NAME] 
      FROM INFORMATION_SCHEMA.VIEWS v
           LEFT OUTER JOIN sys.sql_dependencies d ON v.[TABLE_NAME] = OBJECT_NAME(d.object_id)
     WHERE v.[TABLE_SCHEMA] = 'dbo' AND
           (d.[class_desc] IS NULL OR d.[class_desc] <> 'OBJECT_OR_COLUMN_REFERENCE_SCHEMA_BOUND')
     GROUP BY v.[TABLE_NAME]
     ORDER BY v.[TABLE_NAME]

OPEN listOfViews
FETCH NEXT FROM listOfViews into @viewName

    WHILE (@@FETCH_STATUS <> -1)
    BEGIN
        PRINT @viewName
        EXEC sp_refreshview @viewName
        FETCH NEXT FROM listOfViews INTO @viewName
    END

CLOSE listOfViews
DEALLOCATE listOfViews
Login
Login_Security_Group
Name_All
Security_Group
vActiveAutoPayDuesInstruction
vActiveAutoPayInstruction
vActiveTranslationCultures
vActivityReport
vAddressCorrespondenceReport
vAdvancedEmailNinetyDaysEvents
vAdvancedEmailTwelveMonthsDeliveredByDate
vAdvancedEmailTwelveMonthsTotals
vAutoPayExpectedDonations
vAutoPayInstructionDetail
vAutoPayInvoices
vAutoPayInvoicesDues
vAutoPayInvoicesFundraising
vAutoPayPaymentsDue
vBatch
vBillingLogByBillCycleData
vBillingLogByPartyData
vBoAccessArea
vBoAccessItem
vBoAccessMain
vBoActionPlan
vBoActivity
vBoAddress
vBoAddressCategoryPreferences
vBoAddressCategoryRef
vBoAddressFormatRef
vBoAddressPurposeContactType
vBoAddressPurposeRef
vBoAddressStatusRef
vBoAddressToUse
vBoAddressTypeRef
vBoAdvancedEmailNinetyDaysEvents
vBoAdvancedEmailTwelveMonthsDeliveredByDate
vBoAdvancedEmailTwelveMonthsTotals
vBoAppeal
vBoAppealParticipation
vBoAppealProduct
vBoAppealStatusRef
vBoAsiExampleTestObject
vBoAsiExampleTestObjectBranch
vBoAsyncStatusMonitor
vBoAtomPanelPurpose
vBoAutoPayAccount
vBoAutoPayInstruction
vBoAutoPayInstructionDetail
vBoAutoPayInvoices
vBoAutoPayInvoicesDues
vBoAutoPayInvoicesFundraising
vBoAutoPayMemberInstructionDetail
vBoAutoPayPaymentsDue
vBoBadAddressReasonRef
vBoBatchLineStatusRef
vBoBatchSummary
vBoBillingCycles
vBoBillingLogByParty
vBoCampaign
vBoCampaignParticipation
vBoCampaignStatusRef
vBoCampaignTypeRef
vBoCertificationModule
vBoCertificationModuleGrade
vBoCertificationModuleProduct
vBoCertificationModuleRegistration
vBoCertificationModuleStatus
vBoCertificationProgram
vBoCertificationProgramCertificationModule
vBoCertificationProgramProduct
vBoCertificationProgramRegistration
vBoCertificationProgramRegistrationCertificationModule
vBoCertificationProgramRegistrationWithStatus
vBoChangeLog
vBoChangeLogReport
vBoChangeProperty
vBoCheckCategoryRef
vBoCMNotificationsDue
vBoCommissionRateTypeRef
vBoCommittee
vBoCommunicationLogEventTypeRef
vBoCommunicationLogStatusRef
vBoCommunicationLogSummary
vBoCommunicationMessageTypeRef
vBoCommunicationReasonRef
vBoCompanyNaicSic
vBoComparisonRef
vBoComponentRegistry
vBoContact
vBoContactAddress
vBoContactBiography
vBoContactCommunicationReasonPreferences
vBoContactDetailReport
vBoContactDuplicateCheckFormula
vBoContactDuplicateCheckFormulaTypeRef
vBoContactEducation
vBoContactLog
vBoContactOffering
vBoContactOfferingRef
vBoContactPicture
vBoContactReport
vBoContactSalutation
vBoContactSkill
vBoContactSkillRef
vBoContactSocialNetwork
vBoContactStatusRef
vBoContactTypeRef
vBoContentChangeRequest
vBoContentFilter
vBoContentManagerAuthorityGroup
vBoContentUserDefinedFieldValue
vBoContentWorkflow
vBoCostMethodRef
vBoCostTier
vBoCountryRef
vBoCreditTypeRef
vBoCsActivity
vBoCsActivityBasic
vBoCsActivityTypes
vBoCsAddress
vBoCsAddressFormats
vBoCsAppeal
vBoCsAsiNrdsAssociation
vBoCsAsiNrdsMember
vBoCsAsiNrdsMemberDemographic
vBoCsAsiNrdsMemberDesignation
vBoCsAsiNrdsMemberEducation
vBoCsAsiNrdsMemberFinancial
vBoCsAsiNrdsMemberSupplemental
vBoCsAsiNrdsOffice
vBoCsAsiNrdsOfficeSupplemental
vBoCsCalls
vBoCsCampaign
vBoCsCommittee
vBoCsCommitteeCode
vBoCsCommitteeMember
vBoCsCommitteeMemberGroup
vBoCsCommitteePosition
vBoCsContact
vBoCsContactBasic
vBoCsContactRelatedCompany
vBoCsCountryNames
vBoCsDonations
vBoCsDonationsDetail
vBoCsDonorData
vBoCsDuesHistory
vBoCsEvent
vBoCsEventHistory
vBoCsExchangeRate
vBoCsFreightDollar
vBoCsFreightQuantity
vBoCsFunction
vBoCsFunctionFees
vBoCsGeneralLookupTables
vBoCsGenTablesUnion
vBoCsInventory
vBoCsInvoice
vBoCsIsoCurrencyCodes
vBoCsLetters
vBoCsMatchingPlans
vBoCsMemberType
vBoCsName_Demo
vBoCsName_FR
vBoCsName_Indexes
vBoCsName_Lookup
vBoCsName_Staff
vBoCsName_TabTest
vBoCsNameFin
vBoCsNameLog
vBoCsNameNote
vBoCsNameUser
vBoCsNotificationList
vBoCsOrderHistory
vBoCsOrderLines
vBoCsOrders
vBoCsOrderType
vBoCsOrg_Control
vBoCsPledges
vBoCsProduct
vBoCsProductCategory
vBoCsProductLocation
vBoCsProductType
vBoCsRegFunctions
vBoCsRegistrantClasses
vBoCsRegistration
vBoCsRelationship
vBoCsRelationshipTypes
vBoCsSalesHistory
vBoCsSalutations
vBoCsSolicitorData
vBoCsStaffUser
vBoCsStateProvinceCodes
vBoCsSubscriptions
vBoCsSubscriptionsChapters
vBoCsSystemParams
vBoCsTaxCategory
vBoCsTerms
vBoCsTransNotify
vBoCsTransSoftCredit
vBoCsWebSecurityGroup
vBoCsWebUser
vBoCultivatingFor
vBoCultivationActivity
vBoCultureRef
vBoCustomerExperience
vBoCustomerExperienceStatus
vBoCustomerExperienceStatusChange
vBoCustomerExperienceView
vBoDataType
vBoDataVaultAttemptStatusRef
vBoDataVaultAttemptSummary
vBoDataVaultBatchSummary
vBoDataVaultLog
vBoDataVaultLogAttempt
vBoDataVaultLogDetail
vBoDataVaultStatusRef
vBoDayOfTheWeekRef
vBoDeploymentPackageRef
vBoDiscountableItem
vBoDiscountableItemClass
vBoDocument
vBoDocumentHierarchy
vBoDocumentStorage
vBoDocumentType
vBoDonation
vBoDonorClubParticipationDetail
vBoDynamicGroup
vBoEducationInProgress
vBoEducationLevelRef
vBoEngagementCategory
vBoEngagementMeasure
vBoEngagementScoreCurrentData
vBoEngagementScoreFormula
vBoEngagementScoreMonthlyData
vBoEngagementScoreResult
vBoEngagementScoreYearlyData
vBoEventRegistrantsReport
vBoExecutionModeRef
vBoExperienceCountSummary
vBoExperienceDefinition
vBoExperienceDefinitionStatus
vBoExperienceRoster
vBoExperienceUnit
vBoExpiredMemberUpdateDetailLog
vBoFileTypeRef
vBoFinancialEntityDueTo
vBoFirstNotifyContactPerGift
vBoFirstPaymentDateTypeRef
vBoFormDefinitionFieldData
vBoFormFieldResponseData
vBoFullAddress
vBoFullAddressAllReport
vBoFullAddressPrimaryReport
vBoFundraisingPreferenceRef
vBoFundraisingProfileDonorData
vBoGatewayResultRef
vBoGatewayTransactionRef
vBoGatewayTypeRef
vBoGift
vBoGiftAidClaim
vBoGiftAidClaimDetail
vBoGiftAidClaimHeader
vBoGiftAidDeclaration
vBoGiftArray
vBoGiftHistory
vBoGiftHistorySummary
vBoGiftsReceived
vBoGiftSummary
vBoGLBatchTransactionData
vBoGLDailyTransactionData
vBoGLDetailDueToDueFromTransactionData
vBoGLDetailTransactionData
vBoGLDueToDueFromTransactionData
vBoGLEntryTypeRef
vBoGLExportFormatTypeRef
vBoGLExportSummaryLevelRef
vBoGLMonthlyTransactionData
vBoGLSourceItemTypeRef
vBoGLTransactionData
vBoGrade
vBoGroup
vBoGroupInfo
vBoGroupInstanceRole
vBoGroupLinkReport
vBoGroupMember
vBoGroupMemberDetail
vBoGroupMemberOptions
vBoGroupMemberStatusRef
vBoGroupPerspective
vBoGroupPriceSheet
vBoGroupReport
vBoGroupRoleRef
vBoGroupStatusRef
vBoGroupTypeMemberStatus
vBoGroupTypeRef
vBoGroupTypeRole
vBoGroupUpdateInstruction
vBoHandlingPriceRef
vBoHierarchy
vBoHierarchyRoot
vBoHINonPhysicalContactAddress
vBoIndividual
vBoInstitute
vBoInteractionLog
vBoInteractionLogEvent
vBoInteractionLogEventSummary
vBoIntervalTypeRef
vBoInvoiceSummary
vBoInvoiceTypeRef
vBoJournalEntryTypeRef
vBoLicenseMain
vBoLicenseMaster
vBoLicenseOrganization
vBoLicenseOrganizationVersion
vBoLicenseRef
vBoLicenseUser
vBoLinePricingRef
vBoListElement
vBoListEntity
vBoLocaleRef
vBoLocation
vBoLocationStatus
vBoMailCodeRef
vBoMatchingGiftPlanTypeRef
vBoMatchingModeRef
vBoMatchingPeriodRef
vBoMemorialTributeNotificationMember
vBoMemorialTributeTypeRef
vBoMethodSetTypeRef
vBoNavigationHierarchy
vBoNavigationHierarchyCM
vBoNavigationPane
vBoNavigationWorkflow
vBoNetContact
vBoNetContactBasic
vBoNote
vBoNotePurposeRef
vBoNrdsLog
vBoOfferedCustomerExperience
vBoOffering
vBoOfferingStatus
vBoOppDonorContact
vBoOppMemberContact
vBoOpportunity
vBoOpportunityClassRef
vBoOpportunityCompetitor
vBoOpportunityDefaultStatusRef
vBoOpportunityDonor
vBoOpportunityHistory
vBoOpportunityMember
vBoOpportunityReport
vBoOpportunitySales
vBoOpportunitySalesReport
vBoOpportunityStatusRef
vBoOpportunityTaskUser
vBoOpportunityType
vBoOppSalesContact
vBoOrderCategory
vBoOrderFulfillmentStatusRef
vBoOrderStateRef
vBoOrganization
vBoPackage
vBoPackageItem
vBoPackageStatusRef
vBoParticipantRoster
vBoPartyDuplicateData
vBoPaymentApplicationRestrictionRef
vBoPaymentDetailStatusRef
vBoPaymentMethodSet
vBoPercentileRanking
vBoPerspective
vBoPhysicalAddress
vBoPicture
vBoPicturePurposeRef
vBoPipeline
vBoPipelineStage
vBoPostalCodeRef
vBoPrefixRef
vBoPriceBasisRef
vBoPriceSheet
vBoPricingTypeRef
vBoProcessTypeDefaultOwnerAllUsers
vBoProductPriceSheet
vBoProductStatusRef
vBoProfile_Page
vBoProfileDocuments
vBoProgram
vBoProgramGroup
vBoProgramGroupStatus
vBoProgramStatus
vBoPromotion
vBoPromotionRuleRef
vBoPropertyDefinition
vBoProspect
vBoPublishMessageLog
vBoPublishPriority
vBoPublishRequest
vBoPublishRequestDetail
vBoPublishRequestStatus
vBoPublishServer
vBoQualityRef
vBoReceiptReport
vBoRecurringDonationCommitment
vBoRecurringDonationExpectedPayment
vBoRecurringDonationExpectedPaymentSet
vBoRecurringDonationExpectedPaymentSetList
vBoRecurringDonationExpectedPaymentSetStatus
vBoRecurringDonationExpectedPaymentStatus
vBoRecurringDonationFrequencyRef
vBoRecurringDonationMatchStatus
vBoRecurringDonationPaymentAttemptsExceeded
vBoReferenceDate
vBoRegisteredComponent
vBoRegistrationStatus
vBoRegistrationStatusChange
vBoRegistrationStatusChangeGrouped
vBoRelationship
vBoRelationshipCategory
vBoRelationshipTypeCategory
vBoRelationshipTypeRef
vBoReportIndexReport
vBoResponseMediaRef
vBoResponseTypeRef
vBoRestockPriceRef
vBoRFMAnalysis
vBoRole
vBoRoundingMultipleRef
vBoRule
vBoRuleCriterion
vBoRuleFilter
vBoSalesHistory
vBoSalesLocationStatusRef
vBoSalutationRef
vBoScheduledTask
vBoScheduledTaskHistory
vBoScheduledTaskService
vBoScheduleFrequencyRef
vBoSeasonalFullAddress
vBoSegmentationDef
vBoSegmentationJob
vBoSegmentationJobStatusRef
vBoSegmentdefinition
vBoSequenceCounter
vBoShipPriceRef
vBoSoaGroup
vBoSoaGroupMember
vBoSoaGroupMemberDetail
vBoSocialNetworkLinks
vBoSocialNetworkRef
vBoSoftCreditRelationshipType
vBoSolicitation
vBoSolicitationStatusRef
vBoSolicitors
vBoSourceCode
vBoSourceCodeStatusRef
vBoSourceCodeTypeRef
vBoSourceList
vBoStandardPage
vBoStateProvinceRef
vBoStoreFeaturedProducts
vBoSuffixRef
vBoSupplement
vBoSupplementStatusRef
vBoSupplementTypeRef
vBoSystemConfigParameterValue
vBoSystemConfigXml
vBoSystemEntity
vBoSystemParam
vBoSystemParamInt
vBoTag
vBoTagHierarchy
vBoTagRelatedName
vBoTagRelationship
vBoTagRelationshipType
vBoTask
vBoTaskItem
vBoTaskItemStatusRef
vBoTaskNotifyCreatorRef
vBoTaskPriority
vBoTaskStatus
vBoTaskType
vBoTaxAuthorityCategory
vBoTaxAuthorityFinancialEntity
vBoTaxAuthorityLevelRef
vBoTaxScheduleAuthority
vBoTimeZoneRef
vBoTransactionDetail
vBoTransactionSummary
vBoUniformLink
vBoUniformRegistry
vBoUniformTag
vBoUnofferedCustomerExperience
vBoURLMapping
vBoURLMappingTypeRef
vBoUser
vBoUserData
vBoUserDefinedCustomerExperience
vBoUserDefinedField
vBoUserRole
vBoUserToken
vBoVerticalAlignmentRef
vBoVolunteerAvailability
vBoVolunteerHistory
vBoVolunteerInformation
vBoVolunteersInterests
vBoVolunteerSkills
vBoWarehouseStatusRef
vBoWarehouseTypeRef
vBoWebUserControlRef
vBoWorkflowInstanceReport
vBoWorkflowProcess
vBoWorkflowQueueItem
vBoWorkflowQueueItemWithStatus
vBoWorkflowQueueStatusRef
vBoWorkflowServiceReport
vBoWorkflowServiceWorkerReport
vBoWorkflowStatusRef
vBoWorkItem
vBoWorkItemQueueReport
vCampaignMgmtReport
vCashGifts
vCashGiftTotals
vCertificationProgramRegistrationWithStatus
vChangeLogReport
vCommunicationLogEventSummary
vCommunicationLogSummary
vCompanyRosterFromChildID
vCompanyRosterFromParentID
vContactAddressCategoryPreferencesReport
vContactDetailReport
vContactRelatedCompany
vContactReport
vContent_TemplatePath
vControlTypeProperty
vCsCommittee
vCsCommitteeMember
vCsOrderLines
vCsRegFunctions
vCsRegistration
vCurrent_Content
vCurrentAutoPayDuesInstruction
vCustomerExperiences
vDataVaultAttemptSummary
vDataVaultBatchSummary
vDistributionReport
vDonation
vDonations
vDonationsDetail
vDonationsDistribution
vDonorRelationship
vEngagementMeasure
vEngagementScoreCurrentData
vEngagementScoreMonthlyData
vEngagementScoreResult
vEngagementScoreYearlyData
vEventAvailability
vEventFunctionRegistrants
vEventInvoiceFromOrdersData
vEventInvoiceLineFromOrdersData
vEventRegistrantsReport
vExperienceCountSummary
vExperienceRoster
vFirstGift
vFirstNotifyContactPerGift
vFormDefinitionFieldData
vFormFieldResponseData
vFRDonation
vFRDonationTemp
vFRParticipantTeamCaptain
vFullAddressAllReport
vFullAddressPrimaryReport
vGatewayAccounts
vGenTablesUnion
vGetCMNotificationsDueData
vGift
vGiftAidClaim
vGiftArray
vGiftHistory
vGiftHistoryBase
vGiftHistorySummary
vGifts
vGiftsReceived
vGiftsReceivedBase
vGiftSummary
vGLBatchTransactionData
vGLDailyTransactionData
vGLDetailDueToDueFromTransactionData
vGLDetailTransactionData
vGLDueToDueFromTransactionData
vGLMonthlyTransactionData
vGLTransactionData
vGreatestGift
vGroupLinkReport
vGroupMemberSubscription
vGroupReport
vInKindGifts
vLastGift
vLegacySecurityRole
vLegacySecurityRoleRef
vMatching
vMeetDonation
vMeetDonationSumm
vModuleOfferedCustomerExperience
vNameProspectUnion
vNetContact
vNetContactBasic
vNextRenewal
vOfferedCustomerExperience
vOnlineEventRegAnswers
vOppDonorContact
vOppMemberContact
vOpportunityReport
vOpportunitySalesReport
vOpportunityTaskUser
vOppSalesContact
vOrderDetail_VAT_Analysis
vOrg_Control
vParticipantRoster
vPartyDuplicateData
vPartyDuplicateMatches
vPartyRenewalBillingInformation
vPayments
vPercentileRanking
vPhrasesTranslated
vPledge
vPledgeBalances
vPledgeData
vPledges
vPledgeSummary
vProcessTaskAssignee
vProcessTypeDefaultOwnerAllUsers
vProduct
vProductGroupPriceSheet
vProductPriceSheet
vQueryResults_int
vQueryResults_uniqueidentifier
vQueryResults_varchar10
vQueryResults_varchar30
vReceiptReport
vRecurringDonationExpectedPaymentSetList
vRecurringDonationPaymentAttemptsExceeded
vRecycle_Bin
vRegistrationStatusChangeGrouped
vRelationship
vReportIndexReport
vSecurityRead
vSoaBillToParty
vSoaChangeLog
vSoaCommunicationLogRecipientSummary
vSoaContexts
vSoaEmailAddresses
vSoaEvent
vSoaEventCategory
vSoaEventFunction
vSoaEventSummary
vSoaFinancialEntity
vSoaGeneralReference
vSoaGLAccount
vSoaGroupClassSummary
vSoaGroupMemberDetail
vSoaGroupMemberDetailOrganization
vSoaGroupMemberDetailSubscription
vSoaGroupMemberSummary
vSoaGroupMemberSummaryDynamic
vSoaGroupMemberSummaryOrganization
vSoaGroupSummary
vSoaGroupSummaryDynamic
vSoaGroupUpdateInstruction
vSoaInvoiceLine
vSoaInvoiceLineAR
vSoaInvoiceLineCash
vSoaInvoiceLineRegular
vSoaInvoiceSummary
vSoaInvoiceSummaryInvoice
vSoaItem
vSoaItemAdditionalCharges
vSoaItemClass
vSoaItemMembershipGstIncKit
vSoaItemProductPrice
vSoaLegacyEventFunctionAttendance
vSoaMembershipSetting
vSoaPartyCommercePreferences
vSoaPartyEventAvailability
vSoaPartyEventRegistrantInfo
vSoaPartyEventRegistrantInfoBase
vSoaPartyItemPrice
vSoaPartyReference
vSoaPartySummary
vSoaPaymentMethod
vSoaPaymentTerms
vSoaUserCommercePreferences
vSoaUserReference
vSoaUserRole
vSoftCredit
vSpecificDonations
vStoreFeaturedProducts
vSystemConfigInt
vSystemConfigParameterDefinition
vTransactionDetail
vTransactionSummary
vUDBOCsName_Staff
vUDBOCultivatingFor
vUDBOEducationInProgress
vUDBOProfile_Page
vUDBOProfileDocuments
vUDBOSocialNetworkLinks
vUDBOVolunteersInterests
vUDMBOCultivationActivity
vUnofferedCustomerExperience
vUserData
vUserDefinedCustomerExperience
vUserDefinedDynamicBusinessObjectSources
vw_aspnet_Applications
vw_aspnet_MembershipUsers
vw_aspnet_Profiles
vw_aspnet_Users
vw_aspnet_WebPartState_Paths
vw_aspnet_WebPartState_Shared
vw_aspnet_WebPartState_User
vWorkflowInstanceReport
vWorkflowQueueWithStatus
vWorkflowServiceWorkerReport
vWorking_Content
vWorkItemQueueReport
