-- Add UniformRegistry entries for DocumentMain
INSERT INTO UniformRegistry (UniformKey, ComponentKey) 
SELECT DocumentKey, (SELECT ComponentKey FROM ComponentRegistry WHERE Name = N'Document' AND InterfaceName = N'BusinessController') 
FROM DocumentMain WHERE DocumentKey NOT IN (SELECT UniformKey from UniformRegistry)
(1 row affected)

-- Add UniformRegistry entries for DocumentVersion
INSERT INTO UniformRegistry (UniformKey, ComponentKey) 
SELECT DISTINCT(DocumentVersionKey), (SELECT ComponentKey FROM ComponentRegistry WHERE Name = N'DocumentVersion' AND InterfaceName = N'BusinessController') 
FROM DocumentMain WHERE DocumentVersionKey NOT IN (SELECT UniformKey from UniformRegistry)
(0 rows affected)

-- Update any existing createdBy and updatedBy keys for table DocumentMain 
SET NOCOUNT ON 
DECLARE @managerId uniqueidentifier 
DECLARE @sql nvarchar(1000) 
SELECT @managerId = UserKey from UserMain where UserId = N'MANAGER' 
IF EXISTS ( SELECT * FROM INFORMATION_SCHEMA.COLUMNS WHERE COLUMN_NAME = N'CreatedByUserKey' AND TABLE_NAME = N'DocumentMain' ) 
BEGIN 
    SET @sql = N'UPDATE t1 SET CreatedByUserKey = @managerKey FROM [DocumentMain] t1 LEFT OUTER JOIN [UserMain] t2 ON t1.CreatedByUserKey = t2.UserKey WHERE t2.UserKey IS NULL' 
    EXEC sp_executesql @sql, N'@managerKey uniqueidentifier', @managerKey = @managerId 
END 
IF EXISTS ( SELECT * FROM INFORMATION_SCHEMA.COLUMNS WHERE COLUMN_NAME = 'UpdatedByUserKey' AND TABLE_NAME = 'DocumentMain' )  
BEGIN 
    SET @sql = N'UPDATE t1 SET UpdatedByUserKey = @managerKey FROM [DocumentMain] t1 LEFT OUTER JOIN [UserMain] t2 ON t1.UpdatedByUserKey = t2.UserKey WHERE t2.UserKey IS NULL' 
    EXEC sp_executesql @sql, N'@managerKey uniqueidentifier', @managerKey = @managerId  
END 
IF EXISTS ( SELECT * FROM INFORMATION_SCHEMA.COLUMNS WHERE COLUMN_NAME = 'StatusUpdatedByUserKey' AND TABLE_NAME = 'DocumentMain' )  
BEGIN 
    SET @sql = N'UPDATE t1 SET StatusUpdatedByUserKey = @managerKey FROM [DocumentMain] t1 LEFT OUTER JOIN [UserMain] t2 ON t1.StatusUpdatedByUserKey = t2.UserKey WHERE t2.UserKey IS NULL' 
    EXEC sp_executesql @sql, N'@managerKey uniqueidentifier', @managerKey = @managerId  
END 

-- Update any existing createdBy and updatedBy keys for root hierarchies
DECLARE @userKey uniqueidentifier
DECLARE @sql nvarchar(1000) 
SELECT @userKey = UserKey FROM UserMain WHERE UserId = 'SYSTEM'
IF @userKey IS NULL SELECT @userKey = UserKey FROM UserMain WHERE UserId = 'MANAGER'
IF EXISTS ( SELECT * FROM INFORMATION_SCHEMA.COLUMNS WHERE COLUMN_NAME = 'CreatedByUserKey' AND TABLE_NAME = 'HierarchyRoot' )  
BEGIN 
    SET @sql = N'UPDATE t1 SET CreatedByUserKey = @managerKey FROM [HierarchyRoot] t1 LEFT OUTER JOIN [UserMain] t2 ON t1.CreatedByUserKey = t2.UserKey WHERE t2.UserKey IS NULL' 
    EXEC sp_executesql @sql, N'@managerKey uniqueidentifier', @managerKey = @userKey  
END 
IF EXISTS ( SELECT * FROM INFORMATION_SCHEMA.COLUMNS WHERE COLUMN_NAME = 'UpdatedByUserKey' AND TABLE_NAME = 'HierarchyRoot' )  
BEGIN 
    SET @sql = N'UPDATE t1 SET UpdatedByUserKey = @managerKey FROM [HierarchyRoot] t1 LEFT OUTER JOIN [UserMain] t2 ON t1.UpdatedByUserKey = t2.UserKey WHERE t2.UserKey IS NULL' 
    EXEC sp_executesql @sql, N'@managerKey uniqueidentifier', @managerKey = @userKey  
END 

-- Update any existing createdBy and updatedBy keys for the DocumentStorage table
SET NOCOUNT ON 
DECLARE @managerKey uniqueidentifier 
DECLARE @sql nvarchar(1000) 
SELECT @managerKey = UserKey from UserMain where UserId = N'MANAGER' 
IF EXISTS ( SELECT * FROM INFORMATION_SCHEMA.COLUMNS WHERE COLUMN_NAME = N'CreatedByUserKey' AND TABLE_NAME = N'DocumentStorage' ) 
BEGIN 
    SET @sql = N'UPDATE t1 SET CreatedByUserKey = @managerKey FROM [DocumentStorage] t1 LEFT OUTER JOIN [UserMain] t2 ON t1.CreatedByUserKey = t2.UserKey WHERE t2.UserKey IS NULL' 
    EXEC sp_executesql @sql, N'@managerKey uniqueidentifier', @managerKey = @managerKey 
END 
IF EXISTS ( SELECT * FROM INFORMATION_SCHEMA.COLUMNS WHERE COLUMN_NAME = 'UpdatedByUserKey' AND TABLE_NAME = 'DocumentStorage' )  
BEGIN 
    SET @sql = N'UPDATE t1 SET UpdatedByUserKey = @managerKey FROM [DocumentStorage] t1 LEFT OUTER JOIN [UserMain] t2 ON t1.UpdatedByUserKey = t2.UserKey WHERE t2.UserKey IS NULL' 
    EXEC sp_executesql @sql, N'@managerKey uniqueidentifier', @managerKey = @managerKey  
END 

-- Handle Access Keys that aren't present in the local database by logging them and converting them to "Everyone Read"
SELECT CAST(N'WARNING: Access Key not found for document (' + CAST(d.DocumentVersionKey AS nvarchar(40)) + N'):'
       + dbo.asi_PublishedDocumentPath(d.DocumentVersionKey) AS nvarchar(256))
  FROM [dbo].[DocumentMain] d 
       LEFT OUTER JOIN [dbo].[AccessMain] am ON d.[AccessKey] = am.[AccessKey]
 WHERE d.[DocumentStatusCode] = 40 AND am.[AccessKey] IS NULL
 ORDER BY dbo.asi_PublishedDocumentPath(d.DocumentVersionKey)
IF (@@ROWCOUNT <> 0)
BEGIN
    SELECT N'WARNING: The Above Documents have had their access reset to ''Everyone Read'''
END

UPDATE d
   SET d.AccessKey = '00000000-0000-0000-0000-000000000E02'
  FROM [dbo].[DocumentMain] d 
       LEFT OUTER JOIN [dbo].[AccessMain] am ON d.[AccessKey] = am.[AccessKey]
 WHERE am.[AccessKey] IS NULL


-- Clean up any orphaned Hierarchy Keys
WHILE (1=1)
BEGIN
    DELETE a 
      FROM [dbo].[Hierarchy] a LEFT OUTER JOIN [dbo].[Hierarchy] b ON a.ParentHierarchyKey = b.HierarchyKey
     WHERE a.[ParentHierarchyKey] IS NOT NULL 
       AND b.[HierarchyKey] IS NULL
    IF @@ROWCOUNT = 0 BREAK
END

-- Clean up orphaned Related Document keys
UPDATE d
   SET d.RelatedDocumentVersionKey = NULL
  FROM DocumentMain d
 WHERE d.RelatedDocumentVersionKey NOT IN (SELECT DocumentVersionKey FROM DocumentMain)

-- Clean out some unneeded cruft from UserToken 
DELETE t
  FROM UserToken t
       INNER JOIN UserMain u ON t.UserKey = u.UserKey
 WHERE u.IsDisabled = 1 OR (u.ExpirationDate IS NOT NULL AND u.ExpirationDate < GETDATE())

-- Handle any custom security issues
SET NOCOUNT ON
IF EXISTS (SELECT 1 FROM [dbo].[DocumentMain] d 
                  LEFT OUTER JOIN [dbo].[AccessMain] a ON d.[AccessKey] = a.[AccessKey]
                  INNER JOIN [dbo].[Hierarchy] h ON h.[UniformKey] = d.[DocumentVersionKey]
                  INNER JOIN [dbo].[HierarchyRoot] hr ON h.[RootHierarchyKey] = hr.[RootHierarchyKey]
            WHERE d.DocumentStatusCode = 40 AND a.[AccessKey] IS NULL)
BEGIN
    PRINT 'The following documents have had their Access Security set to "Everybody Read"'
    SELECT CAST(hr.[HierarchyRootDescription] AS nvarchar(25)) AS [Root], 
           CAST(dbo.asi_PublishedDocumentPath(d.[DocumentVersionKey]) AS nvarchar(100)) AS [DocumentPath], 
           d.[DocumentTypeCode] AS [DocumentType], d.[DocumentKey]
      FROM [dbo].[DocumentMain] d 
           LEFT OUTER JOIN [dbo].[AccessMain] a ON d.[AccessKey] = a.[AccessKey]
           INNER JOIN [dbo].[Hierarchy] h ON h.[UniformKey] = d.[DocumentVersionKey]
           INNER JOIN [dbo].[HierarchyRoot] hr ON h.[RootHierarchyKey] = hr.[RootHierarchyKey]
     WHERE d.DocumentStatusCode = 40 AND a.[AccessKey] IS NULL
    UPDATE d
       SET d.[AccessKey] = '00000000-0000-0000-0000-000000000E02'
      FROM [dbo].[DocumentMain] d 
           LEFT OUTER JOIN [dbo].[AccessMain] a ON d.[AccessKey] = a.[AccessKey]
           INNER JOIN [dbo].[Hierarchy] h ON h.[UniformKey] = d.[DocumentVersionKey]
           INNER JOIN [dbo].[HierarchyRoot] hr ON h.[RootHierarchyKey] = hr.[RootHierarchyKey]
     WHERE d.DocumentStatusCode = 40 AND a.[AccessKey] IS NULL
END
SET NOCOUNT OFF

-- Ensure there aren't any issues with FK Constraints for documents being deleted
DELETE FROM [dbo].[PublishRequestDetail]
WHERE [ContentDocumentKey] NOT IN (SELECT [DocumentKey] FROM [dbo].[DocumentMain])
(0 rows affected)

-- Restore FK Constraints
IF NOT EXISTS (SELECT 1 FROM INFORMATION_SCHEMA.CONSTRAINT_TABLE_USAGE WHERE TABLE_NAME = N'DocumentMain' AND CONSTRAINT_NAME = N'FK_DocumentMain_AccessMain')
    ALTER TABLE [DocumentMain] WITH CHECK ADD CONSTRAINT [FK_DocumentMain_AccessMain]
    FOREIGN KEY (AccessKey) REFERENCES [AccessMain] (AccessKey)
ALTER TABLE [DocumentMain] CHECK CONSTRAINT [FK_DocumentMain_AccessMain]

IF NOT EXISTS (SELECT 1 FROM INFORMATION_SCHEMA.CONSTRAINT_TABLE_USAGE WHERE TABLE_NAME = N'DocumentMain' AND CONSTRAINT_NAME = N'FK_DocumentMain_AccessMain_DefaultChild')
    ALTER TABLE [DocumentMain] WITH CHECK ADD CONSTRAINT [FK_DocumentMain_AccessMain_DefaultChild]
    FOREIGN KEY (DefaultChildAccessKey) REFERENCES [AccessMain] (AccessKey)
ALTER TABLE [DocumentMain] CHECK CONSTRAINT [FK_DocumentMain_AccessMain_DefaultChild]

IF NOT EXISTS (SELECT 1 FROM INFORMATION_SCHEMA.CONSTRAINT_TABLE_USAGE WHERE TABLE_NAME = N'DocumentMain' AND CONSTRAINT_NAME = N'FK_DocumentMain_DocumentStatusRef')
    ALTER TABLE [DocumentMain] WITH CHECK ADD CONSTRAINT [FK_DocumentMain_DocumentStatusRef]
    FOREIGN KEY (DocumentStatusCode) REFERENCES [DocumentStatusRef] (DocumentStatusCode)
ALTER TABLE [DocumentMain] CHECK CONSTRAINT [FK_DocumentMain_DocumentStatusRef]

IF NOT EXISTS (SELECT 1 FROM INFORMATION_SCHEMA.CONSTRAINT_TABLE_USAGE WHERE TABLE_NAME = N'DocumentMain' AND CONSTRAINT_NAME = N'FK_DocumentMain_DocumentTypeRef')
    ALTER TABLE [DocumentMain] WITH CHECK ADD CONSTRAINT [FK_DocumentMain_DocumentTypeRef]
    FOREIGN KEY (DocumentTypeCode) REFERENCES [DocumentTypeRef] (DocumentTypeCode)
ALTER TABLE [DocumentMain] CHECK CONSTRAINT [FK_DocumentMain_DocumentTypeRef]

IF NOT EXISTS (SELECT 1 FROM INFORMATION_SCHEMA.CONSTRAINT_TABLE_USAGE WHERE TABLE_NAME = N'DocumentMain' AND CONSTRAINT_NAME = N'FK_DocumentMain_UniformRegistry')
    ALTER TABLE [DocumentMain] WITH CHECK ADD CONSTRAINT [FK_DocumentMain_UniformRegistry]
    FOREIGN KEY (DocumentKey) REFERENCES [UniformRegistry] (UniformKey)
ALTER TABLE [DocumentMain] CHECK CONSTRAINT [FK_DocumentMain_UniformRegistry]

IF NOT EXISTS (SELECT 1 FROM INFORMATION_SCHEMA.CONSTRAINT_TABLE_USAGE WHERE TABLE_NAME = N'DocumentMain' AND CONSTRAINT_NAME = N'FK_DocumentMain_UniformRegistry_DocumentVersionKey')
    ALTER TABLE [DocumentMain] WITH CHECK ADD CONSTRAINT [FK_DocumentMain_UniformRegistry_DocumentVersionKey]
    FOREIGN KEY (DocumentVersionKey) REFERENCES [UniformRegistry] (UniformKey)
ALTER TABLE [DocumentMain] CHECK CONSTRAINT [FK_DocumentMain_UniformRegistry_DocumentVersionKey]

IF NOT EXISTS (SELECT 1 FROM INFORMATION_SCHEMA.CONSTRAINT_TABLE_USAGE WHERE TABLE_NAME = N'DocumentMain' AND CONSTRAINT_NAME = N'FK_DocumentMain_UserMain_CreatedBy')
    ALTER TABLE [DocumentMain] WITH CHECK ADD CONSTRAINT [FK_DocumentMain_UserMain_CreatedBy]
    FOREIGN KEY (CreatedByUserKey) REFERENCES [UserMain] (UserKey)
ALTER TABLE [DocumentMain] CHECK CONSTRAINT [FK_DocumentMain_UserMain_CreatedBy]

IF NOT EXISTS (SELECT 1 FROM INFORMATION_SCHEMA.CONSTRAINT_TABLE_USAGE WHERE TABLE_NAME = N'DocumentMain' AND CONSTRAINT_NAME = N'FK_DocumentMain_UserMain_LockedBy')
    ALTER TABLE [DocumentMain] WITH CHECK ADD CONSTRAINT [FK_DocumentMain_UserMain_LockedBy]
    FOREIGN KEY (LockedByUserKey) REFERENCES [UserMain] (UserKey)
ALTER TABLE [DocumentMain] CHECK CONSTRAINT [FK_DocumentMain_UserMain_LockedBy]

IF NOT EXISTS (SELECT 1 FROM INFORMATION_SCHEMA.CONSTRAINT_TABLE_USAGE WHERE TABLE_NAME = N'DocumentMain' AND CONSTRAINT_NAME = N'FK_DocumentMain_UserMain_StatusUpdatedBy')
    ALTER TABLE [DocumentMain] WITH CHECK ADD CONSTRAINT [FK_DocumentMain_UserMain_StatusUpdatedBy]
    FOREIGN KEY (StatusUpdatedByUserKey) REFERENCES [UserMain] (UserKey)
ALTER TABLE [DocumentMain] CHECK CONSTRAINT [FK_DocumentMain_UserMain_StatusUpdatedBy]

IF NOT EXISTS (SELECT 1 FROM INFORMATION_SCHEMA.CONSTRAINT_TABLE_USAGE WHERE TABLE_NAME = N'DocumentMain' AND CONSTRAINT_NAME = N'FK_DocumentMain_UserMain_UpdatedBy')
    ALTER TABLE [DocumentMain] WITH CHECK ADD CONSTRAINT [FK_DocumentMain_UserMain_UpdatedBy]
    FOREIGN KEY (UpdatedByUserKey) REFERENCES [UserMain] (UserKey)
ALTER TABLE [DocumentMain] CHECK CONSTRAINT [FK_DocumentMain_UserMain_UpdatedBy]

IF NOT EXISTS (SELECT 1 FROM INFORMATION_SCHEMA.CONSTRAINT_TABLE_USAGE WHERE TABLE_NAME = N'Hierarchy' AND CONSTRAINT_NAME = N'FK_Hierarchy_Hierarchy_Ancestor')
    ALTER TABLE [Hierarchy] WITH CHECK ADD CONSTRAINT [FK_Hierarchy_Hierarchy_Ancestor]
    FOREIGN KEY (RootHierarchyKey) REFERENCES [Hierarchy] (HierarchyKey)
ALTER TABLE [Hierarchy] CHECK CONSTRAINT [FK_Hierarchy_Hierarchy_Ancestor]

IF NOT EXISTS (SELECT 1 FROM INFORMATION_SCHEMA.CONSTRAINT_TABLE_USAGE WHERE TABLE_NAME = N'Hierarchy' AND CONSTRAINT_NAME = N'FK_Hierarchy_Hierarchy_Parent')
    ALTER TABLE [Hierarchy] WITH CHECK ADD CONSTRAINT [FK_Hierarchy_Hierarchy_Parent]
    FOREIGN KEY (ParentHierarchyKey) REFERENCES [Hierarchy] (HierarchyKey)
ALTER TABLE [Hierarchy] CHECK CONSTRAINT [FK_Hierarchy_Hierarchy_Parent]

IF NOT EXISTS (SELECT 1 FROM INFORMATION_SCHEMA.CONSTRAINT_TABLE_USAGE WHERE TABLE_NAME = N'Hierarchy' AND CONSTRAINT_NAME = N'FK_Hierarchy_UniformTypeRef')
    ALTER TABLE [Hierarchy] WITH CHECK ADD CONSTRAINT [FK_Hierarchy_UniformTypeRef]
    FOREIGN KEY (UniformType) REFERENCES [UniformTypeRef] (UniformType)
ALTER TABLE [Hierarchy] CHECK CONSTRAINT [FK_Hierarchy_UniformTypeRef]

IF NOT EXISTS (SELECT 1 FROM INFORMATION_SCHEMA.CONSTRAINT_TABLE_USAGE WHERE [TABLE_NAME] = N'HierarchyRoot' AND [CONSTRAINT_NAME] = N'FK_HierarchyRoot_AccessMain')
    ALTER TABLE [dbo].[HierarchyRoot] WITH CHECK ADD CONSTRAINT [FK_HierarchyRoot_AccessMain]
    FOREIGN KEY (AccessKey) REFERENCES [AccessMain] (AccessKey)
ALTER TABLE [dbo].[HierarchyRoot] CHECK CONSTRAINT [FK_HierarchyRoot_AccessMain]

IF NOT EXISTS (SELECT 1 FROM INFORMATION_SCHEMA.CONSTRAINT_TABLE_USAGE WHERE [TABLE_NAME] = N'HierarchyRoot' AND [CONSTRAINT_NAME] = N'FK_HierarchyRoot_Hierarchy')
    ALTER TABLE [dbo].[HierarchyRoot] WITH CHECK ADD CONSTRAINT [FK_HierarchyRoot_Hierarchy]
    FOREIGN KEY (RootHierarchyKey) REFERENCES [Hierarchy] (HierarchyKey)
ALTER TABLE [dbo].[HierarchyRoot] CHECK CONSTRAINT [FK_HierarchyRoot_Hierarchy]

IF NOT EXISTS (SELECT 1 FROM INFORMATION_SCHEMA.CONSTRAINT_TABLE_USAGE WHERE [TABLE_NAME] = N'HierarchyRoot' AND [CONSTRAINT_NAME] = N'FK_HierarchyRoot_Organization')
    ALTER TABLE [dbo].[HierarchyRoot] WITH CHECK ADD CONSTRAINT [FK_HierarchyRoot_Organization]
    FOREIGN KEY (OrganizationKey) REFERENCES [OrganizationMain] (OrganizationKey)
ALTER TABLE [dbo].[HierarchyRoot] CHECK CONSTRAINT [FK_HierarchyRoot_Organization]

IF NOT EXISTS (SELECT 1 FROM INFORMATION_SCHEMA.CONSTRAINT_TABLE_USAGE WHERE [TABLE_NAME] = N'HierarchyRoot' AND [CONSTRAINT_NAME] = N'FK_HierarchyRoot_UserMain_CreatedBy')
    ALTER TABLE [dbo].[HierarchyRoot]  WITH CHECK ADD CONSTRAINT [FK_HierarchyRoot_UserMain_CreatedBy] 
    FOREIGN KEY([CreatedByUserKey]) REFERENCES [dbo].[UserMain] ([UserKey])

ALTER TABLE [dbo].[HierarchyRoot] CHECK CONSTRAINT [FK_HierarchyRoot_UserMain_CreatedBy]

IF NOT EXISTS (SELECT 1 FROM INFORMATION_SCHEMA.CONSTRAINT_TABLE_USAGE WHERE [TABLE_NAME] = N'HierarchyRoot' AND [CONSTRAINT_NAME] = N'FK_HierarchyRoot_UserMain_UpdatedBy')
    ALTER TABLE [dbo].[HierarchyRoot]  WITH CHECK ADD CONSTRAINT [FK_HierarchyRoot_UserMain_UpdatedBy] 
    FOREIGN KEY([UpdatedByUserKey]) REFERENCES [dbo].[UserMain] ([UserKey])

ALTER TABLE [dbo].[HierarchyRoot] CHECK CONSTRAINT [FK_HierarchyRoot_UserMain_UpdatedBy]

IF NOT EXISTS (SELECT 1 FROM INFORMATION_SCHEMA.CONSTRAINT_TABLE_USAGE WHERE [TABLE_NAME] = N'PublishRequestDetail' AND [CONSTRAINT_NAME] = N'FK_PublishRequestDetail_ContentDocumentKey')
    ALTER TABLE [dbo].[PublishRequestDetail] WITH CHECK ADD CONSTRAINT [FK_PublishRequestDetail_ContentDocumentKey]
    FOREIGN KEY([ContentDocumentKey]) REFERENCES [dbo].[DocumentMain] ([DocumentKey])
ALTER TABLE [dbo].[PublishRequestDetail] CHECK CONSTRAINT [FK_PublishRequestDetail_ContentDocumentKey]

IF NOT EXISTS (SELECT 1 FROM INFORMATION_SCHEMA.CONSTRAINT_TABLE_USAGE WHERE [TABLE_NAME] = N'Perspective' AND [CONSTRAINT_NAME] = N'FK_Perspective_Hierarchy')
    ALTER TABLE [dbo].[Perspective]  WITH CHECK ADD  CONSTRAINT [FK_Perspective_Hierarchy] 
    FOREIGN KEY([RootHierarchyKey]) REFERENCES [dbo].[Hierarchy] ([HierarchyKey])
ALTER TABLE [dbo].[Perspective] CHECK CONSTRAINT [FK_Perspective_Hierarchy]

IF NOT EXISTS (SELECT 1 FROM INFORMATION_SCHEMA.CONSTRAINT_TABLE_USAGE WHERE [TABLE_NAME] = N'Perspective' AND [CONSTRAINT_NAME] = N'FK_Perspective_Hierarchy_HomePage')
    ALTER TABLE [dbo].[Perspective]  WITH CHECK ADD  CONSTRAINT [FK_Perspective_Hierarchy_HomePage] 
    FOREIGN KEY([HomePageHierarchyKey]) REFERENCES [dbo].[Hierarchy] ([HierarchyKey])
ALTER TABLE [dbo].[Perspective] CHECK CONSTRAINT [FK_Perspective_Hierarchy_HomePage]

IF NOT EXISTS (SELECT 1 FROM INFORMATION_SCHEMA.CONSTRAINT_TABLE_USAGE WHERE [TABLE_NAME] = N'Perspective' AND [CONSTRAINT_NAME] = N'FK_Perspective_HierarchyRoot')
    ALTER TABLE [dbo].[Perspective]  WITH CHECK ADD  CONSTRAINT [FK_Perspective_HierarchyRoot] 
    FOREIGN KEY([RootHierarchyKey]) REFERENCES [dbo].[HierarchyRoot] ([RootHierarchyKey])
ALTER TABLE [dbo].[Perspective] CHECK CONSTRAINT [FK_Perspective_HierarchyRoot]

IF NOT EXISTS (SELECT 1 FROM INFORMATION_SCHEMA.CONSTRAINT_TABLE_USAGE WHERE TABLE_NAME = N'DocumentStorage' AND CONSTRAINT_NAME = N'FK_DocumentStorage_UserMain_CreatedBy')
    ALTER TABLE [DocumentStorage] WITH CHECK ADD CONSTRAINT [FK_DocumentStorage_UserMain_CreatedBy]
    FOREIGN KEY (CreatedByUserKey) REFERENCES [UserMain] (UserKey)
ALTER TABLE [DocumentStorage] CHECK CONSTRAINT [FK_DocumentStorage_UserMain_CreatedBy]

IF NOT EXISTS (SELECT 1 FROM INFORMATION_SCHEMA.CONSTRAINT_TABLE_USAGE WHERE TABLE_NAME = N'DocumentStorage' AND CONSTRAINT_NAME = N'FK_DocumentStorage_UserMain_UpdatedBy')
    ALTER TABLE [DocumentStorage] WITH CHECK ADD CONSTRAINT [FK_DocumentStorage_UserMain_UpdatedBy]
    FOREIGN KEY (UpdatedByUserKey) REFERENCES [UserMain] (UserKey)
ALTER TABLE [DocumentStorage] CHECK CONSTRAINT [FK_DocumentStorage_UserMain_UpdatedBy]

IF NOT EXISTS (SELECT 1 FROM INFORMATION_SCHEMA.CONSTRAINT_TABLE_USAGE WHERE TABLE_NAME = N'OrgControlImages' AND CONSTRAINT_NAME = N'FK_OrgControlImages_DocumentStorageKey')
    ALTER TABLE [OrgControlImages] WITH CHECK ADD CONSTRAINT [FK_OrgControlImages_DocumentStorageKey]
    FOREIGN KEY([DocumentStorageKey]) REFERENCES  [dbo].[DocumentStorage] ([DocumentStorageKey])
ALTER TABLE [OrgControlImages] CHECK CONSTRAINT [FK_OrgControlImages_DocumentStorageKey]

