TRUNCATE TABLE AsiGPSMeasureRef
TRUNCATE TABLE CommunicationLogEventTypeRef
TRUNCATE TABLE CommunicationLogStatusRef
TRUNCATE TABLE CommunicationMessageTypeRef
TRUNCATE TABLE DataVaultAttemptStatusRef
TRUNCATE TABLE DataVaultStatusRef
TRUNCATE TABLE DayOfTheWeekRef
TRUNCATE TABLE DocumentTypeRef
TRUNCATE TABLE FunctionRef
TRUNCATE TABLE GLExportFormatTypeRef
TRUNCATE TABLE GLExportSummaryLevelRef
TRUNCATE TABLE GroupUpdateTermTypeRef
TRUNCATE TABLE ImportBatchStatusRef
TRUNCATE TABLE IntervalTypeRef
TRUNCATE TABLE LocalizationApplication
TRUNCATE TABLE LocalizationLookup
TRUNCATE TABLE PartyMergeSchemaReference
TRUNCATE TABLE TaskCommonTableRef
TRUNCATE TABLE TaskQueueChangeTypeRef
TRUNCATE TABLE TaskQueueStatusRef
TRUNCATE TABLE TaskQueueTypeRef
TRUNCATE TABLE ScheduleFrequencyRef
TRUNCATE TABLE SystemTypeRef
TRUNCATE TABLE URLMappingTypeRef
