Loading .\AsiTableData\0006_DBUpgrade\UpdatedVersionedDocumentHierarchy_0.dat 

Starting copy...

100 rows copied.
Network packet size (bytes): 4096
Clock Time (ms.) Total     : 47     Average : (2127.66 rows per sec.)
Loading .\AsiTableData\0006_DBUpgrade\UpdatedVersionedDocumentHierarchy_1.dat 

Starting copy...

100 rows copied.
Network packet size (bytes): 4096
Clock Time (ms.) Total     : 47     Average : (2127.66 rows per sec.)
Loading .\AsiTableData\0006_DBUpgrade\UpdatedVersionedDocumentHierarchy_2.dat 

Starting copy...

100 rows copied.
Network packet size (bytes): 4096
Clock Time (ms.) Total     : 31     Average : (3225.81 rows per sec.)
Loading .\AsiTableData\0006_DBUpgrade\UpdatedVersionedDocumentHierarchy_3.dat 

Starting copy...

72 rows copied.
Network packet size (bytes): 4096
Clock Time (ms.) Total     : 47     Average : (1531.91 rows per sec.)
